2022-07-08 21:17:17 - train: epoch 0100, iter [02300, 05004], lr: 0.000100, loss: 1.1294
2022-07-08 21:17:50 - train: epoch 0100, iter [02400, 05004], lr: 0.000100, loss: 1.0925
2022-07-08 21:18:23 - train: epoch 0100, iter [02500, 05004], lr: 0.000100, loss: 1.1095
2022-07-08 21:18:56 - train: epoch 0100, iter [02600, 05004], lr: 0.000100, loss: 1.1704
2022-07-08 21:19:29 - train: epoch 0100, iter [02700, 05004], lr: 0.000100, loss: 1.0064
2022-07-08 21:20:02 - train: epoch 0100, iter [02800, 05004], lr: 0.000100, loss: 1.1439
2022-07-08 21:20:36 - train: epoch 0100, iter [02900, 05004], lr: 0.000100, loss: 1.2119
2022-07-08 21:21:08 - train: epoch 0100, iter [03000, 05004], lr: 0.000100, loss: 1.0575
2022-07-08 21:21:42 - train: epoch 0100, iter [03100, 05004], lr: 0.000100, loss: 1.0409
2022-07-08 21:22:15 - train: epoch 0100, iter [03200, 05004], lr: 0.000100, loss: 1.1639
2022-07-08 21:22:48 - train: epoch 0100, iter [03300, 05004], lr: 0.000100, loss: 1.2340
2022-07-08 21:23:21 - train: epoch 0100, iter [03400, 05004], lr: 0.000100, loss: 1.2726
2022-07-08 21:23:54 - train: epoch 0100, iter [03500, 05004], lr: 0.000100, loss: 0.9009
2022-07-08 21:24:28 - train: epoch 0100, iter [03600, 05004], lr: 0.000100, loss: 1.1023
2022-07-08 21:25:00 - train: epoch 0100, iter [03700, 05004], lr: 0.000100, loss: 1.0689
2022-07-08 21:25:34 - train: epoch 0100, iter [03800, 05004], lr: 0.000100, loss: 1.1087
2022-07-08 21:26:08 - train: epoch 0100, iter [03900, 05004], lr: 0.000100, loss: 1.0587
2022-07-08 21:26:42 - train: epoch 0100, iter [04000, 05004], lr: 0.000100, loss: 1.0120
2022-07-08 21:27:14 - train: epoch 0100, iter [04100, 05004], lr: 0.000100, loss: 1.2437
2022-07-08 21:27:47 - train: epoch 0100, iter [04200, 05004], lr: 0.000100, loss: 1.1112
2022-07-08 21:28:22 - train: epoch 0100, iter [04300, 05004], lr: 0.000100, loss: 1.1280
2022-07-08 21:28:55 - train: epoch 0100, iter [04400, 05004], lr: 0.000100, loss: 1.2096
2022-07-08 21:29:28 - train: epoch 0100, iter [04500, 05004], lr: 0.000100, loss: 1.0492
2022-07-08 21:30:01 - train: epoch 0100, iter [04600, 05004], lr: 0.000100, loss: 1.0218
2022-07-08 21:30:34 - train: epoch 0100, iter [04700, 05004], lr: 0.000100, loss: 1.1906
2022-07-08 21:31:07 - train: epoch 0100, iter [04800, 05004], lr: 0.000100, loss: 0.8982
2022-07-08 21:31:41 - train: epoch 0100, iter [04900, 05004], lr: 0.000100, loss: 1.0545
2022-07-08 21:32:12 - train: epoch 0100, iter [05000, 05004], lr: 0.000100, loss: 1.1992
2022-07-08 21:32:13 - train: epoch 100, train_loss: 1.1062
2022-07-08 21:33:26 - eval: epoch: 100, acc1: 72.902%, acc5: 90.956%, test_loss: 1.0936, per_image_load_time: 2.538ms, per_image_inference_time: 0.267ms
2022-07-08 21:33:26 - until epoch: 100, best_acc1: 72.902%
2022-07-08 21:33:26 - train done. model: resnet50half, train time: 48.269 hours, best_acc1: 72.902%
