2022-07-26 00:00:40 - train: epoch 0005, iter [02300, 03664], lr: 0.000100, total_loss: 0.4457, cls_loss: 0.2525, reg_loss: 0.1932, 
2022-07-26 00:01:21 - train: epoch 0005, iter [02400, 03664], lr: 0.000100, total_loss: 0.4680, cls_loss: 0.2657, reg_loss: 0.2024, 
2022-07-26 00:02:04 - train: epoch 0005, iter [02500, 03664], lr: 0.000100, total_loss: 0.4261, cls_loss: 0.2560, reg_loss: 0.1701, 
2022-07-26 00:02:46 - train: epoch 0005, iter [02600, 03664], lr: 0.000100, total_loss: 0.5084, cls_loss: 0.2950, reg_loss: 0.2135, 
2022-07-26 00:03:27 - train: epoch 0005, iter [02700, 03664], lr: 0.000100, total_loss: 0.4400, cls_loss: 0.2663, reg_loss: 0.1736, 
2022-07-26 00:04:09 - train: epoch 0005, iter [02800, 03664], lr: 0.000100, total_loss: 0.4087, cls_loss: 0.2309, reg_loss: 0.1778, 
2022-07-26 00:04:51 - train: epoch 0005, iter [02900, 03664], lr: 0.000100, total_loss: 0.4946, cls_loss: 0.2911, reg_loss: 0.2035, 
2022-07-26 00:05:32 - train: epoch 0005, iter [03000, 03664], lr: 0.000100, total_loss: 0.4904, cls_loss: 0.2905, reg_loss: 0.1999, 
2022-07-26 00:06:15 - train: epoch 0005, iter [03100, 03664], lr: 0.000100, total_loss: 0.4415, cls_loss: 0.2424, reg_loss: 0.1991, 
2022-07-26 00:06:57 - train: epoch 0005, iter [03200, 03664], lr: 0.000100, total_loss: 0.4159, cls_loss: 0.2399, reg_loss: 0.1761, 
2022-07-26 00:07:37 - train: epoch 0005, iter [03300, 03664], lr: 0.000100, total_loss: 0.4575, cls_loss: 0.2620, reg_loss: 0.1955, 
2022-07-26 00:08:20 - train: epoch 0005, iter [03400, 03664], lr: 0.000100, total_loss: 0.4161, cls_loss: 0.2269, reg_loss: 0.1891, 
2022-07-26 00:09:01 - train: epoch 0005, iter [03500, 03664], lr: 0.000100, total_loss: 0.4713, cls_loss: 0.2818, reg_loss: 0.1895, 
2022-07-26 00:09:43 - train: epoch 0005, iter [03600, 03664], lr: 0.000100, total_loss: 0.4362, cls_loss: 0.2521, reg_loss: 0.1841, 
2022-07-26 00:10:10 - train: epoch 005, train_loss: 0.4543
2022-07-26 00:14:12 - eval: epoch: 005
test_loss: 0.0000
per_image_load_time: 2.031ms
per_image_inference_time: 39.761ms
IoU=0.50:0.95,area=all,maxDets=100,mAP: 26.641577092036368
IoU=0.50,area=all,maxDets=100,mAP: 41.34437222327003
IoU=0.75,area=all,maxDets=100,mAP: 28.255840875146415
IoU=0.50:0.95,area=small,maxDets=100,mAP: 10.050407978899713
IoU=0.50:0.95,area=medium,maxDets=100,mAP: 30.234309203041803
IoU=0.50:0.95,area=large,maxDets=100,mAP: 40.963069718088654
IoU=0.50:0.95,area=all,maxDets=1,mAR: 23.605317153626775
IoU=0.50:0.95,area=all,maxDets=10,mAR: 35.32016155345802
IoU=0.50:0.95,area=all,maxDets=100,mAR: 36.699738119699816
IoU=0.50:0.95,area=small,maxDets=100,mAR: 12.499680719721468
IoU=0.50:0.95,area=medium,maxDets=100,mAR: 42.63993912000558
IoU=0.50:0.95,area=large,maxDets=100,mAR: 54.74616342623443

2022-07-26 00:14:13 - until epoch: 005, best_metric: 26.642%
2022-07-26 00:14:13 - epoch 006 lr: 0.000100
2022-07-26 00:15:09 - train: epoch 0006, iter [00100, 03664], lr: 0.000100, total_loss: 0.4490, cls_loss: 0.2491, reg_loss: 0.1999, 
2022-07-26 00:15:51 - train: epoch 0006, iter [00200, 03664], lr: 0.000100, total_loss: 0.4212, cls_loss: 0.2478, reg_loss: 0.1734, 
2022-07-26 00:16:32 - train: epoch 0006, iter [00300, 03664], lr: 0.000100, total_loss: 0.4438, cls_loss: 0.2594, reg_loss: 0.1844, 
2022-07-26 00:17:12 - train: epoch 0006, iter [00400, 03664], lr: 0.000100, total_loss: 0.3999, cls_loss: 0.2400, reg_loss: 0.1600, 
2022-07-26 00:17:57 - train: epoch 0006, iter [00500, 03664], lr: 0.000100, total_loss: 0.4619, cls_loss: 0.2584, reg_loss: 0.2035, 
2022-07-26 00:18:37 - train: epoch 0006, iter [00600, 03664], lr: 0.000100, total_loss: 0.4642, cls_loss: 0.2612, reg_loss: 0.2030, 
2022-07-26 00:19:17 - train: epoch 0006, iter [00700, 03664], lr: 0.000100, total_loss: 0.4386, cls_loss: 0.2484, reg_loss: 0.1902, 
2022-07-26 00:20:00 - train: epoch 0006, iter [00800, 03664], lr: 0.000100, total_loss: 0.4499, cls_loss: 0.2660, reg_loss: 0.1838, 
2022-07-26 00:20:43 - train: epoch 0006, iter [00900, 03664], lr: 0.000100, total_loss: 0.4079, cls_loss: 0.2230, reg_loss: 0.1849, 
2022-07-26 00:21:23 - train: epoch 0006, iter [01000, 03664], lr: 0.000100, total_loss: 0.4904, cls_loss: 0.2843, reg_loss: 0.2061, 
2022-07-26 00:22:06 - train: epoch 0006, iter [01100, 03664], lr: 0.000100, total_loss: 0.4419, cls_loss: 0.2483, reg_loss: 0.1936, 
2022-07-26 00:22:48 - train: epoch 0006, iter [01200, 03664], lr: 0.000100, total_loss: 0.4206, cls_loss: 0.2361, reg_loss: 0.1845, 
2022-07-26 00:23:29 - train: epoch 0006, iter [01300, 03664], lr: 0.000100, total_loss: 0.3536, cls_loss: 0.1864, reg_loss: 0.1672, 
2022-07-26 00:24:11 - train: epoch 0006, iter [01400, 03664], lr: 0.000100, total_loss: 0.3987, cls_loss: 0.2191, reg_loss: 0.1796, 
2022-07-26 00:24:53 - train: epoch 0006, iter [01500, 03664], lr: 0.000100, total_loss: 0.4666, cls_loss: 0.2755, reg_loss: 0.1911, 
2022-07-26 00:25:34 - train: epoch 0006, iter [01600, 03664], lr: 0.000100, total_loss: 0.4253, cls_loss: 0.2517, reg_loss: 0.1736, 
2022-07-26 00:26:15 - train: epoch 0006, iter [01700, 03664], lr: 0.000100, total_loss: 0.4662, cls_loss: 0.2708, reg_loss: 0.1954, 
2022-07-26 00:26:58 - train: epoch 0006, iter [01800, 03664], lr: 0.000100, total_loss: 0.4535, cls_loss: 0.2736, reg_loss: 0.1799, 
2022-07-26 00:27:40 - train: epoch 0006, iter [01900, 03664], lr: 0.000100, total_loss: 0.4732, cls_loss: 0.2828, reg_loss: 0.1904, 
2022-07-26 00:28:21 - train: epoch 0006, iter [02000, 03664], lr: 0.000100, total_loss: 0.5265, cls_loss: 0.3262, reg_loss: 0.2003, 
2022-07-26 00:29:03 - train: epoch 0006, iter [02100, 03664], lr: 0.000100, total_loss: 0.3826, cls_loss: 0.2320, reg_loss: 0.1505, 
2022-07-26 00:29:45 - train: epoch 0006, iter [02200, 03664], lr: 0.000100, total_loss: 0.3960, cls_loss: 0.2355, reg_loss: 0.1605, 
2022-07-26 00:30:25 - train: epoch 0006, iter [02300, 03664], lr: 0.000100, total_loss: 0.4117, cls_loss: 0.2319, reg_loss: 0.1798, 
2022-07-26 00:31:08 - train: epoch 0006, iter [02400, 03664], lr: 0.000100, total_loss: 0.4382, cls_loss: 0.2560, reg_loss: 0.1822, 
2022-07-26 00:31:48 - train: epoch 0006, iter [02500, 03664], lr: 0.000100, total_loss: 0.4641, cls_loss: 0.2640, reg_loss: 0.2002, 
2022-07-26 00:32:30 - train: epoch 0006, iter [02600, 03664], lr: 0.000100, total_loss: 0.4478, cls_loss: 0.2455, reg_loss: 0.2023, 
2022-07-26 00:33:13 - train: epoch 0006, iter [02700, 03664], lr: 0.000100, total_loss: 0.4816, cls_loss: 0.3002, reg_loss: 0.1814, 
2022-07-26 00:33:54 - train: epoch 0006, iter [02800, 03664], lr: 0.000100, total_loss: 0.4449, cls_loss: 0.2473, reg_loss: 0.1976, 
2022-07-26 00:34:36 - train: epoch 0006, iter [02900, 03664], lr: 0.000100, total_loss: 0.4346, cls_loss: 0.2528, reg_loss: 0.1818, 
2022-07-26 00:35:17 - train: epoch 0006, iter [03000, 03664], lr: 0.000100, total_loss: 0.4175, cls_loss: 0.2425, reg_loss: 0.1751, 
2022-07-26 00:36:00 - train: epoch 0006, iter [03100, 03664], lr: 0.000100, total_loss: 0.5190, cls_loss: 0.3176, reg_loss: 0.2014, 
2022-07-26 00:36:41 - train: epoch 0006, iter [03200, 03664], lr: 0.000100, total_loss: 0.4675, cls_loss: 0.2843, reg_loss: 0.1832, 
2022-07-26 00:37:23 - train: epoch 0006, iter [03300, 03664], lr: 0.000100, total_loss: 0.4729, cls_loss: 0.2817, reg_loss: 0.1912, 
2022-07-26 00:38:04 - train: epoch 0006, iter [03400, 03664], lr: 0.000100, total_loss: 0.4761, cls_loss: 0.2757, reg_loss: 0.2004, 
2022-07-26 00:38:47 - train: epoch 0006, iter [03500, 03664], lr: 0.000100, total_loss: 0.4312, cls_loss: 0.2412, reg_loss: 0.1900, 
2022-07-26 00:39:29 - train: epoch 0006, iter [03600, 03664], lr: 0.000100, total_loss: 0.4610, cls_loss: 0.2709, reg_loss: 0.1902, 
2022-07-26 00:39:56 - train: epoch 006, train_loss: 0.4376
2022-07-26 00:39:57 - until epoch: 006, best_metric: 26.642%
2022-07-26 00:39:57 - epoch 007 lr: 0.000100
2022-07-26 00:40:45 - train: epoch 0007, iter [00100, 03664], lr: 0.000100, total_loss: 0.3820, cls_loss: 0.2244, reg_loss: 0.1576, 
2022-07-26 00:41:26 - train: epoch 0007, iter [00200, 03664], lr: 0.000100, total_loss: 0.4593, cls_loss: 0.2638, reg_loss: 0.1956, 
2022-07-26 00:42:09 - train: epoch 0007, iter [00300, 03664], lr: 0.000100, total_loss: 0.3838, cls_loss: 0.2048, reg_loss: 0.1789, 
2022-07-26 00:42:51 - train: epoch 0007, iter [00400, 03664], lr: 0.000100, total_loss: 0.4553, cls_loss: 0.2682, reg_loss: 0.1871, 
2022-07-26 00:43:32 - train: epoch 0007, iter [00500, 03664], lr: 0.000100, total_loss: 0.4169, cls_loss: 0.2301, reg_loss: 0.1868, 
2022-07-26 00:44:14 - train: epoch 0007, iter [00600, 03664], lr: 0.000100, total_loss: 0.3828, cls_loss: 0.2149, reg_loss: 0.1680, 
2022-07-26 00:44:55 - train: epoch 0007, iter [00700, 03664], lr: 0.000100, total_loss: 0.4246, cls_loss: 0.2436, reg_loss: 0.1810, 
2022-07-26 00:45:38 - train: epoch 0007, iter [00800, 03664], lr: 0.000100, total_loss: 0.4323, cls_loss: 0.2656, reg_loss: 0.1667, 
2022-07-26 00:46:20 - train: epoch 0007, iter [00900, 03664], lr: 0.000100, total_loss: 0.4240, cls_loss: 0.2489, reg_loss: 0.1751, 
2022-07-26 00:47:00 - train: epoch 0007, iter [01000, 03664], lr: 0.000100, total_loss: 0.4163, cls_loss: 0.2295, reg_loss: 0.1868, 
2022-07-26 00:47:43 - train: epoch 0007, iter [01100, 03664], lr: 0.000100, total_loss: 0.4421, cls_loss: 0.2657, reg_loss: 0.1765, 
2022-07-26 00:48:25 - train: epoch 0007, iter [01200, 03664], lr: 0.000100, total_loss: 0.4278, cls_loss: 0.2312, reg_loss: 0.1966, 
2022-07-26 00:49:06 - train: epoch 0007, iter [01300, 03664], lr: 0.000100, total_loss: 0.3852, cls_loss: 0.2021, reg_loss: 0.1831, 
2022-07-26 00:49:48 - train: epoch 0007, iter [01400, 03664], lr: 0.000100, total_loss: 0.4138, cls_loss: 0.2373, reg_loss: 0.1764, 
2022-07-26 00:50:28 - train: epoch 0007, iter [01500, 03664], lr: 0.000100, total_loss: 0.4718, cls_loss: 0.2757, reg_loss: 0.1961, 
2022-07-26 00:51:10 - train: epoch 0007, iter [01600, 03664], lr: 0.000100, total_loss: 0.4410, cls_loss: 0.2328, reg_loss: 0.2082, 
2022-07-26 00:51:51 - train: epoch 0007, iter [01700, 03664], lr: 0.000100, total_loss: 0.4146, cls_loss: 0.2429, reg_loss: 0.1718, 
2022-07-26 00:52:33 - train: epoch 0007, iter [01800, 03664], lr: 0.000100, total_loss: 0.4362, cls_loss: 0.2525, reg_loss: 0.1837, 
2022-07-26 00:53:15 - train: epoch 0007, iter [01900, 03664], lr: 0.000100, total_loss: 0.4716, cls_loss: 0.2826, reg_loss: 0.1890, 
2022-07-26 00:53:56 - train: epoch 0007, iter [02000, 03664], lr: 0.000100, total_loss: 0.4456, cls_loss: 0.2548, reg_loss: 0.1908, 
2022-07-26 00:54:38 - train: epoch 0007, iter [02100, 03664], lr: 0.000100, total_loss: 0.4623, cls_loss: 0.2709, reg_loss: 0.1915, 
2022-07-26 00:55:20 - train: epoch 0007, iter [02200, 03664], lr: 0.000100, total_loss: 0.4281, cls_loss: 0.2416, reg_loss: 0.1865, 
2022-07-26 00:56:01 - train: epoch 0007, iter [02300, 03664], lr: 0.000100, total_loss: 0.4397, cls_loss: 0.2467, reg_loss: 0.1929, 
2022-07-26 00:56:43 - train: epoch 0007, iter [02400, 03664], lr: 0.000100, total_loss: 0.4061, cls_loss: 0.2352, reg_loss: 0.1710, 
2022-07-26 00:57:24 - train: epoch 0007, iter [02500, 03664], lr: 0.000100, total_loss: 0.4079, cls_loss: 0.2244, reg_loss: 0.1836, 
2022-07-26 00:58:07 - train: epoch 0007, iter [02600, 03664], lr: 0.000100, total_loss: 0.4323, cls_loss: 0.2481, reg_loss: 0.1842, 
2022-07-26 00:58:47 - train: epoch 0007, iter [02700, 03664], lr: 0.000100, total_loss: 0.4655, cls_loss: 0.2760, reg_loss: 0.1895, 
2022-07-26 00:59:30 - train: epoch 0007, iter [02800, 03664], lr: 0.000100, total_loss: 0.4158, cls_loss: 0.2223, reg_loss: 0.1935, 
2022-07-26 01:00:12 - train: epoch 0007, iter [02900, 03664], lr: 0.000100, total_loss: 0.4923, cls_loss: 0.2771, reg_loss: 0.2151, 
2022-07-26 01:00:53 - train: epoch 0007, iter [03000, 03664], lr: 0.000100, total_loss: 0.4239, cls_loss: 0.2304, reg_loss: 0.1936, 
2022-07-26 01:01:36 - train: epoch 0007, iter [03100, 03664], lr: 0.000100, total_loss: 0.3906, cls_loss: 0.2211, reg_loss: 0.1695, 
2022-07-26 01:02:19 - train: epoch 0007, iter [03200, 03664], lr: 0.000100, total_loss: 0.4042, cls_loss: 0.2289, reg_loss: 0.1753, 
2022-07-26 01:02:59 - train: epoch 0007, iter [03300, 03664], lr: 0.000100, total_loss: 0.4448, cls_loss: 0.2445, reg_loss: 0.2003, 
2022-07-26 01:03:42 - train: epoch 0007, iter [03400, 03664], lr: 0.000100, total_loss: 0.4253, cls_loss: 0.2402, reg_loss: 0.1851, 
2022-07-26 01:04:23 - train: epoch 0007, iter [03500, 03664], lr: 0.000100, total_loss: 0.4128, cls_loss: 0.2290, reg_loss: 0.1838, 
2022-07-26 01:05:05 - train: epoch 0007, iter [03600, 03664], lr: 0.000100, total_loss: 0.4554, cls_loss: 0.2606, reg_loss: 0.1948, 
2022-07-26 01:05:32 - train: epoch 007, train_loss: 0.4244
2022-07-26 01:05:33 - until epoch: 007, best_metric: 26.642%
2022-07-26 01:05:33 - epoch 008 lr: 0.000100
2022-07-26 01:06:20 - train: epoch 0008, iter [00100, 03664], lr: 0.000100, total_loss: 0.4428, cls_loss: 0.2471, reg_loss: 0.1957, 
2022-07-26 01:07:02 - train: epoch 0008, iter [00200, 03664], lr: 0.000100, total_loss: 0.3786, cls_loss: 0.2123, reg_loss: 0.1663, 
2022-07-26 01:07:43 - train: epoch 0008, iter [00300, 03664], lr: 0.000100, total_loss: 0.4402, cls_loss: 0.2650, reg_loss: 0.1753, 
2022-07-26 01:08:25 - train: epoch 0008, iter [00400, 03664], lr: 0.000100, total_loss: 0.3951, cls_loss: 0.2191, reg_loss: 0.1760, 
2022-07-26 01:09:07 - train: epoch 0008, iter [00500, 03664], lr: 0.000100, total_loss: 0.4057, cls_loss: 0.2358, reg_loss: 0.1699, 
2022-07-26 01:09:48 - train: epoch 0008, iter [00600, 03664], lr: 0.000100, total_loss: 0.3756, cls_loss: 0.2027, reg_loss: 0.1729, 
2022-07-26 01:10:30 - train: epoch 0008, iter [00700, 03664], lr: 0.000100, total_loss: 0.4127, cls_loss: 0.2363, reg_loss: 0.1764, 
2022-07-26 01:11:12 - train: epoch 0008, iter [00800, 03664], lr: 0.000100, total_loss: 0.3847, cls_loss: 0.2224, reg_loss: 0.1622, 
2022-07-26 01:11:52 - train: epoch 0008, iter [00900, 03664], lr: 0.000100, total_loss: 0.4254, cls_loss: 0.2312, reg_loss: 0.1942, 
2022-07-26 01:12:33 - train: epoch 0008, iter [01000, 03664], lr: 0.000100, total_loss: 0.3965, cls_loss: 0.2149, reg_loss: 0.1815, 
2022-07-26 01:13:15 - train: epoch 0008, iter [01100, 03664], lr: 0.000100, total_loss: 0.4485, cls_loss: 0.2643, reg_loss: 0.1842, 
2022-07-26 01:13:57 - train: epoch 0008, iter [01200, 03664], lr: 0.000100, total_loss: 0.3896, cls_loss: 0.2242, reg_loss: 0.1654, 
2022-07-26 01:14:37 - train: epoch 0008, iter [01300, 03664], lr: 0.000100, total_loss: 0.3934, cls_loss: 0.2216, reg_loss: 0.1718, 
2022-07-26 01:15:20 - train: epoch 0008, iter [01400, 03664], lr: 0.000100, total_loss: 0.4558, cls_loss: 0.2664, reg_loss: 0.1894, 
2022-07-26 01:16:02 - train: epoch 0008, iter [01500, 03664], lr: 0.000100, total_loss: 0.3737, cls_loss: 0.2101, reg_loss: 0.1636, 
2022-07-26 01:16:43 - train: epoch 0008, iter [01600, 03664], lr: 0.000100, total_loss: 0.4274, cls_loss: 0.2377, reg_loss: 0.1897, 
2022-07-26 01:17:23 - train: epoch 0008, iter [01700, 03664], lr: 0.000100, total_loss: 0.4384, cls_loss: 0.2542, reg_loss: 0.1843, 
2022-07-26 01:18:07 - train: epoch 0008, iter [01800, 03664], lr: 0.000100, total_loss: 0.4151, cls_loss: 0.2272, reg_loss: 0.1879, 
2022-07-26 01:18:48 - train: epoch 0008, iter [01900, 03664], lr: 0.000100, total_loss: 0.3429, cls_loss: 0.1896, reg_loss: 0.1533, 
2022-07-26 01:19:28 - train: epoch 0008, iter [02000, 03664], lr: 0.000100, total_loss: 0.3909, cls_loss: 0.2196, reg_loss: 0.1713, 
2022-07-26 01:20:11 - train: epoch 0008, iter [02100, 03664], lr: 0.000100, total_loss: 0.4465, cls_loss: 0.2784, reg_loss: 0.1682, 
2022-07-26 01:20:53 - train: epoch 0008, iter [02200, 03664], lr: 0.000100, total_loss: 0.4112, cls_loss: 0.2320, reg_loss: 0.1793, 
2022-07-26 01:21:33 - train: epoch 0008, iter [02300, 03664], lr: 0.000100, total_loss: 0.4128, cls_loss: 0.2323, reg_loss: 0.1805, 
2022-07-26 01:22:16 - train: epoch 0008, iter [02400, 03664], lr: 0.000100, total_loss: 0.4018, cls_loss: 0.2187, reg_loss: 0.1831, 
2022-07-26 01:22:58 - train: epoch 0008, iter [02500, 03664], lr: 0.000100, total_loss: 0.4294, cls_loss: 0.2480, reg_loss: 0.1814, 
2022-07-26 01:23:39 - train: epoch 0008, iter [02600, 03664], lr: 0.000100, total_loss: 0.3984, cls_loss: 0.2242, reg_loss: 0.1743, 
2022-07-26 01:24:22 - train: epoch 0008, iter [02700, 03664], lr: 0.000100, total_loss: 0.3817, cls_loss: 0.2354, reg_loss: 0.1463, 
2022-07-26 01:25:03 - train: epoch 0008, iter [02800, 03664], lr: 0.000100, total_loss: 0.3798, cls_loss: 0.2155, reg_loss: 0.1644, 
2022-07-26 01:25:45 - train: epoch 0008, iter [02900, 03664], lr: 0.000100, total_loss: 0.4950, cls_loss: 0.2698, reg_loss: 0.2252, 
2022-07-26 01:26:25 - train: epoch 0008, iter [03000, 03664], lr: 0.000100, total_loss: 0.4481, cls_loss: 0.2510, reg_loss: 0.1971, 
2022-07-26 01:27:08 - train: epoch 0008, iter [03100, 03664], lr: 0.000100, total_loss: 0.4767, cls_loss: 0.2881, reg_loss: 0.1886, 
2022-07-26 01:27:51 - train: epoch 0008, iter [03200, 03664], lr: 0.000100, total_loss: 0.4126, cls_loss: 0.2335, reg_loss: 0.1791, 
2022-07-26 01:28:31 - train: epoch 0008, iter [03300, 03664], lr: 0.000100, total_loss: 0.4466, cls_loss: 0.2536, reg_loss: 0.1931, 
2022-07-26 01:29:14 - train: epoch 0008, iter [03400, 03664], lr: 0.000100, total_loss: 0.4149, cls_loss: 0.2488, reg_loss: 0.1660, 
2022-07-26 01:29:57 - train: epoch 0008, iter [03500, 03664], lr: 0.000100, total_loss: 0.3866, cls_loss: 0.2108, reg_loss: 0.1758, 
2022-07-26 01:30:38 - train: epoch 0008, iter [03600, 03664], lr: 0.000100, total_loss: 0.3895, cls_loss: 0.2194, reg_loss: 0.1700, 
2022-07-26 01:31:05 - train: epoch 008, train_loss: 0.4132
2022-07-26 01:35:07 - eval: epoch: 008
test_loss: 0.0000
per_image_load_time: 2.007ms
per_image_inference_time: 39.906ms
IoU=0.50:0.95,area=all,maxDets=100,mAP: 28.77524644919979
IoU=0.50,area=all,maxDets=100,mAP: 43.68900238186947
IoU=0.75,area=all,maxDets=100,mAP: 31.09608895950219
IoU=0.50:0.95,area=small,maxDets=100,mAP: 10.631122854316736
IoU=0.50:0.95,area=medium,maxDets=100,mAP: 33.111627642956165
IoU=0.50:0.95,area=large,maxDets=100,mAP: 44.76725685689226
IoU=0.50:0.95,area=all,maxDets=1,mAR: 25.07629689325163
IoU=0.50:0.95,area=all,maxDets=10,mAR: 37.00886174965678
IoU=0.50:0.95,area=all,maxDets=100,mAR: 38.449965297281274
IoU=0.50:0.95,area=small,maxDets=100,mAR: 12.976154915360025
IoU=0.50:0.95,area=medium,maxDets=100,mAR: 45.16565721909362
IoU=0.50:0.95,area=large,maxDets=100,mAR: 58.65679413652417

2022-07-26 01:35:08 - until epoch: 008, best_metric: 28.775%
2022-07-26 01:35:08 - epoch 009 lr: 0.000010
2022-07-26 01:36:02 - train: epoch 0009, iter [00100, 03664], lr: 0.000010, total_loss: 0.3587, cls_loss: 0.1929, reg_loss: 0.1658, 
2022-07-26 01:36:45 - train: epoch 0009, iter [00200, 03664], lr: 0.000010, total_loss: 0.3525, cls_loss: 0.1894, reg_loss: 0.1631, 
2022-07-26 01:37:28 - train: epoch 0009, iter [00300, 03664], lr: 0.000010, total_loss: 0.4008, cls_loss: 0.2188, reg_loss: 0.1820, 
2022-07-26 01:38:09 - train: epoch 0009, iter [00400, 03664], lr: 0.000010, total_loss: 0.3997, cls_loss: 0.2293, reg_loss: 0.1703, 
2022-07-26 01:38:50 - train: epoch 0009, iter [00500, 03664], lr: 0.000010, total_loss: 0.3693, cls_loss: 0.2048, reg_loss: 0.1645, 
2022-07-26 01:39:32 - train: epoch 0009, iter [00600, 03664], lr: 0.000010, total_loss: 0.3782, cls_loss: 0.2003, reg_loss: 0.1779, 
2022-07-26 01:40:15 - train: epoch 0009, iter [00700, 03664], lr: 0.000010, total_loss: 0.3968, cls_loss: 0.2060, reg_loss: 0.1908, 
2022-07-26 01:40:56 - train: epoch 0009, iter [00800, 03664], lr: 0.000010, total_loss: 0.3814, cls_loss: 0.2120, reg_loss: 0.1694, 
2022-07-26 01:41:38 - train: epoch 0009, iter [00900, 03664], lr: 0.000010, total_loss: 0.3415, cls_loss: 0.1849, reg_loss: 0.1567, 
2022-07-26 01:42:20 - train: epoch 0009, iter [01000, 03664], lr: 0.000010, total_loss: 0.3958, cls_loss: 0.2098, reg_loss: 0.1859, 
2022-07-26 01:43:01 - train: epoch 0009, iter [01100, 03664], lr: 0.000010, total_loss: 0.4172, cls_loss: 0.2411, reg_loss: 0.1761, 
2022-07-26 01:43:43 - train: epoch 0009, iter [01200, 03664], lr: 0.000010, total_loss: 0.3813, cls_loss: 0.2040, reg_loss: 0.1772, 
2022-07-26 01:44:25 - train: epoch 0009, iter [01300, 03664], lr: 0.000010, total_loss: 0.3589, cls_loss: 0.1841, reg_loss: 0.1748, 
2022-07-26 01:45:05 - train: epoch 0009, iter [01400, 03664], lr: 0.000010, total_loss: 0.3841, cls_loss: 0.1929, reg_loss: 0.1912, 
2022-07-26 01:45:48 - train: epoch 0009, iter [01500, 03664], lr: 0.000010, total_loss: 0.3113, cls_loss: 0.1604, reg_loss: 0.1509, 
2022-07-26 01:46:29 - train: epoch 0009, iter [01600, 03664], lr: 0.000010, total_loss: 0.3276, cls_loss: 0.1551, reg_loss: 0.1725, 
2022-07-26 01:47:11 - train: epoch 0009, iter [01700, 03664], lr: 0.000010, total_loss: 0.3621, cls_loss: 0.2011, reg_loss: 0.1610, 
2022-07-26 01:47:51 - train: epoch 0009, iter [01800, 03664], lr: 0.000010, total_loss: 0.3405, cls_loss: 0.1935, reg_loss: 0.1471, 
2022-07-26 01:48:34 - train: epoch 0009, iter [01900, 03664], lr: 0.000010, total_loss: 0.3264, cls_loss: 0.1784, reg_loss: 0.1480, 
2022-07-26 01:49:16 - train: epoch 0009, iter [02000, 03664], lr: 0.000010, total_loss: 0.4086, cls_loss: 0.2273, reg_loss: 0.1813, 
2022-07-26 01:49:57 - train: epoch 0009, iter [02100, 03664], lr: 0.000010, total_loss: 0.3687, cls_loss: 0.1993, reg_loss: 0.1694, 
2022-07-26 01:50:39 - train: epoch 0009, iter [02200, 03664], lr: 0.000010, total_loss: 0.3527, cls_loss: 0.1944, reg_loss: 0.1583, 
2022-07-26 01:51:19 - train: epoch 0009, iter [02300, 03664], lr: 0.000010, total_loss: 0.3460, cls_loss: 0.1879, reg_loss: 0.1581, 
2022-07-26 01:52:02 - train: epoch 0009, iter [02400, 03664], lr: 0.000010, total_loss: 0.3219, cls_loss: 0.1688, reg_loss: 0.1530, 
2022-07-26 01:52:43 - train: epoch 0009, iter [02500, 03664], lr: 0.000010, total_loss: 0.3818, cls_loss: 0.1977, reg_loss: 0.1841, 
2022-07-26 01:53:25 - train: epoch 0009, iter [02600, 03664], lr: 0.000010, total_loss: 0.3550, cls_loss: 0.1885, reg_loss: 0.1665, 
2022-07-26 01:54:07 - train: epoch 0009, iter [02700, 03664], lr: 0.000010, total_loss: 0.3881, cls_loss: 0.2231, reg_loss: 0.1650, 
2022-07-26 01:54:48 - train: epoch 0009, iter [02800, 03664], lr: 0.000010, total_loss: 0.3308, cls_loss: 0.1709, reg_loss: 0.1599, 
2022-07-26 01:55:31 - train: epoch 0009, iter [02900, 03664], lr: 0.000010, total_loss: 0.3638, cls_loss: 0.1871, reg_loss: 0.1767, 
2022-07-26 01:56:12 - train: epoch 0009, iter [03000, 03664], lr: 0.000010, total_loss: 0.3470, cls_loss: 0.1857, reg_loss: 0.1613, 
2022-07-26 01:56:54 - train: epoch 0009, iter [03100, 03664], lr: 0.000010, total_loss: 0.3805, cls_loss: 0.1969, reg_loss: 0.1836, 
2022-07-26 01:57:36 - train: epoch 0009, iter [03200, 03664], lr: 0.000010, total_loss: 0.3594, cls_loss: 0.1912, reg_loss: 0.1682, 
2022-07-26 01:58:17 - train: epoch 0009, iter [03300, 03664], lr: 0.000010, total_loss: 0.4459, cls_loss: 0.2510, reg_loss: 0.1949, 
2022-07-26 01:58:59 - train: epoch 0009, iter [03400, 03664], lr: 0.000010, total_loss: 0.3301, cls_loss: 0.1852, reg_loss: 0.1450, 
2022-07-26 01:59:42 - train: epoch 0009, iter [03500, 03664], lr: 0.000010, total_loss: 0.4367, cls_loss: 0.2413, reg_loss: 0.1954, 
2022-07-26 02:00:23 - train: epoch 0009, iter [03600, 03664], lr: 0.000010, total_loss: 0.3038, cls_loss: 0.1583, reg_loss: 0.1455, 
2022-07-26 02:00:50 - train: epoch 009, train_loss: 0.3670
2022-07-26 02:00:50 - until epoch: 009, best_metric: 28.775%
2022-07-26 02:00:50 - epoch 010 lr: 0.000010
2022-07-26 02:01:36 - train: epoch 0010, iter [00100, 03664], lr: 0.000010, total_loss: 0.3142, cls_loss: 0.1630, reg_loss: 0.1512, 
2022-07-26 02:02:19 - train: epoch 0010, iter [00200, 03664], lr: 0.000010, total_loss: 0.3668, cls_loss: 0.1904, reg_loss: 0.1763, 
2022-07-26 02:02:59 - train: epoch 0010, iter [00300, 03664], lr: 0.000010, total_loss: 0.3974, cls_loss: 0.2160, reg_loss: 0.1814, 
2022-07-26 02:03:42 - train: epoch 0010, iter [00400, 03664], lr: 0.000010, total_loss: 0.3996, cls_loss: 0.2214, reg_loss: 0.1782, 
2022-07-26 02:04:25 - train: epoch 0010, iter [00500, 03664], lr: 0.000010, total_loss: 0.3340, cls_loss: 0.1762, reg_loss: 0.1577, 
2022-07-26 02:05:05 - train: epoch 0010, iter [00600, 03664], lr: 0.000010, total_loss: 0.3206, cls_loss: 0.1700, reg_loss: 0.1507, 
2022-07-26 02:05:48 - train: epoch 0010, iter [00700, 03664], lr: 0.000010, total_loss: 0.3888, cls_loss: 0.2096, reg_loss: 0.1793, 
2022-07-26 02:06:28 - train: epoch 0010, iter [00800, 03664], lr: 0.000010, total_loss: 0.3734, cls_loss: 0.2009, reg_loss: 0.1725, 
2022-07-26 02:07:10 - train: epoch 0010, iter [00900, 03664], lr: 0.000010, total_loss: 0.3333, cls_loss: 0.1716, reg_loss: 0.1618, 
2022-07-26 02:07:51 - train: epoch 0010, iter [01000, 03664], lr: 0.000010, total_loss: 0.3559, cls_loss: 0.1958, reg_loss: 0.1601, 
2022-07-26 02:08:34 - train: epoch 0010, iter [01100, 03664], lr: 0.000010, total_loss: 0.3127, cls_loss: 0.1477, reg_loss: 0.1650, 
2022-07-26 02:09:16 - train: epoch 0010, iter [01200, 03664], lr: 0.000010, total_loss: 0.3818, cls_loss: 0.1960, reg_loss: 0.1858, 
2022-07-26 02:09:56 - train: epoch 0010, iter [01300, 03664], lr: 0.000010, total_loss: 0.4177, cls_loss: 0.2320, reg_loss: 0.1857, 
2022-07-26 02:10:38 - train: epoch 0010, iter [01400, 03664], lr: 0.000010, total_loss: 0.3250, cls_loss: 0.1748, reg_loss: 0.1502, 
2022-07-26 02:11:20 - train: epoch 0010, iter [01500, 03664], lr: 0.000010, total_loss: 0.4034, cls_loss: 0.2168, reg_loss: 0.1866, 
2022-07-26 02:12:01 - train: epoch 0010, iter [01600, 03664], lr: 0.000010, total_loss: 0.3920, cls_loss: 0.2214, reg_loss: 0.1706, 
2022-07-26 02:12:43 - train: epoch 0010, iter [01700, 03664], lr: 0.000010, total_loss: 0.3314, cls_loss: 0.1966, reg_loss: 0.1348, 
2022-07-26 02:13:24 - train: epoch 0010, iter [01800, 03664], lr: 0.000010, total_loss: 0.3477, cls_loss: 0.1905, reg_loss: 0.1571, 
2022-07-26 02:14:06 - train: epoch 0010, iter [01900, 03664], lr: 0.000010, total_loss: 0.3099, cls_loss: 0.1612, reg_loss: 0.1488, 
2022-07-26 02:14:48 - train: epoch 0010, iter [02000, 03664], lr: 0.000010, total_loss: 0.3789, cls_loss: 0.1958, reg_loss: 0.1831, 
2022-07-26 02:15:29 - train: epoch 0010, iter [02100, 03664], lr: 0.000010, total_loss: 0.3213, cls_loss: 0.1741, reg_loss: 0.1472, 
2022-07-26 02:16:11 - train: epoch 0010, iter [02200, 03664], lr: 0.000010, total_loss: 0.3511, cls_loss: 0.1828, reg_loss: 0.1683, 
2022-07-26 02:16:51 - train: epoch 0010, iter [02300, 03664], lr: 0.000010, total_loss: 0.3482, cls_loss: 0.1764, reg_loss: 0.1718, 
2022-07-26 02:17:33 - train: epoch 0010, iter [02400, 03664], lr: 0.000010, total_loss: 0.3892, cls_loss: 0.2168, reg_loss: 0.1724, 
2022-07-26 02:18:15 - train: epoch 0010, iter [02500, 03664], lr: 0.000010, total_loss: 0.4301, cls_loss: 0.2268, reg_loss: 0.2033, 
2022-07-26 02:18:56 - train: epoch 0010, iter [02600, 03664], lr: 0.000010, total_loss: 0.3003, cls_loss: 0.1620, reg_loss: 0.1383, 
2022-07-26 02:19:38 - train: epoch 0010, iter [02700, 03664], lr: 0.000010, total_loss: 0.3421, cls_loss: 0.1863, reg_loss: 0.1558, 
2022-07-26 02:20:18 - train: epoch 0010, iter [02800, 03664], lr: 0.000010, total_loss: 0.3467, cls_loss: 0.1892, reg_loss: 0.1576, 
2022-07-26 02:21:00 - train: epoch 0010, iter [02900, 03664], lr: 0.000010, total_loss: 0.3236, cls_loss: 0.1601, reg_loss: 0.1635, 
2022-07-26 02:21:43 - train: epoch 0010, iter [03000, 03664], lr: 0.000010, total_loss: 0.3962, cls_loss: 0.2242, reg_loss: 0.1721, 
2022-07-26 02:22:23 - train: epoch 0010, iter [03100, 03664], lr: 0.000010, total_loss: 0.3269, cls_loss: 0.1730, reg_loss: 0.1539, 
2022-07-26 02:23:06 - train: epoch 0010, iter [03200, 03664], lr: 0.000010, total_loss: 0.4065, cls_loss: 0.2268, reg_loss: 0.1797, 
2022-07-26 02:23:49 - train: epoch 0010, iter [03300, 03664], lr: 0.000010, total_loss: 0.3310, cls_loss: 0.1753, reg_loss: 0.1556, 
2022-07-26 02:24:29 - train: epoch 0010, iter [03400, 03664], lr: 0.000010, total_loss: 0.3242, cls_loss: 0.1562, reg_loss: 0.1680, 
2022-07-26 02:25:12 - train: epoch 0010, iter [03500, 03664], lr: 0.000010, total_loss: 0.3332, cls_loss: 0.1773, reg_loss: 0.1558, 
2022-07-26 02:25:55 - train: epoch 0010, iter [03600, 03664], lr: 0.000010, total_loss: 0.3803, cls_loss: 0.2216, reg_loss: 0.1587, 
2022-07-26 02:26:21 - train: epoch 010, train_loss: 0.3548
2022-07-26 02:30:16 - eval: epoch: 010
test_loss: 0.0000
per_image_load_time: 1.977ms
per_image_inference_time: 38.702ms
IoU=0.50:0.95,area=all,maxDets=100,mAP: 31.63235554346155
IoU=0.50,area=all,maxDets=100,mAP: 47.597075436435354
IoU=0.75,area=all,maxDets=100,mAP: 33.91014612423929
IoU=0.50:0.95,area=small,maxDets=100,mAP: 11.789075306306449
IoU=0.50:0.95,area=medium,maxDets=100,mAP: 36.964217169787084
IoU=0.50:0.95,area=large,maxDets=100,mAP: 48.710476576481064
IoU=0.50:0.95,area=all,maxDets=1,mAR: 27.018292471140327
IoU=0.50:0.95,area=all,maxDets=10,mAR: 39.9952363417765
IoU=0.50:0.95,area=all,maxDets=100,mAR: 41.52944740380231
IoU=0.50:0.95,area=small,maxDets=100,mAR: 14.601664581902444
IoU=0.50:0.95,area=medium,maxDets=100,mAR: 49.165190220785504
IoU=0.50:0.95,area=large,maxDets=100,mAR: 62.43648052841317

2022-07-26 02:30:17 - until epoch: 010, best_metric: 31.632%
2022-07-26 02:30:17 - epoch 011 lr: 0.000010
2022-07-26 02:31:15 - train: epoch 0011, iter [00100, 03664], lr: 0.000010, total_loss: 0.3123, cls_loss: 0.1611, reg_loss: 0.1511, 
2022-07-26 02:31:55 - train: epoch 0011, iter [00200, 03664], lr: 0.000010, total_loss: 0.3640, cls_loss: 0.1827, reg_loss: 0.1813, 
2022-07-26 02:32:35 - train: epoch 0011, iter [00300, 03664], lr: 0.000010, total_loss: 0.3563, cls_loss: 0.1896, reg_loss: 0.1668, 
2022-07-26 02:33:18 - train: epoch 0011, iter [00400, 03664], lr: 0.000010, total_loss: 0.3273, cls_loss: 0.1572, reg_loss: 0.1701, 
2022-07-26 02:34:00 - train: epoch 0011, iter [00500, 03664], lr: 0.000010, total_loss: 0.3699, cls_loss: 0.2063, reg_loss: 0.1637, 
2022-07-26 02:34:41 - train: epoch 0011, iter [00600, 03664], lr: 0.000010, total_loss: 0.3091, cls_loss: 0.1704, reg_loss: 0.1387, 
2022-07-26 02:35:22 - train: epoch 0011, iter [00700, 03664], lr: 0.000010, total_loss: 0.3840, cls_loss: 0.2055, reg_loss: 0.1785, 
2022-07-26 02:36:06 - train: epoch 0011, iter [00800, 03664], lr: 0.000010, total_loss: 0.4004, cls_loss: 0.2207, reg_loss: 0.1797, 
2022-07-26 02:36:47 - train: epoch 0011, iter [00900, 03664], lr: 0.000010, total_loss: 0.3324, cls_loss: 0.1745, reg_loss: 0.1578, 
2022-07-26 02:37:28 - train: epoch 0011, iter [01000, 03664], lr: 0.000010, total_loss: 0.3575, cls_loss: 0.1831, reg_loss: 0.1744, 
2022-07-26 02:38:10 - train: epoch 0011, iter [01100, 03664], lr: 0.000010, total_loss: 0.3388, cls_loss: 0.1729, reg_loss: 0.1660, 
2022-07-26 02:38:51 - train: epoch 0011, iter [01200, 03664], lr: 0.000010, total_loss: 0.3275, cls_loss: 0.1711, reg_loss: 0.1565, 
2022-07-26 02:39:31 - train: epoch 0011, iter [01300, 03664], lr: 0.000010, total_loss: 0.3303, cls_loss: 0.1720, reg_loss: 0.1584, 
2022-07-26 02:40:16 - train: epoch 0011, iter [01400, 03664], lr: 0.000010, total_loss: 0.3359, cls_loss: 0.1826, reg_loss: 0.1534, 
2022-07-26 02:40:56 - train: epoch 0011, iter [01500, 03664], lr: 0.000010, total_loss: 0.3432, cls_loss: 0.1802, reg_loss: 0.1630, 
2022-07-26 02:41:37 - train: epoch 0011, iter [01600, 03664], lr: 0.000010, total_loss: 0.3695, cls_loss: 0.1986, reg_loss: 0.1709, 
2022-07-26 02:42:19 - train: epoch 0011, iter [01700, 03664], lr: 0.000010, total_loss: 0.3487, cls_loss: 0.1772, reg_loss: 0.1715, 
2022-07-26 02:43:02 - train: epoch 0011, iter [01800, 03664], lr: 0.000010, total_loss: 0.2987, cls_loss: 0.1519, reg_loss: 0.1468, 
2022-07-26 02:43:42 - train: epoch 0011, iter [01900, 03664], lr: 0.000010, total_loss: 0.3907, cls_loss: 0.2152, reg_loss: 0.1755, 
2022-07-26 02:44:23 - train: epoch 0011, iter [02000, 03664], lr: 0.000010, total_loss: 0.3382, cls_loss: 0.1694, reg_loss: 0.1688, 
2022-07-26 02:45:07 - train: epoch 0011, iter [02100, 03664], lr: 0.000010, total_loss: 0.3344, cls_loss: 0.1647, reg_loss: 0.1698, 
2022-07-26 02:45:48 - train: epoch 0011, iter [02200, 03664], lr: 0.000010, total_loss: 0.3682, cls_loss: 0.1896, reg_loss: 0.1786, 
2022-07-26 02:46:28 - train: epoch 0011, iter [02300, 03664], lr: 0.000010, total_loss: 0.3287, cls_loss: 0.1661, reg_loss: 0.1626, 
2022-07-26 02:47:12 - train: epoch 0011, iter [02400, 03664], lr: 0.000010, total_loss: 0.3513, cls_loss: 0.1984, reg_loss: 0.1529, 
2022-07-26 02:47:53 - train: epoch 0011, iter [02500, 03664], lr: 0.000010, total_loss: 0.3776, cls_loss: 0.2048, reg_loss: 0.1728, 
2022-07-26 02:48:33 - train: epoch 0011, iter [02600, 03664], lr: 0.000010, total_loss: 0.3455, cls_loss: 0.1865, reg_loss: 0.1590, 
2022-07-26 02:49:14 - train: epoch 0011, iter [02700, 03664], lr: 0.000010, total_loss: 0.3386, cls_loss: 0.1854, reg_loss: 0.1532, 
2022-07-26 02:49:58 - train: epoch 0011, iter [02800, 03664], lr: 0.000010, total_loss: 0.4201, cls_loss: 0.2298, reg_loss: 0.1903, 
2022-07-26 02:50:39 - train: epoch 0011, iter [02900, 03664], lr: 0.000010, total_loss: 0.3688, cls_loss: 0.2021, reg_loss: 0.1667, 
2022-07-26 02:51:19 - train: epoch 0011, iter [03000, 03664], lr: 0.000010, total_loss: 0.3358, cls_loss: 0.1710, reg_loss: 0.1648, 
2022-07-26 02:52:04 - train: epoch 0011, iter [03100, 03664], lr: 0.000010, total_loss: 0.3282, cls_loss: 0.1790, reg_loss: 0.1493, 
2022-07-26 02:52:44 - train: epoch 0011, iter [03200, 03664], lr: 0.000010, total_loss: 0.3557, cls_loss: 0.1978, reg_loss: 0.1579, 
2022-07-26 02:53:24 - train: epoch 0011, iter [03300, 03664], lr: 0.000010, total_loss: 0.3899, cls_loss: 0.1922, reg_loss: 0.1977, 
2022-07-26 02:54:09 - train: epoch 0011, iter [03400, 03664], lr: 0.000010, total_loss: 0.3918, cls_loss: 0.2051, reg_loss: 0.1867, 
2022-07-26 02:54:50 - train: epoch 0011, iter [03500, 03664], lr: 0.000010, total_loss: 0.4129, cls_loss: 0.2168, reg_loss: 0.1961, 
2022-07-26 02:55:30 - train: epoch 0011, iter [03600, 03664], lr: 0.000010, total_loss: 0.3729, cls_loss: 0.1944, reg_loss: 0.1784, 
2022-07-26 02:55:57 - train: epoch 011, train_loss: 0.3485
2022-07-26 02:55:58 - until epoch: 011, best_metric: 31.632%
2022-07-26 02:55:58 - epoch 012 lr: 0.000010
2022-07-26 02:56:47 - train: epoch 0012, iter [00100, 03664], lr: 0.000010, total_loss: 0.3533, cls_loss: 0.1905, reg_loss: 0.1627, 
2022-07-26 02:57:27 - train: epoch 0012, iter [00200, 03664], lr: 0.000010, total_loss: 0.3515, cls_loss: 0.1813, reg_loss: 0.1702, 
2022-07-26 02:58:08 - train: epoch 0012, iter [00300, 03664], lr: 0.000010, total_loss: 0.3794, cls_loss: 0.2071, reg_loss: 0.1723, 
2022-07-26 02:58:50 - train: epoch 0012, iter [00400, 03664], lr: 0.000010, total_loss: 0.3805, cls_loss: 0.2099, reg_loss: 0.1706, 
2022-07-26 02:59:32 - train: epoch 0012, iter [00500, 03664], lr: 0.000010, total_loss: 0.3768, cls_loss: 0.2094, reg_loss: 0.1674, 
2022-07-26 03:00:12 - train: epoch 0012, iter [00600, 03664], lr: 0.000010, total_loss: 0.3273, cls_loss: 0.1781, reg_loss: 0.1493, 
2022-07-26 03:00:55 - train: epoch 0012, iter [00700, 03664], lr: 0.000010, total_loss: 0.3398, cls_loss: 0.1798, reg_loss: 0.1600, 
2022-07-26 03:01:37 - train: epoch 0012, iter [00800, 03664], lr: 0.000010, total_loss: 0.2778, cls_loss: 0.1461, reg_loss: 0.1317, 
2022-07-26 03:02:18 - train: epoch 0012, iter [00900, 03664], lr: 0.000010, total_loss: 0.3708, cls_loss: 0.1967, reg_loss: 0.1741, 
2022-07-26 03:02:58 - train: epoch 0012, iter [01000, 03664], lr: 0.000010, total_loss: 0.3374, cls_loss: 0.1804, reg_loss: 0.1571, 
2022-07-26 03:03:42 - train: epoch 0012, iter [01100, 03664], lr: 0.000010, total_loss: 0.3662, cls_loss: 0.1927, reg_loss: 0.1735, 
2022-07-26 03:04:24 - train: epoch 0012, iter [01200, 03664], lr: 0.000010, total_loss: 0.2868, cls_loss: 0.1423, reg_loss: 0.1445, 
2022-07-26 03:05:04 - train: epoch 0012, iter [01300, 03664], lr: 0.000010, total_loss: 0.3456, cls_loss: 0.1814, reg_loss: 0.1642, 
2022-07-26 03:05:46 - train: epoch 0012, iter [01400, 03664], lr: 0.000010, total_loss: 0.4107, cls_loss: 0.2255, reg_loss: 0.1852, 
2022-07-26 03:06:28 - train: epoch 0012, iter [01500, 03664], lr: 0.000010, total_loss: 0.2975, cls_loss: 0.1509, reg_loss: 0.1465, 
2022-07-26 03:07:09 - train: epoch 0012, iter [01600, 03664], lr: 0.000010, total_loss: 0.3949, cls_loss: 0.2239, reg_loss: 0.1710, 
2022-07-26 03:07:49 - train: epoch 0012, iter [01700, 03664], lr: 0.000010, total_loss: 0.3094, cls_loss: 0.1457, reg_loss: 0.1636, 
2022-07-26 03:08:33 - train: epoch 0012, iter [01800, 03664], lr: 0.000010, total_loss: 0.3784, cls_loss: 0.1923, reg_loss: 0.1861, 
2022-07-26 03:09:14 - train: epoch 0012, iter [01900, 03664], lr: 0.000010, total_loss: 0.2723, cls_loss: 0.1395, reg_loss: 0.1328, 
2022-07-26 03:09:55 - train: epoch 0012, iter [02000, 03664], lr: 0.000010, total_loss: 0.3823, cls_loss: 0.2073, reg_loss: 0.1750, 
2022-07-26 03:10:39 - train: epoch 0012, iter [02100, 03664], lr: 0.000010, total_loss: 0.2976, cls_loss: 0.1524, reg_loss: 0.1452, 
2022-07-26 03:11:19 - train: epoch 0012, iter [02200, 03664], lr: 0.000010, total_loss: 0.3726, cls_loss: 0.1954, reg_loss: 0.1772, 
2022-07-26 03:12:00 - train: epoch 0012, iter [02300, 03664], lr: 0.000010, total_loss: 0.3268, cls_loss: 0.1718, reg_loss: 0.1550, 
2022-07-26 03:12:42 - train: epoch 0012, iter [02400, 03664], lr: 0.000010, total_loss: 0.3126, cls_loss: 0.1569, reg_loss: 0.1557, 
2022-07-26 03:13:24 - train: epoch 0012, iter [02500, 03664], lr: 0.000010, total_loss: 0.2892, cls_loss: 0.1430, reg_loss: 0.1461, 
2022-07-26 03:14:05 - train: epoch 0012, iter [02600, 03664], lr: 0.000010, total_loss: 0.4161, cls_loss: 0.2267, reg_loss: 0.1893, 
2022-07-26 03:14:47 - train: epoch 0012, iter [02700, 03664], lr: 0.000010, total_loss: 0.3577, cls_loss: 0.1947, reg_loss: 0.1631, 
2022-07-26 03:15:30 - train: epoch 0012, iter [02800, 03664], lr: 0.000010, total_loss: 0.3457, cls_loss: 0.1841, reg_loss: 0.1616, 
2022-07-26 03:16:10 - train: epoch 0012, iter [02900, 03664], lr: 0.000010, total_loss: 0.3215, cls_loss: 0.1627, reg_loss: 0.1588, 
2022-07-26 03:16:52 - train: epoch 0012, iter [03000, 03664], lr: 0.000010, total_loss: 0.3358, cls_loss: 0.1695, reg_loss: 0.1663, 
2022-07-26 03:17:35 - train: epoch 0012, iter [03100, 03664], lr: 0.000010, total_loss: 0.3591, cls_loss: 0.1931, reg_loss: 0.1660, 
2022-07-26 03:18:15 - train: epoch 0012, iter [03200, 03664], lr: 0.000010, total_loss: 0.3172, cls_loss: 0.1745, reg_loss: 0.1427, 
2022-07-26 03:18:58 - train: epoch 0012, iter [03300, 03664], lr: 0.000010, total_loss: 0.3415, cls_loss: 0.1864, reg_loss: 0.1551, 
2022-07-26 03:19:40 - train: epoch 0012, iter [03400, 03664], lr: 0.000010, total_loss: 0.3542, cls_loss: 0.1929, reg_loss: 0.1612, 
2022-07-26 03:20:20 - train: epoch 0012, iter [03500, 03664], lr: 0.000010, total_loss: 0.3213, cls_loss: 0.1750, reg_loss: 0.1463, 
2022-07-26 03:21:01 - train: epoch 0012, iter [03600, 03664], lr: 0.000010, total_loss: 0.3528, cls_loss: 0.1911, reg_loss: 0.1617, 
2022-07-26 03:21:30 - train: epoch 012, train_loss: 0.3441
2022-07-26 03:25:30 - eval: epoch: 012
test_loss: 0.0000
per_image_load_time: 2.067ms
per_image_inference_time: 39.501ms
IoU=0.50:0.95,area=all,maxDets=100,mAP: 31.796083202508978
IoU=0.50,area=all,maxDets=100,mAP: 47.696514858123024
IoU=0.75,area=all,maxDets=100,mAP: 34.090022407114716
IoU=0.50:0.95,area=small,maxDets=100,mAP: 12.202899216455672
IoU=0.50:0.95,area=medium,maxDets=100,mAP: 37.207916742294486
IoU=0.50:0.95,area=large,maxDets=100,mAP: 48.927453182119685
IoU=0.50:0.95,area=all,maxDets=1,mAR: 27.10181976402255
IoU=0.50:0.95,area=all,maxDets=10,mAR: 40.17381904185109
IoU=0.50:0.95,area=all,maxDets=100,mAR: 41.66173806633187
IoU=0.50:0.95,area=small,maxDets=100,mAR: 15.136387084334842
IoU=0.50:0.95,area=medium,maxDets=100,mAR: 49.489323467769786
IoU=0.50:0.95,area=large,maxDets=100,mAR: 62.09665077797559

2022-07-26 03:25:30 - until epoch: 012, best_metric: 31.796%
2022-07-26 03:25:30 - epoch 013 lr: 0.000001
2022-07-26 03:26:21 - train: epoch 0013, iter [00100, 03664], lr: 0.000001, total_loss: 0.3309, cls_loss: 0.1777, reg_loss: 0.1533, 
2022-07-26 03:27:04 - train: epoch 0013, iter [00200, 03664], lr: 0.000001, total_loss: 0.3276, cls_loss: 0.1662, reg_loss: 0.1614, 
2022-07-26 03:27:45 - train: epoch 0013, iter [00300, 03664], lr: 0.000001, total_loss: 0.3366, cls_loss: 0.1622, reg_loss: 0.1744, 
2022-07-26 03:28:27 - train: epoch 0013, iter [00400, 03664], lr: 0.000001, total_loss: 0.3307, cls_loss: 0.1753, reg_loss: 0.1554, 
2022-07-26 03:29:10 - train: epoch 0013, iter [00500, 03664], lr: 0.000001, total_loss: 0.3145, cls_loss: 0.1558, reg_loss: 0.1587, 
2022-07-26 03:29:50 - train: epoch 0013, iter [00600, 03664], lr: 0.000001, total_loss: 0.3667, cls_loss: 0.2017, reg_loss: 0.1650, 
2022-07-26 03:30:31 - train: epoch 0013, iter [00700, 03664], lr: 0.000001, total_loss: 0.3067, cls_loss: 0.1558, reg_loss: 0.1509, 
2022-07-26 03:31:15 - train: epoch 0013, iter [00800, 03664], lr: 0.000001, total_loss: 0.3071, cls_loss: 0.1444, reg_loss: 0.1626, 
2022-07-26 03:31:56 - train: epoch 0013, iter [00900, 03664], lr: 0.000001, total_loss: 0.3405, cls_loss: 0.1824, reg_loss: 0.1581, 
2022-07-26 03:32:36 - train: epoch 0013, iter [01000, 03664], lr: 0.000001, total_loss: 0.3582, cls_loss: 0.1872, reg_loss: 0.1710, 
2022-07-26 03:33:21 - train: epoch 0013, iter [01100, 03664], lr: 0.000001, total_loss: 0.3522, cls_loss: 0.1779, reg_loss: 0.1743, 
2022-07-26 03:34:02 - train: epoch 0013, iter [01200, 03664], lr: 0.000001, total_loss: 0.3301, cls_loss: 0.1742, reg_loss: 0.1559, 
2022-07-26 03:34:42 - train: epoch 0013, iter [01300, 03664], lr: 0.000001, total_loss: 0.3414, cls_loss: 0.1827, reg_loss: 0.1587, 
2022-07-26 03:35:26 - train: epoch 0013, iter [01400, 03664], lr: 0.000001, total_loss: 0.3413, cls_loss: 0.1749, reg_loss: 0.1664, 
2022-07-26 03:36:07 - train: epoch 0013, iter [01500, 03664], lr: 0.000001, total_loss: 0.3976, cls_loss: 0.2086, reg_loss: 0.1890, 
2022-07-26 03:36:48 - train: epoch 0013, iter [01600, 03664], lr: 0.000001, total_loss: 0.3414, cls_loss: 0.1884, reg_loss: 0.1530, 
2022-07-26 03:37:31 - train: epoch 0013, iter [01700, 03664], lr: 0.000001, total_loss: 0.3226, cls_loss: 0.1692, reg_loss: 0.1534, 
2022-07-26 03:38:15 - train: epoch 0013, iter [01800, 03664], lr: 0.000001, total_loss: 0.3190, cls_loss: 0.1650, reg_loss: 0.1540, 
2022-07-26 03:38:55 - train: epoch 0013, iter [01900, 03664], lr: 0.000001, total_loss: 0.3989, cls_loss: 0.2108, reg_loss: 0.1881, 
2022-07-26 03:39:38 - train: epoch 0013, iter [02000, 03664], lr: 0.000001, total_loss: 0.3068, cls_loss: 0.1507, reg_loss: 0.1561, 
2022-07-26 03:40:21 - train: epoch 0013, iter [02100, 03664], lr: 0.000001, total_loss: 0.3632, cls_loss: 0.1973, reg_loss: 0.1659, 
2022-07-26 03:41:02 - train: epoch 0013, iter [02200, 03664], lr: 0.000001, total_loss: 0.3515, cls_loss: 0.1877, reg_loss: 0.1637, 
2022-07-26 03:41:43 - train: epoch 0013, iter [02300, 03664], lr: 0.000001, total_loss: 0.3612, cls_loss: 0.1870, reg_loss: 0.1742, 
2022-07-26 03:42:27 - train: epoch 0013, iter [02400, 03664], lr: 0.000001, total_loss: 0.3550, cls_loss: 0.1935, reg_loss: 0.1614, 
2022-07-26 03:43:09 - train: epoch 0013, iter [02500, 03664], lr: 0.000001, total_loss: 0.3255, cls_loss: 0.1691, reg_loss: 0.1564, 
2022-07-26 03:43:50 - train: epoch 0013, iter [02600, 03664], lr: 0.000001, total_loss: 0.3141, cls_loss: 0.1574, reg_loss: 0.1567, 
2022-07-26 03:44:33 - train: epoch 0013, iter [02700, 03664], lr: 0.000001, total_loss: 0.3405, cls_loss: 0.1821, reg_loss: 0.1584, 
2022-07-26 03:45:15 - train: epoch 0013, iter [02800, 03664], lr: 0.000001, total_loss: 0.3665, cls_loss: 0.1979, reg_loss: 0.1686, 
2022-07-26 03:45:56 - train: epoch 0013, iter [02900, 03664], lr: 0.000001, total_loss: 0.3099, cls_loss: 0.1632, reg_loss: 0.1467, 
2022-07-26 03:46:39 - train: epoch 0013, iter [03000, 03664], lr: 0.000001, total_loss: 0.3441, cls_loss: 0.1842, reg_loss: 0.1599, 
2022-07-26 03:47:22 - train: epoch 0013, iter [03100, 03664], lr: 0.000001, total_loss: 0.2874, cls_loss: 0.1446, reg_loss: 0.1428, 
2022-07-26 03:48:03 - train: epoch 0013, iter [03200, 03664], lr: 0.000001, total_loss: 0.3559, cls_loss: 0.1875, reg_loss: 0.1684, 
2022-07-26 03:48:43 - train: epoch 0013, iter [03300, 03664], lr: 0.000001, total_loss: 0.3332, cls_loss: 0.1772, reg_loss: 0.1560, 
2022-07-26 03:49:28 - train: epoch 0013, iter [03400, 03664], lr: 0.000001, total_loss: 0.4302, cls_loss: 0.2281, reg_loss: 0.2021, 
2022-07-26 03:50:09 - train: epoch 0013, iter [03500, 03664], lr: 0.000001, total_loss: 0.2746, cls_loss: 0.1395, reg_loss: 0.1352, 
2022-07-26 03:50:50 - train: epoch 0013, iter [03600, 03664], lr: 0.000001, total_loss: 0.2956, cls_loss: 0.1433, reg_loss: 0.1523, 
2022-07-26 03:51:19 - train: epoch 013, train_loss: 0.3370
2022-07-26 03:55:25 - eval: epoch: 013
test_loss: 0.0000
per_image_load_time: 2.072ms
per_image_inference_time: 40.613ms
IoU=0.50:0.95,area=all,maxDets=100,mAP: 31.944576399850042
IoU=0.50,area=all,maxDets=100,mAP: 47.9014723954224
IoU=0.75,area=all,maxDets=100,mAP: 34.14009635140168
IoU=0.50:0.95,area=small,maxDets=100,mAP: 11.998364760292606
IoU=0.50:0.95,area=medium,maxDets=100,mAP: 37.208646984955095
IoU=0.50:0.95,area=large,maxDets=100,mAP: 49.537134482349174
IoU=0.50:0.95,area=all,maxDets=1,mAR: 27.176244111966486
IoU=0.50:0.95,area=all,maxDets=10,mAR: 40.2104418403154
IoU=0.50:0.95,area=all,maxDets=100,mAR: 41.709864335603775
IoU=0.50:0.95,area=small,maxDets=100,mAR: 14.87697608480528
IoU=0.50:0.95,area=medium,maxDets=100,mAR: 49.377653097205425
IoU=0.50:0.95,area=large,maxDets=100,mAR: 62.76845278127428

2022-07-26 03:55:25 - until epoch: 013, best_metric: 31.945%
2022-07-26 03:55:25 - train done. model: resnet50_retinanet, train time: 6.061 hours, best_metric: 31.945%
