2022-07-14 23:25:38 - train: epoch 0099, iter [04500, 05004], lr: 0.000100, loss: 1.0008
2022-07-14 23:26:12 - train: epoch 0099, iter [04600, 05004], lr: 0.000100, loss: 1.0339
2022-07-14 23:26:46 - train: epoch 0099, iter [04700, 05004], lr: 0.000100, loss: 0.9012
2022-07-14 23:27:19 - train: epoch 0099, iter [04800, 05004], lr: 0.000100, loss: 1.0943
2022-07-14 23:27:53 - train: epoch 0099, iter [04900, 05004], lr: 0.000100, loss: 0.9470
2022-07-14 23:28:25 - train: epoch 0099, iter [05000, 05004], lr: 0.000100, loss: 0.9473
2022-07-14 23:28:26 - train: epoch 099, train_loss: 0.9564
2022-07-14 23:29:41 - eval: epoch: 099, acc1: 73.990%, acc5: 91.706%, test_loss: 1.0460, per_image_load_time: 2.560ms, per_image_inference_time: 0.291ms
2022-07-14 23:29:41 - until epoch: 099, best_acc1: 74.028%
2022-07-14 23:29:41 - epoch 100 lr: 0.000100
2022-07-14 23:30:20 - train: epoch 0100, iter [00100, 05004], lr: 0.000100, loss: 0.9352
2022-07-14 23:30:52 - train: epoch 0100, iter [00200, 05004], lr: 0.000100, loss: 1.0710
2022-07-14 23:31:27 - train: epoch 0100, iter [00300, 05004], lr: 0.000100, loss: 0.8616
2022-07-14 23:32:01 - train: epoch 0100, iter [00400, 05004], lr: 0.000100, loss: 0.7712
2022-07-14 23:32:34 - train: epoch 0100, iter [00500, 05004], lr: 0.000100, loss: 0.9641
2022-07-14 23:33:07 - train: epoch 0100, iter [00600, 05004], lr: 0.000100, loss: 1.1784
2022-07-14 23:33:40 - train: epoch 0100, iter [00700, 05004], lr: 0.000100, loss: 0.9158
2022-07-14 23:34:14 - train: epoch 0100, iter [00800, 05004], lr: 0.000100, loss: 1.0107
2022-07-14 23:34:47 - train: epoch 0100, iter [00900, 05004], lr: 0.000100, loss: 0.8554
2022-07-14 23:35:20 - train: epoch 0100, iter [01000, 05004], lr: 0.000100, loss: 0.9514
2022-07-14 23:35:54 - train: epoch 0100, iter [01100, 05004], lr: 0.000100, loss: 0.9107
2022-07-14 23:36:27 - train: epoch 0100, iter [01200, 05004], lr: 0.000100, loss: 0.9552
2022-07-14 23:37:00 - train: epoch 0100, iter [01300, 05004], lr: 0.000100, loss: 0.9404
2022-07-14 23:37:33 - train: epoch 0100, iter [01400, 05004], lr: 0.000100, loss: 0.9538
2022-07-14 23:38:07 - train: epoch 0100, iter [01500, 05004], lr: 0.000100, loss: 0.9248
2022-07-14 23:38:41 - train: epoch 0100, iter [01600, 05004], lr: 0.000100, loss: 0.8453
2022-07-14 23:39:14 - train: epoch 0100, iter [01700, 05004], lr: 0.000100, loss: 0.9833
2022-07-14 23:39:47 - train: epoch 0100, iter [01800, 05004], lr: 0.000100, loss: 1.0324
2022-07-14 23:40:21 - train: epoch 0100, iter [01900, 05004], lr: 0.000100, loss: 1.0297
2022-07-14 23:40:54 - train: epoch 0100, iter [02000, 05004], lr: 0.000100, loss: 0.9360
2022-07-14 23:41:27 - train: epoch 0100, iter [02100, 05004], lr: 0.000100, loss: 0.8967
2022-07-14 23:42:00 - train: epoch 0100, iter [02200, 05004], lr: 0.000100, loss: 1.0737
2022-07-14 23:42:35 - train: epoch 0100, iter [02300, 05004], lr: 0.000100, loss: 0.9162
2022-07-14 23:43:07 - train: epoch 0100, iter [02400, 05004], lr: 0.000100, loss: 0.9452
2022-07-14 23:43:41 - train: epoch 0100, iter [02500, 05004], lr: 0.000100, loss: 0.9515
2022-07-14 23:44:15 - train: epoch 0100, iter [02600, 05004], lr: 0.000100, loss: 1.0005
2022-07-14 23:44:47 - train: epoch 0100, iter [02700, 05004], lr: 0.000100, loss: 0.7815
2022-07-14 23:45:20 - train: epoch 0100, iter [02800, 05004], lr: 0.000100, loss: 0.9069
2022-07-14 23:45:54 - train: epoch 0100, iter [02900, 05004], lr: 0.000100, loss: 0.9806
2022-07-14 23:46:28 - train: epoch 0100, iter [03000, 05004], lr: 0.000100, loss: 0.8675
2022-07-14 23:47:01 - train: epoch 0100, iter [03100, 05004], lr: 0.000100, loss: 0.9467
2022-07-14 23:47:35 - train: epoch 0100, iter [03200, 05004], lr: 0.000100, loss: 1.0060
2022-07-14 23:48:07 - train: epoch 0100, iter [03300, 05004], lr: 0.000100, loss: 1.0501
2022-07-14 23:48:42 - train: epoch 0100, iter [03400, 05004], lr: 0.000100, loss: 1.1176
2022-07-14 23:49:14 - train: epoch 0100, iter [03500, 05004], lr: 0.000100, loss: 0.7957
2022-07-14 23:49:48 - train: epoch 0100, iter [03600, 05004], lr: 0.000100, loss: 0.9620
2022-07-14 23:50:21 - train: epoch 0100, iter [03700, 05004], lr: 0.000100, loss: 0.8770
2022-07-14 23:50:55 - train: epoch 0100, iter [03800, 05004], lr: 0.000100, loss: 0.9627
2022-07-14 23:51:28 - train: epoch 0100, iter [03900, 05004], lr: 0.000100, loss: 0.9592
2022-07-14 23:52:02 - train: epoch 0100, iter [04000, 05004], lr: 0.000100, loss: 0.9126
2022-07-14 23:52:34 - train: epoch 0100, iter [04100, 05004], lr: 0.000100, loss: 1.0441
2022-07-14 23:53:08 - train: epoch 0100, iter [04200, 05004], lr: 0.000100, loss: 0.9195
2022-07-14 23:53:41 - train: epoch 0100, iter [04300, 05004], lr: 0.000100, loss: 0.9412
2022-07-14 23:54:15 - train: epoch 0100, iter [04400, 05004], lr: 0.000100, loss: 1.0202
2022-07-14 23:54:48 - train: epoch 0100, iter [04500, 05004], lr: 0.000100, loss: 0.8708
2022-07-14 23:55:22 - train: epoch 0100, iter [04600, 05004], lr: 0.000100, loss: 0.8186
2022-07-14 23:55:54 - train: epoch 0100, iter [04700, 05004], lr: 0.000100, loss: 0.9056
2022-07-14 23:56:29 - train: epoch 0100, iter [04800, 05004], lr: 0.000100, loss: 0.7499
2022-07-14 23:57:01 - train: epoch 0100, iter [04900, 05004], lr: 0.000100, loss: 0.8897
2022-07-14 23:57:34 - train: epoch 0100, iter [05000, 05004], lr: 0.000100, loss: 0.9538
2022-07-14 23:57:35 - train: epoch 100, train_loss: 0.9542
2022-07-14 23:58:49 - eval: epoch: 100, acc1: 74.016%, acc5: 91.720%, test_loss: 1.0465, per_image_load_time: 2.069ms, per_image_inference_time: 0.313ms
2022-07-14 23:58:49 - until epoch: 100, best_acc1: 74.028%
2022-07-14 23:58:49 - train done. model: darknet19, train time: 48.559 hours, best_acc1: 74.028%
