2022-03-15 17:49:34 - train: epoch 0095, iter [04900, 05004], lr: 0.000100, loss: 2.1825, tea_CELoss: 0.9019 stu_CELoss: 1.0522 DMLLoss: 0.2284 
2022-03-15 17:50:06 - train: epoch 0095, iter [05000, 05004], lr: 0.000100, loss: 2.5583, tea_CELoss: 1.1155 stu_CELoss: 1.2658 DMLLoss: 0.1770 
2022-03-15 17:50:07 - train: epoch 095, train_loss: 2.5689
2022-03-15 17:52:37 - eval: epoch: 095, tea_acc1: 74.242%, tea_acc5: 91.930%, tea_test_loss: 1.0123, stu_acc1: 71.596%, stu_acc5: 90.378%, stu_test_loss: 1.1398
2022-03-15 17:52:37 - until epoch: 095, tea_best_acc1: 74.250%, stu_best_acc1: 71.678%
2022-03-15 17:52:37 - epoch 096 lr: 0.00010000000000000003
2022-03-15 17:53:16 - train: epoch 0096, iter [00100, 05004], lr: 0.000100, loss: 2.5529, tea_CELoss: 1.0792 stu_CELoss: 1.2517 DMLLoss: 0.2220 
2022-03-15 17:53:49 - train: epoch 0096, iter [00200, 05004], lr: 0.000100, loss: 2.6264, tea_CELoss: 1.1379 stu_CELoss: 1.2882 DMLLoss: 0.2003 
2022-03-15 17:54:23 - train: epoch 0096, iter [00300, 05004], lr: 0.000100, loss: 2.3849, tea_CELoss: 1.0161 stu_CELoss: 1.1546 DMLLoss: 0.2143 
2022-03-15 17:54:57 - train: epoch 0096, iter [00400, 05004], lr: 0.000100, loss: 2.4309, tea_CELoss: 1.0323 stu_CELoss: 1.1980 DMLLoss: 0.2006 
2022-03-15 17:55:31 - train: epoch 0096, iter [00500, 05004], lr: 0.000100, loss: 2.8014, tea_CELoss: 1.1938 stu_CELoss: 1.4220 DMLLoss: 0.1856 
2022-03-15 17:56:05 - train: epoch 0096, iter [00600, 05004], lr: 0.000100, loss: 2.6100, tea_CELoss: 1.0960 stu_CELoss: 1.2972 DMLLoss: 0.2168 
2022-03-15 17:56:38 - train: epoch 0096, iter [00700, 05004], lr: 0.000100, loss: 2.7176, tea_CELoss: 1.1629 stu_CELoss: 1.3363 DMLLoss: 0.2184 
2022-03-15 17:57:12 - train: epoch 0096, iter [00800, 05004], lr: 0.000100, loss: 2.1566, tea_CELoss: 0.9208 stu_CELoss: 1.0577 DMLLoss: 0.1781 
2022-03-15 17:57:46 - train: epoch 0096, iter [00900, 05004], lr: 0.000100, loss: 2.6980, tea_CELoss: 1.1737 stu_CELoss: 1.3074 DMLLoss: 0.2169 
2022-03-15 17:58:19 - train: epoch 0096, iter [01000, 05004], lr: 0.000100, loss: 2.6261, tea_CELoss: 1.0940 stu_CELoss: 1.3078 DMLLoss: 0.2242 
2022-03-15 17:58:53 - train: epoch 0096, iter [01100, 05004], lr: 0.000100, loss: 2.5941, tea_CELoss: 1.0996 stu_CELoss: 1.2874 DMLLoss: 0.2071 
2022-03-15 17:59:26 - train: epoch 0096, iter [01200, 05004], lr: 0.000100, loss: 2.2938, tea_CELoss: 0.9856 stu_CELoss: 1.1282 DMLLoss: 0.1800 
2022-03-15 18:00:00 - train: epoch 0096, iter [01300, 05004], lr: 0.000100, loss: 2.5041, tea_CELoss: 1.0498 stu_CELoss: 1.2679 DMLLoss: 0.1864 
2022-03-15 18:00:34 - train: epoch 0096, iter [01400, 05004], lr: 0.000100, loss: 2.5579, tea_CELoss: 1.1010 stu_CELoss: 1.2506 DMLLoss: 0.2064 
2022-03-15 18:01:08 - train: epoch 0096, iter [01500, 05004], lr: 0.000100, loss: 2.3190, tea_CELoss: 0.9818 stu_CELoss: 1.1428 DMLLoss: 0.1944 
2022-03-15 18:01:42 - train: epoch 0096, iter [01600, 05004], lr: 0.000100, loss: 2.2169, tea_CELoss: 0.9471 stu_CELoss: 1.0818 DMLLoss: 0.1881 
2022-03-15 18:02:14 - train: epoch 0096, iter [01700, 05004], lr: 0.000100, loss: 2.1737, tea_CELoss: 0.9056 stu_CELoss: 1.0877 DMLLoss: 0.1804 
2022-03-15 18:02:48 - train: epoch 0096, iter [01800, 05004], lr: 0.000100, loss: 2.5482, tea_CELoss: 1.0787 stu_CELoss: 1.2964 DMLLoss: 0.1731 
2022-03-15 18:03:22 - train: epoch 0096, iter [01900, 05004], lr: 0.000100, loss: 2.7252, tea_CELoss: 1.1747 stu_CELoss: 1.3615 DMLLoss: 0.1889 
2022-03-15 18:03:56 - train: epoch 0096, iter [02000, 05004], lr: 0.000100, loss: 2.7056, tea_CELoss: 1.1645 stu_CELoss: 1.3038 DMLLoss: 0.2372 
2022-03-15 18:04:30 - train: epoch 0096, iter [02100, 05004], lr: 0.000100, loss: 2.5707, tea_CELoss: 1.0886 stu_CELoss: 1.2752 DMLLoss: 0.2068 
2022-03-15 18:05:04 - train: epoch 0096, iter [02200, 05004], lr: 0.000100, loss: 2.2784, tea_CELoss: 0.9735 stu_CELoss: 1.1170 DMLLoss: 0.1879 
2022-03-15 18:05:38 - train: epoch 0096, iter [02300, 05004], lr: 0.000100, loss: 2.4911, tea_CELoss: 1.0671 stu_CELoss: 1.2506 DMLLoss: 0.1733 
2022-03-15 18:06:11 - train: epoch 0096, iter [02400, 05004], lr: 0.000100, loss: 2.6214, tea_CELoss: 1.1305 stu_CELoss: 1.2949 DMLLoss: 0.1961 
2022-03-15 18:06:46 - train: epoch 0096, iter [02500, 05004], lr: 0.000100, loss: 2.5236, tea_CELoss: 1.0678 stu_CELoss: 1.2396 DMLLoss: 0.2163 
2022-03-15 18:07:19 - train: epoch 0096, iter [02600, 05004], lr: 0.000100, loss: 2.5859, tea_CELoss: 1.0954 stu_CELoss: 1.2871 DMLLoss: 0.2033 
2022-03-15 18:07:52 - train: epoch 0096, iter [02700, 05004], lr: 0.000100, loss: 2.6465, tea_CELoss: 1.1099 stu_CELoss: 1.3267 DMLLoss: 0.2100 
2022-03-15 18:08:27 - train: epoch 0096, iter [02800, 05004], lr: 0.000100, loss: 2.4760, tea_CELoss: 1.0489 stu_CELoss: 1.2268 DMLLoss: 0.2003 
2022-03-15 18:09:00 - train: epoch 0096, iter [02900, 05004], lr: 0.000100, loss: 2.5863, tea_CELoss: 1.1206 stu_CELoss: 1.2737 DMLLoss: 0.1920 
2022-03-15 18:09:34 - train: epoch 0096, iter [03000, 05004], lr: 0.000100, loss: 2.7280, tea_CELoss: 1.1516 stu_CELoss: 1.3381 DMLLoss: 0.2384 
2022-03-15 18:10:08 - train: epoch 0096, iter [03100, 05004], lr: 0.000100, loss: 2.7403, tea_CELoss: 1.1442 stu_CELoss: 1.3916 DMLLoss: 0.2046 
2022-03-15 18:10:42 - train: epoch 0096, iter [03200, 05004], lr: 0.000100, loss: 2.7847, tea_CELoss: 1.2014 stu_CELoss: 1.3647 DMLLoss: 0.2185 
2022-03-15 18:11:15 - train: epoch 0096, iter [03300, 05004], lr: 0.000100, loss: 2.6671, tea_CELoss: 1.1540 stu_CELoss: 1.2883 DMLLoss: 0.2248 
2022-03-15 18:11:49 - train: epoch 0096, iter [03400, 05004], lr: 0.000100, loss: 2.6927, tea_CELoss: 1.1425 stu_CELoss: 1.3498 DMLLoss: 0.2005 
2022-03-15 18:12:22 - train: epoch 0096, iter [03500, 05004], lr: 0.000100, loss: 2.2630, tea_CELoss: 0.9467 stu_CELoss: 1.1194 DMLLoss: 0.1968 
2022-03-15 18:12:56 - train: epoch 0096, iter [03600, 05004], lr: 0.000100, loss: 2.5236, tea_CELoss: 1.0361 stu_CELoss: 1.2384 DMLLoss: 0.2491 
2022-03-15 18:13:30 - train: epoch 0096, iter [03700, 05004], lr: 0.000100, loss: 2.7618, tea_CELoss: 1.2293 stu_CELoss: 1.3461 DMLLoss: 0.1864 
2022-03-15 18:14:04 - train: epoch 0096, iter [03800, 05004], lr: 0.000100, loss: 2.7511, tea_CELoss: 1.1711 stu_CELoss: 1.3810 DMLLoss: 0.1989 
2022-03-15 18:14:38 - train: epoch 0096, iter [03900, 05004], lr: 0.000100, loss: 2.5232, tea_CELoss: 1.0345 stu_CELoss: 1.2746 DMLLoss: 0.2141 
2022-03-15 18:15:11 - train: epoch 0096, iter [04000, 05004], lr: 0.000100, loss: 2.7367, tea_CELoss: 1.1549 stu_CELoss: 1.3561 DMLLoss: 0.2257 
2022-03-15 18:15:45 - train: epoch 0096, iter [04100, 05004], lr: 0.000100, loss: 2.4655, tea_CELoss: 1.0361 stu_CELoss: 1.2355 DMLLoss: 0.1939 
2022-03-15 18:16:18 - train: epoch 0096, iter [04200, 05004], lr: 0.000100, loss: 2.1941, tea_CELoss: 0.9081 stu_CELoss: 1.0806 DMLLoss: 0.2053 
2022-03-15 18:16:52 - train: epoch 0096, iter [04300, 05004], lr: 0.000100, loss: 2.1465, tea_CELoss: 0.9202 stu_CELoss: 1.0437 DMLLoss: 0.1826 
2022-03-15 18:17:25 - train: epoch 0096, iter [04400, 05004], lr: 0.000100, loss: 2.3740, tea_CELoss: 1.0211 stu_CELoss: 1.1694 DMLLoss: 0.1835 
2022-03-15 18:17:59 - train: epoch 0096, iter [04500, 05004], lr: 0.000100, loss: 2.9636, tea_CELoss: 1.2677 stu_CELoss: 1.4583 DMLLoss: 0.2377 
2022-03-15 18:18:33 - train: epoch 0096, iter [04600, 05004], lr: 0.000100, loss: 2.2158, tea_CELoss: 0.9203 stu_CELoss: 1.1047 DMLLoss: 0.1909 
2022-03-15 18:19:07 - train: epoch 0096, iter [04700, 05004], lr: 0.000100, loss: 3.0242, tea_CELoss: 1.3240 stu_CELoss: 1.4973 DMLLoss: 0.2029 
2022-03-15 18:19:40 - train: epoch 0096, iter [04800, 05004], lr: 0.000100, loss: 2.7327, tea_CELoss: 1.2062 stu_CELoss: 1.3297 DMLLoss: 0.1968 
2022-03-15 18:20:13 - train: epoch 0096, iter [04900, 05004], lr: 0.000100, loss: 2.6023, tea_CELoss: 1.1025 stu_CELoss: 1.2715 DMLLoss: 0.2283 
2022-03-15 18:20:46 - train: epoch 0096, iter [05000, 05004], lr: 0.000100, loss: 2.5238, tea_CELoss: 1.0838 stu_CELoss: 1.2390 DMLLoss: 0.2010 
2022-03-15 18:20:47 - train: epoch 096, train_loss: 2.5627
2022-03-15 18:23:18 - eval: epoch: 096, tea_acc1: 74.222%, tea_acc5: 91.928%, tea_test_loss: 1.0117, stu_acc1: 71.620%, stu_acc5: 90.392%, stu_test_loss: 1.1378
2022-03-15 18:23:18 - until epoch: 096, tea_best_acc1: 74.250%, stu_best_acc1: 71.678%
2022-03-15 18:23:18 - epoch 097 lr: 0.00010000000000000003
2022-03-15 18:23:57 - train: epoch 0097, iter [00100, 05004], lr: 0.000100, loss: 2.6053, tea_CELoss: 1.0967 stu_CELoss: 1.2809 DMLLoss: 0.2276 
2022-03-15 18:24:31 - train: epoch 0097, iter [00200, 05004], lr: 0.000100, loss: 2.3481, tea_CELoss: 0.9841 stu_CELoss: 1.1571 DMLLoss: 0.2069 
2022-03-15 18:25:05 - train: epoch 0097, iter [00300, 05004], lr: 0.000100, loss: 2.8424, tea_CELoss: 1.2060 stu_CELoss: 1.4169 DMLLoss: 0.2195 
2022-03-15 18:25:38 - train: epoch 0097, iter [00400, 05004], lr: 0.000100, loss: 2.5766, tea_CELoss: 1.1089 stu_CELoss: 1.2856 DMLLoss: 0.1821 
2022-03-15 18:26:12 - train: epoch 0097, iter [00500, 05004], lr: 0.000100, loss: 2.7603, tea_CELoss: 1.1787 stu_CELoss: 1.3713 DMLLoss: 0.2102 
2022-03-15 18:26:45 - train: epoch 0097, iter [00600, 05004], lr: 0.000100, loss: 2.5659, tea_CELoss: 1.0990 stu_CELoss: 1.2600 DMLLoss: 0.2070 
2022-03-15 18:27:20 - train: epoch 0097, iter [00700, 05004], lr: 0.000100, loss: 2.6990, tea_CELoss: 1.1544 stu_CELoss: 1.3408 DMLLoss: 0.2038 
2022-03-15 18:27:53 - train: epoch 0097, iter [00800, 05004], lr: 0.000100, loss: 2.3629, tea_CELoss: 1.0158 stu_CELoss: 1.1421 DMLLoss: 0.2050 
2022-03-15 18:28:27 - train: epoch 0097, iter [00900, 05004], lr: 0.000100, loss: 2.5986, tea_CELoss: 1.1217 stu_CELoss: 1.2657 DMLLoss: 0.2111 
2022-03-15 18:29:00 - train: epoch 0097, iter [01000, 05004], lr: 0.000100, loss: 2.3407, tea_CELoss: 0.9897 stu_CELoss: 1.1601 DMLLoss: 0.1909 
2022-03-15 18:29:33 - train: epoch 0097, iter [01100, 05004], lr: 0.000100, loss: 2.0272, tea_CELoss: 0.8136 stu_CELoss: 1.0278 DMLLoss: 0.1858 
2022-03-15 18:30:07 - train: epoch 0097, iter [01200, 05004], lr: 0.000100, loss: 2.8882, tea_CELoss: 1.2328 stu_CELoss: 1.4124 DMLLoss: 0.2430 
2022-03-15 18:30:41 - train: epoch 0097, iter [01300, 05004], lr: 0.000100, loss: 2.3835, tea_CELoss: 1.0032 stu_CELoss: 1.1678 DMLLoss: 0.2125 
2022-03-15 18:31:15 - train: epoch 0097, iter [01400, 05004], lr: 0.000100, loss: 2.7040, tea_CELoss: 1.1414 stu_CELoss: 1.3505 DMLLoss: 0.2121 
2022-03-15 18:31:49 - train: epoch 0097, iter [01500, 05004], lr: 0.000100, loss: 2.4246, tea_CELoss: 1.0003 stu_CELoss: 1.2262 DMLLoss: 0.1981 
2022-03-15 18:32:23 - train: epoch 0097, iter [01600, 05004], lr: 0.000100, loss: 2.3259, tea_CELoss: 1.0082 stu_CELoss: 1.1200 DMLLoss: 0.1977 
2022-03-15 18:32:56 - train: epoch 0097, iter [01700, 05004], lr: 0.000100, loss: 2.3183, tea_CELoss: 0.9912 stu_CELoss: 1.1112 DMLLoss: 0.2160 
2022-03-15 18:33:30 - train: epoch 0097, iter [01800, 05004], lr: 0.000100, loss: 2.6827, tea_CELoss: 1.1074 stu_CELoss: 1.3524 DMLLoss: 0.2230 
2022-03-15 18:34:04 - train: epoch 0097, iter [01900, 05004], lr: 0.000100, loss: 2.5070, tea_CELoss: 1.0564 stu_CELoss: 1.2380 DMLLoss: 0.2127 
2022-03-15 18:34:38 - train: epoch 0097, iter [02000, 05004], lr: 0.000100, loss: 2.3795, tea_CELoss: 1.0216 stu_CELoss: 1.1494 DMLLoss: 0.2086 
2022-03-15 18:35:10 - train: epoch 0097, iter [02100, 05004], lr: 0.000100, loss: 2.2612, tea_CELoss: 0.9653 stu_CELoss: 1.1167 DMLLoss: 0.1792 
2022-03-15 18:35:44 - train: epoch 0097, iter [02200, 05004], lr: 0.000100, loss: 2.5552, tea_CELoss: 1.1048 stu_CELoss: 1.2559 DMLLoss: 0.1945 
2022-03-15 18:36:18 - train: epoch 0097, iter [02300, 05004], lr: 0.000100, loss: 2.7061, tea_CELoss: 1.1622 stu_CELoss: 1.3539 DMLLoss: 0.1899 
2022-03-15 18:36:52 - train: epoch 0097, iter [02400, 05004], lr: 0.000100, loss: 2.6226, tea_CELoss: 1.1255 stu_CELoss: 1.3091 DMLLoss: 0.1880 
2022-03-15 18:37:25 - train: epoch 0097, iter [02500, 05004], lr: 0.000100, loss: 2.5659, tea_CELoss: 1.1117 stu_CELoss: 1.2766 DMLLoss: 0.1776 
2022-03-15 18:37:59 - train: epoch 0097, iter [02600, 05004], lr: 0.000100, loss: 2.4877, tea_CELoss: 1.0326 stu_CELoss: 1.2503 DMLLoss: 0.2048 
2022-03-15 18:38:32 - train: epoch 0097, iter [02700, 05004], lr: 0.000100, loss: 2.3611, tea_CELoss: 0.9930 stu_CELoss: 1.1639 DMLLoss: 0.2043 
2022-03-15 18:39:07 - train: epoch 0097, iter [02800, 05004], lr: 0.000100, loss: 2.9912, tea_CELoss: 1.2913 stu_CELoss: 1.4918 DMLLoss: 0.2080 
2022-03-15 18:39:40 - train: epoch 0097, iter [02900, 05004], lr: 0.000100, loss: 2.5822, tea_CELoss: 1.1294 stu_CELoss: 1.2647 DMLLoss: 0.1880 
2022-03-15 18:40:14 - train: epoch 0097, iter [03000, 05004], lr: 0.000100, loss: 2.5217, tea_CELoss: 1.0684 stu_CELoss: 1.2208 DMLLoss: 0.2325 
2022-03-15 18:40:47 - train: epoch 0097, iter [03100, 05004], lr: 0.000100, loss: 2.6784, tea_CELoss: 1.1418 stu_CELoss: 1.3587 DMLLoss: 0.1779 
2022-03-15 18:41:21 - train: epoch 0097, iter [03200, 05004], lr: 0.000100, loss: 2.8158, tea_CELoss: 1.2088 stu_CELoss: 1.4121 DMLLoss: 0.1949 
2022-03-15 18:41:55 - train: epoch 0097, iter [03300, 05004], lr: 0.000100, loss: 3.0902, tea_CELoss: 1.3436 stu_CELoss: 1.5004 DMLLoss: 0.2462 
2022-03-15 18:42:29 - train: epoch 0097, iter [03400, 05004], lr: 0.000100, loss: 2.6008, tea_CELoss: 1.1088 stu_CELoss: 1.2963 DMLLoss: 0.1957 
2022-03-15 18:43:02 - train: epoch 0097, iter [03500, 05004], lr: 0.000100, loss: 2.3858, tea_CELoss: 1.0163 stu_CELoss: 1.1727 DMLLoss: 0.1968 
2022-03-15 18:43:36 - train: epoch 0097, iter [03600, 05004], lr: 0.000100, loss: 2.5173, tea_CELoss: 1.0836 stu_CELoss: 1.2212 DMLLoss: 0.2124 
2022-03-15 18:44:09 - train: epoch 0097, iter [03700, 05004], lr: 0.000100, loss: 2.3707, tea_CELoss: 1.0300 stu_CELoss: 1.1604 DMLLoss: 0.1804 
2022-03-15 18:44:43 - train: epoch 0097, iter [03800, 05004], lr: 0.000100, loss: 2.4889, tea_CELoss: 1.0818 stu_CELoss: 1.2275 DMLLoss: 0.1796 
2022-03-15 18:45:17 - train: epoch 0097, iter [03900, 05004], lr: 0.000100, loss: 2.5582, tea_CELoss: 1.0956 stu_CELoss: 1.2680 DMLLoss: 0.1946 
2022-03-15 18:45:50 - train: epoch 0097, iter [04000, 05004], lr: 0.000100, loss: 2.9466, tea_CELoss: 1.2700 stu_CELoss: 1.4666 DMLLoss: 0.2100 
2022-03-15 18:46:24 - train: epoch 0097, iter [04100, 05004], lr: 0.000100, loss: 2.4096, tea_CELoss: 0.9903 stu_CELoss: 1.2150 DMLLoss: 0.2043 
2022-03-15 18:46:57 - train: epoch 0097, iter [04200, 05004], lr: 0.000100, loss: 2.5598, tea_CELoss: 1.0726 stu_CELoss: 1.2695 DMLLoss: 0.2177 
2022-03-15 18:47:31 - train: epoch 0097, iter [04300, 05004], lr: 0.000100, loss: 2.4330, tea_CELoss: 1.0069 stu_CELoss: 1.2119 DMLLoss: 0.2142 
2022-03-15 18:48:04 - train: epoch 0097, iter [04400, 05004], lr: 0.000100, loss: 2.4591, tea_CELoss: 1.0279 stu_CELoss: 1.2164 DMLLoss: 0.2148 
2022-03-15 18:48:38 - train: epoch 0097, iter [04500, 05004], lr: 0.000100, loss: 2.6893, tea_CELoss: 1.1549 stu_CELoss: 1.3568 DMLLoss: 0.1777 
2022-03-15 18:49:11 - train: epoch 0097, iter [04600, 05004], lr: 0.000100, loss: 2.3301, tea_CELoss: 0.9745 stu_CELoss: 1.1495 DMLLoss: 0.2061 
2022-03-15 18:49:45 - train: epoch 0097, iter [04700, 05004], lr: 0.000100, loss: 2.4212, tea_CELoss: 1.0289 stu_CELoss: 1.1801 DMLLoss: 0.2122 
2022-03-15 18:50:18 - train: epoch 0097, iter [04800, 05004], lr: 0.000100, loss: 2.4554, tea_CELoss: 1.0804 stu_CELoss: 1.1920 DMLLoss: 0.1830 
2022-03-15 18:50:52 - train: epoch 0097, iter [04900, 05004], lr: 0.000100, loss: 2.5074, tea_CELoss: 1.0601 stu_CELoss: 1.2364 DMLLoss: 0.2108 
2022-03-15 18:51:25 - train: epoch 0097, iter [05000, 05004], lr: 0.000100, loss: 2.1874, tea_CELoss: 0.9306 stu_CELoss: 1.0723 DMLLoss: 0.1846 
2022-03-15 18:51:26 - train: epoch 097, train_loss: 2.5635
2022-03-15 18:53:55 - eval: epoch: 097, tea_acc1: 74.272%, tea_acc5: 91.926%, tea_test_loss: 1.0112, stu_acc1: 71.614%, stu_acc5: 90.436%, stu_test_loss: 1.1379
2022-03-15 18:53:56 - until epoch: 097, tea_best_acc1: 74.272%, stu_best_acc1: 71.678%
2022-03-15 18:53:56 - epoch 098 lr: 0.00010000000000000003
2022-03-15 18:54:35 - train: epoch 0098, iter [00100, 05004], lr: 0.000100, loss: 2.5349, tea_CELoss: 1.0998 stu_CELoss: 1.2456 DMLLoss: 0.1895 
2022-03-15 18:55:08 - train: epoch 0098, iter [00200, 05004], lr: 0.000100, loss: 3.5035, tea_CELoss: 1.5123 stu_CELoss: 1.7314 DMLLoss: 0.2598 
2022-03-15 18:55:42 - train: epoch 0098, iter [00300, 05004], lr: 0.000100, loss: 2.7236, tea_CELoss: 1.1579 stu_CELoss: 1.3538 DMLLoss: 0.2118 
2022-03-15 18:56:15 - train: epoch 0098, iter [00400, 05004], lr: 0.000100, loss: 2.5247, tea_CELoss: 1.0756 stu_CELoss: 1.2408 DMLLoss: 0.2083 
2022-03-15 18:56:49 - train: epoch 0098, iter [00500, 05004], lr: 0.000100, loss: 2.8183, tea_CELoss: 1.2467 stu_CELoss: 1.3737 DMLLoss: 0.1980 
2022-03-15 18:57:22 - train: epoch 0098, iter [00600, 05004], lr: 0.000100, loss: 2.6220, tea_CELoss: 1.1088 stu_CELoss: 1.2902 DMLLoss: 0.2231 
2022-03-15 18:57:56 - train: epoch 0098, iter [00700, 05004], lr: 0.000100, loss: 2.5470, tea_CELoss: 1.0727 stu_CELoss: 1.2691 DMLLoss: 0.2052 
2022-03-15 18:58:30 - train: epoch 0098, iter [00800, 05004], lr: 0.000100, loss: 2.5289, tea_CELoss: 1.0549 stu_CELoss: 1.2646 DMLLoss: 0.2094 
2022-03-15 18:59:03 - train: epoch 0098, iter [00900, 05004], lr: 0.000100, loss: 2.5907, tea_CELoss: 1.1036 stu_CELoss: 1.2820 DMLLoss: 0.2051 
2022-03-15 18:59:37 - train: epoch 0098, iter [01000, 05004], lr: 0.000100, loss: 2.4957, tea_CELoss: 1.0502 stu_CELoss: 1.2312 DMLLoss: 0.2143 
2022-03-15 19:00:10 - train: epoch 0098, iter [01100, 05004], lr: 0.000100, loss: 2.6905, tea_CELoss: 1.1379 stu_CELoss: 1.3304 DMLLoss: 0.2222 
2022-03-15 19:00:44 - train: epoch 0098, iter [01200, 05004], lr: 0.000100, loss: 2.5404, tea_CELoss: 1.1070 stu_CELoss: 1.2292 DMLLoss: 0.2042 
2022-03-15 19:01:18 - train: epoch 0098, iter [01300, 05004], lr: 0.000100, loss: 2.5928, tea_CELoss: 1.1126 stu_CELoss: 1.2965 DMLLoss: 0.1838 
2022-03-15 19:01:51 - train: epoch 0098, iter [01400, 05004], lr: 0.000100, loss: 2.4778, tea_CELoss: 1.0628 stu_CELoss: 1.1946 DMLLoss: 0.2204 
2022-03-15 19:02:24 - train: epoch 0098, iter [01500, 05004], lr: 0.000100, loss: 2.5594, tea_CELoss: 1.0836 stu_CELoss: 1.2692 DMLLoss: 0.2066 
2022-03-15 19:02:58 - train: epoch 0098, iter [01600, 05004], lr: 0.000100, loss: 2.7792, tea_CELoss: 1.1952 stu_CELoss: 1.3651 DMLLoss: 0.2189 
2022-03-15 19:03:33 - train: epoch 0098, iter [01700, 05004], lr: 0.000100, loss: 2.6530, tea_CELoss: 1.1217 stu_CELoss: 1.3255 DMLLoss: 0.2058 
2022-03-15 19:04:06 - train: epoch 0098, iter [01800, 05004], lr: 0.000100, loss: 2.6471, tea_CELoss: 1.1523 stu_CELoss: 1.2817 DMLLoss: 0.2131 
2022-03-15 19:04:39 - train: epoch 0098, iter [01900, 05004], lr: 0.000100, loss: 2.3581, tea_CELoss: 0.9881 stu_CELoss: 1.1554 DMLLoss: 0.2146 
2022-03-15 19:05:13 - train: epoch 0098, iter [02000, 05004], lr: 0.000100, loss: 2.7087, tea_CELoss: 1.1492 stu_CELoss: 1.3545 DMLLoss: 0.2050 
2022-03-15 19:05:46 - train: epoch 0098, iter [02100, 05004], lr: 0.000100, loss: 2.7263, tea_CELoss: 1.1759 stu_CELoss: 1.3644 DMLLoss: 0.1859 
2022-03-15 19:06:19 - train: epoch 0098, iter [02200, 05004], lr: 0.000100, loss: 2.5984, tea_CELoss: 1.0904 stu_CELoss: 1.2704 DMLLoss: 0.2375 
2022-03-15 19:06:52 - train: epoch 0098, iter [02300, 05004], lr: 0.000100, loss: 2.5519, tea_CELoss: 1.0966 stu_CELoss: 1.2664 DMLLoss: 0.1889 
2022-03-15 19:07:25 - train: epoch 0098, iter [02400, 05004], lr: 0.000100, loss: 2.7606, tea_CELoss: 1.1738 stu_CELoss: 1.3853 DMLLoss: 0.2015 
2022-03-15 19:07:59 - train: epoch 0098, iter [02500, 05004], lr: 0.000100, loss: 2.5491, tea_CELoss: 1.0810 stu_CELoss: 1.2680 DMLLoss: 0.2000 
2022-03-15 19:08:33 - train: epoch 0098, iter [02600, 05004], lr: 0.000100, loss: 2.9000, tea_CELoss: 1.2051 stu_CELoss: 1.4508 DMLLoss: 0.2441 
2022-03-15 19:09:06 - train: epoch 0098, iter [02700, 05004], lr: 0.000100, loss: 2.7166, tea_CELoss: 1.1722 stu_CELoss: 1.3176 DMLLoss: 0.2268 
2022-03-15 19:09:39 - train: epoch 0098, iter [02800, 05004], lr: 0.000100, loss: 2.8340, tea_CELoss: 1.1966 stu_CELoss: 1.4221 DMLLoss: 0.2152 
2022-03-15 19:10:13 - train: epoch 0098, iter [02900, 05004], lr: 0.000100, loss: 2.5771, tea_CELoss: 1.1243 stu_CELoss: 1.2742 DMLLoss: 0.1785 
2022-03-15 19:10:47 - train: epoch 0098, iter [03000, 05004], lr: 0.000100, loss: 2.4728, tea_CELoss: 1.0305 stu_CELoss: 1.2517 DMLLoss: 0.1906 
2022-03-15 19:11:21 - train: epoch 0098, iter [03100, 05004], lr: 0.000100, loss: 2.3129, tea_CELoss: 0.9902 stu_CELoss: 1.1311 DMLLoss: 0.1917 
2022-03-15 19:11:54 - train: epoch 0098, iter [03200, 05004], lr: 0.000100, loss: 2.0035, tea_CELoss: 0.8389 stu_CELoss: 0.9894 DMLLoss: 0.1752 
2022-03-15 19:12:28 - train: epoch 0098, iter [03300, 05004], lr: 0.000100, loss: 2.4142, tea_CELoss: 1.0449 stu_CELoss: 1.1658 DMLLoss: 0.2036 
2022-03-15 19:13:01 - train: epoch 0098, iter [03400, 05004], lr: 0.000100, loss: 2.6584, tea_CELoss: 1.1127 stu_CELoss: 1.3254 DMLLoss: 0.2202 
2022-03-15 19:13:35 - train: epoch 0098, iter [03500, 05004], lr: 0.000100, loss: 2.3829, tea_CELoss: 1.0338 stu_CELoss: 1.1498 DMLLoss: 0.1994 
2022-03-15 19:14:08 - train: epoch 0098, iter [03600, 05004], lr: 0.000100, loss: 2.9820, tea_CELoss: 1.3167 stu_CELoss: 1.4599 DMLLoss: 0.2054 
2022-03-15 19:14:42 - train: epoch 0098, iter [03700, 05004], lr: 0.000100, loss: 2.7336, tea_CELoss: 1.1573 stu_CELoss: 1.3877 DMLLoss: 0.1886 
2022-03-15 19:15:15 - train: epoch 0098, iter [03800, 05004], lr: 0.000100, loss: 2.5703, tea_CELoss: 1.0876 stu_CELoss: 1.2935 DMLLoss: 0.1893 
2022-03-15 19:15:48 - train: epoch 0098, iter [03900, 05004], lr: 0.000100, loss: 2.3123, tea_CELoss: 0.9737 stu_CELoss: 1.1435 DMLLoss: 0.1951 
2022-03-15 19:16:21 - train: epoch 0098, iter [04000, 05004], lr: 0.000100, loss: 2.7263, tea_CELoss: 1.1877 stu_CELoss: 1.3549 DMLLoss: 0.1836 
2022-03-15 19:16:55 - train: epoch 0098, iter [04100, 05004], lr: 0.000100, loss: 2.6592, tea_CELoss: 1.1395 stu_CELoss: 1.2975 DMLLoss: 0.2222 
2022-03-15 19:17:29 - train: epoch 0098, iter [04200, 05004], lr: 0.000100, loss: 2.8685, tea_CELoss: 1.2250 stu_CELoss: 1.4268 DMLLoss: 0.2167 
2022-03-15 19:18:02 - train: epoch 0098, iter [04300, 05004], lr: 0.000100, loss: 2.3865, tea_CELoss: 0.9970 stu_CELoss: 1.1980 DMLLoss: 0.1915 
2022-03-15 19:18:36 - train: epoch 0098, iter [04400, 05004], lr: 0.000100, loss: 2.6761, tea_CELoss: 1.1424 stu_CELoss: 1.3164 DMLLoss: 0.2172 
2022-03-15 19:19:10 - train: epoch 0098, iter [04500, 05004], lr: 0.000100, loss: 2.8346, tea_CELoss: 1.2246 stu_CELoss: 1.3699 DMLLoss: 0.2401 
2022-03-15 19:19:43 - train: epoch 0098, iter [04600, 05004], lr: 0.000100, loss: 2.6358, tea_CELoss: 1.1181 stu_CELoss: 1.3137 DMLLoss: 0.2040 
2022-03-15 19:20:17 - train: epoch 0098, iter [04700, 05004], lr: 0.000100, loss: 2.9280, tea_CELoss: 1.2877 stu_CELoss: 1.4299 DMLLoss: 0.2104 
2022-03-15 19:20:50 - train: epoch 0098, iter [04800, 05004], lr: 0.000100, loss: 2.4738, tea_CELoss: 1.0344 stu_CELoss: 1.2284 DMLLoss: 0.2111 
2022-03-15 19:21:24 - train: epoch 0098, iter [04900, 05004], lr: 0.000100, loss: 2.5280, tea_CELoss: 1.0536 stu_CELoss: 1.2723 DMLLoss: 0.2021 
2022-03-15 19:21:56 - train: epoch 0098, iter [05000, 05004], lr: 0.000100, loss: 2.4620, tea_CELoss: 1.0393 stu_CELoss: 1.1878 DMLLoss: 0.2349 
2022-03-15 19:21:57 - train: epoch 098, train_loss: 2.5640
2022-03-15 19:24:27 - eval: epoch: 098, tea_acc1: 74.308%, tea_acc5: 91.932%, tea_test_loss: 1.0122, stu_acc1: 71.648%, stu_acc5: 90.426%, stu_test_loss: 1.1387
2022-03-15 19:24:28 - until epoch: 098, tea_best_acc1: 74.308%, stu_best_acc1: 71.678%
2022-03-15 19:24:28 - epoch 099 lr: 0.00010000000000000003
2022-03-15 19:25:06 - train: epoch 0099, iter [00100, 05004], lr: 0.000100, loss: 2.6022, tea_CELoss: 1.0785 stu_CELoss: 1.3092 DMLLoss: 0.2145 
2022-03-15 19:25:40 - train: epoch 0099, iter [00200, 05004], lr: 0.000100, loss: 2.3465, tea_CELoss: 0.9890 stu_CELoss: 1.1495 DMLLoss: 0.2079 
2022-03-15 19:26:13 - train: epoch 0099, iter [00300, 05004], lr: 0.000100, loss: 2.3042, tea_CELoss: 0.9541 stu_CELoss: 1.1551 DMLLoss: 0.1951 
2022-03-15 19:26:46 - train: epoch 0099, iter [00400, 05004], lr: 0.000100, loss: 2.6182, tea_CELoss: 1.1239 stu_CELoss: 1.3147 DMLLoss: 0.1796 
2022-03-15 19:27:20 - train: epoch 0099, iter [00500, 05004], lr: 0.000100, loss: 2.5565, tea_CELoss: 1.0483 stu_CELoss: 1.2976 DMLLoss: 0.2106 
2022-03-15 19:27:51 - train: epoch 0099, iter [00600, 05004], lr: 0.000100, loss: 2.6810, tea_CELoss: 1.1428 stu_CELoss: 1.3155 DMLLoss: 0.2227 
2022-03-15 19:28:25 - train: epoch 0099, iter [00700, 05004], lr: 0.000100, loss: 2.4521, tea_CELoss: 1.0882 stu_CELoss: 1.1745 DMLLoss: 0.1894 
2022-03-15 19:28:59 - train: epoch 0099, iter [00800, 05004], lr: 0.000100, loss: 2.4455, tea_CELoss: 0.9945 stu_CELoss: 1.2317 DMLLoss: 0.2193 
2022-03-15 19:29:33 - train: epoch 0099, iter [00900, 05004], lr: 0.000100, loss: 2.7568, tea_CELoss: 1.2125 stu_CELoss: 1.3483 DMLLoss: 0.1960 
2022-03-15 19:30:07 - train: epoch 0099, iter [01000, 05004], lr: 0.000100, loss: 2.3505, tea_CELoss: 0.9749 stu_CELoss: 1.1743 DMLLoss: 0.2013 
2022-03-15 19:30:41 - train: epoch 0099, iter [01100, 05004], lr: 0.000100, loss: 3.0282, tea_CELoss: 1.3130 stu_CELoss: 1.4940 DMLLoss: 0.2212 
2022-03-15 19:31:14 - train: epoch 0099, iter [01200, 05004], lr: 0.000100, loss: 2.4934, tea_CELoss: 1.0407 stu_CELoss: 1.2264 DMLLoss: 0.2263 
2022-03-15 19:31:47 - train: epoch 0099, iter [01300, 05004], lr: 0.000100, loss: 2.5303, tea_CELoss: 1.0644 stu_CELoss: 1.2503 DMLLoss: 0.2156 
2022-03-15 19:32:21 - train: epoch 0099, iter [01400, 05004], lr: 0.000100, loss: 2.6995, tea_CELoss: 1.1182 stu_CELoss: 1.3703 DMLLoss: 0.2110 
2022-03-15 19:32:54 - train: epoch 0099, iter [01500, 05004], lr: 0.000100, loss: 2.4543, tea_CELoss: 1.0488 stu_CELoss: 1.1819 DMLLoss: 0.2237 
2022-03-15 19:33:27 - train: epoch 0099, iter [01600, 05004], lr: 0.000100, loss: 2.5069, tea_CELoss: 1.0684 stu_CELoss: 1.2538 DMLLoss: 0.1847 
2022-03-15 19:34:00 - train: epoch 0099, iter [01700, 05004], lr: 0.000100, loss: 2.5518, tea_CELoss: 1.1039 stu_CELoss: 1.2686 DMLLoss: 0.1794 
2022-03-15 19:34:33 - train: epoch 0099, iter [01800, 05004], lr: 0.000100, loss: 2.6935, tea_CELoss: 1.1535 stu_CELoss: 1.3162 DMLLoss: 0.2238 
2022-03-15 19:35:06 - train: epoch 0099, iter [01900, 05004], lr: 0.000100, loss: 2.9417, tea_CELoss: 1.2480 stu_CELoss: 1.4514 DMLLoss: 0.2423 
2022-03-15 19:35:40 - train: epoch 0099, iter [02000, 05004], lr: 0.000100, loss: 2.4214, tea_CELoss: 1.0147 stu_CELoss: 1.2130 DMLLoss: 0.1936 
2022-03-15 19:36:13 - train: epoch 0099, iter [02100, 05004], lr: 0.000100, loss: 2.3571, tea_CELoss: 0.9951 stu_CELoss: 1.1745 DMLLoss: 0.1875 
2022-03-15 19:36:47 - train: epoch 0099, iter [02200, 05004], lr: 0.000100, loss: 2.3194, tea_CELoss: 1.0035 stu_CELoss: 1.1343 DMLLoss: 0.1816 
2022-03-15 19:37:20 - train: epoch 0099, iter [02300, 05004], lr: 0.000100, loss: 2.2514, tea_CELoss: 0.9478 stu_CELoss: 1.0965 DMLLoss: 0.2071 
2022-03-15 19:37:53 - train: epoch 0099, iter [02400, 05004], lr: 0.000100, loss: 3.0132, tea_CELoss: 1.2767 stu_CELoss: 1.4995 DMLLoss: 0.2370 
2022-03-15 19:38:26 - train: epoch 0099, iter [02500, 05004], lr: 0.000100, loss: 2.3077, tea_CELoss: 0.9279 stu_CELoss: 1.1674 DMLLoss: 0.2124 
2022-03-15 19:38:59 - train: epoch 0099, iter [02600, 05004], lr: 0.000100, loss: 2.3280, tea_CELoss: 1.0152 stu_CELoss: 1.1205 DMLLoss: 0.1922 
2022-03-15 19:39:32 - train: epoch 0099, iter [02700, 05004], lr: 0.000100, loss: 2.6858, tea_CELoss: 1.1224 stu_CELoss: 1.3251 DMLLoss: 0.2383 
2022-03-15 19:40:06 - train: epoch 0099, iter [02800, 05004], lr: 0.000100, loss: 2.1870, tea_CELoss: 0.9292 stu_CELoss: 1.0790 DMLLoss: 0.1788 
2022-03-15 19:40:38 - train: epoch 0099, iter [02900, 05004], lr: 0.000100, loss: 2.2868, tea_CELoss: 0.9676 stu_CELoss: 1.1009 DMLLoss: 0.2183 
2022-03-15 19:41:12 - train: epoch 0099, iter [03000, 05004], lr: 0.000100, loss: 2.7411, tea_CELoss: 1.1461 stu_CELoss: 1.3644 DMLLoss: 0.2307 
2022-03-15 19:41:45 - train: epoch 0099, iter [03100, 05004], lr: 0.000100, loss: 2.2727, tea_CELoss: 0.9460 stu_CELoss: 1.1377 DMLLoss: 0.1890 
2022-03-15 19:42:18 - train: epoch 0099, iter [03200, 05004], lr: 0.000100, loss: 2.5337, tea_CELoss: 1.0546 stu_CELoss: 1.2656 DMLLoss: 0.2136 
2022-03-15 19:42:50 - train: epoch 0099, iter [03300, 05004], lr: 0.000100, loss: 2.4484, tea_CELoss: 1.0582 stu_CELoss: 1.2101 DMLLoss: 0.1801 
2022-03-15 19:43:24 - train: epoch 0099, iter [03400, 05004], lr: 0.000100, loss: 2.5172, tea_CELoss: 1.0844 stu_CELoss: 1.2517 DMLLoss: 0.1811 
2022-03-15 19:43:57 - train: epoch 0099, iter [03500, 05004], lr: 0.000100, loss: 2.9049, tea_CELoss: 1.2625 stu_CELoss: 1.4235 DMLLoss: 0.2189 
2022-03-15 19:44:30 - train: epoch 0099, iter [03600, 05004], lr: 0.000100, loss: 2.4080, tea_CELoss: 1.0150 stu_CELoss: 1.1975 DMLLoss: 0.1955 
2022-03-15 19:45:03 - train: epoch 0099, iter [03700, 05004], lr: 0.000100, loss: 2.0027, tea_CELoss: 0.8473 stu_CELoss: 0.9593 DMLLoss: 0.1961 
2022-03-15 19:45:36 - train: epoch 0099, iter [03800, 05004], lr: 0.000100, loss: 2.6252, tea_CELoss: 1.1442 stu_CELoss: 1.3073 DMLLoss: 0.1736 
2022-03-15 19:46:08 - train: epoch 0099, iter [03900, 05004], lr: 0.000100, loss: 2.3919, tea_CELoss: 0.9841 stu_CELoss: 1.2191 DMLLoss: 0.1887 
2022-03-15 19:46:42 - train: epoch 0099, iter [04000, 05004], lr: 0.000100, loss: 2.6215, tea_CELoss: 1.1229 stu_CELoss: 1.2928 DMLLoss: 0.2057 
2022-03-15 19:47:14 - train: epoch 0099, iter [04100, 05004], lr: 0.000100, loss: 2.3206, tea_CELoss: 0.9621 stu_CELoss: 1.1337 DMLLoss: 0.2248 
2022-03-15 19:47:48 - train: epoch 0099, iter [04200, 05004], lr: 0.000100, loss: 2.7687, tea_CELoss: 1.2129 stu_CELoss: 1.3535 DMLLoss: 0.2022 
2022-03-15 19:48:22 - train: epoch 0099, iter [04300, 05004], lr: 0.000100, loss: 2.6249, tea_CELoss: 1.1443 stu_CELoss: 1.3019 DMLLoss: 0.1786 
2022-03-15 19:48:55 - train: epoch 0099, iter [04400, 05004], lr: 0.000100, loss: 2.4827, tea_CELoss: 1.0389 stu_CELoss: 1.2341 DMLLoss: 0.2097 
2022-03-15 19:49:27 - train: epoch 0099, iter [04500, 05004], lr: 0.000100, loss: 3.3136, tea_CELoss: 1.4109 stu_CELoss: 1.6778 DMLLoss: 0.2249 
2022-03-15 19:50:00 - train: epoch 0099, iter [04600, 05004], lr: 0.000100, loss: 2.6749, tea_CELoss: 1.1623 stu_CELoss: 1.3192 DMLLoss: 0.1934 
2022-03-15 19:50:33 - train: epoch 0099, iter [04700, 05004], lr: 0.000100, loss: 2.5488, tea_CELoss: 1.1065 stu_CELoss: 1.2574 DMLLoss: 0.1848 
2022-03-15 19:51:07 - train: epoch 0099, iter [04800, 05004], lr: 0.000100, loss: 2.5698, tea_CELoss: 1.0629 stu_CELoss: 1.2880 DMLLoss: 0.2189 
2022-03-15 19:51:39 - train: epoch 0099, iter [04900, 05004], lr: 0.000100, loss: 2.5393, tea_CELoss: 1.0795 stu_CELoss: 1.2780 DMLLoss: 0.1818 
2022-03-15 19:52:12 - train: epoch 0099, iter [05000, 05004], lr: 0.000100, loss: 2.7107, tea_CELoss: 1.1095 stu_CELoss: 1.3721 DMLLoss: 0.2291 
2022-03-15 19:52:13 - train: epoch 099, train_loss: 2.5547
2022-03-15 19:54:41 - eval: epoch: 099, tea_acc1: 74.294%, tea_acc5: 91.944%, tea_test_loss: 1.0112, stu_acc1: 71.640%, stu_acc5: 90.444%, stu_test_loss: 1.1377
2022-03-15 19:54:42 - until epoch: 099, tea_best_acc1: 74.308%, stu_best_acc1: 71.678%
2022-03-15 19:54:42 - epoch 100 lr: 0.00010000000000000003
2022-03-15 19:55:20 - train: epoch 0100, iter [00100, 05004], lr: 0.000100, loss: 2.7799, tea_CELoss: 1.1953 stu_CELoss: 1.3736 DMLLoss: 0.2110 
2022-03-15 19:55:54 - train: epoch 0100, iter [00200, 05004], lr: 0.000100, loss: 2.6561, tea_CELoss: 1.1359 stu_CELoss: 1.3122 DMLLoss: 0.2080 
2022-03-15 19:56:28 - train: epoch 0100, iter [00300, 05004], lr: 0.000100, loss: 2.6373, tea_CELoss: 1.1151 stu_CELoss: 1.3088 DMLLoss: 0.2134 
2022-03-15 19:57:01 - train: epoch 0100, iter [00400, 05004], lr: 0.000100, loss: 2.3466, tea_CELoss: 1.0097 stu_CELoss: 1.1458 DMLLoss: 0.1912 
2022-03-15 19:57:34 - train: epoch 0100, iter [00500, 05004], lr: 0.000100, loss: 2.3794, tea_CELoss: 0.9787 stu_CELoss: 1.1952 DMLLoss: 0.2055 
2022-03-15 19:58:08 - train: epoch 0100, iter [00600, 05004], lr: 0.000100, loss: 2.4142, tea_CELoss: 1.0424 stu_CELoss: 1.1916 DMLLoss: 0.1802 
2022-03-15 19:58:42 - train: epoch 0100, iter [00700, 05004], lr: 0.000100, loss: 2.3585, tea_CELoss: 0.9991 stu_CELoss: 1.1768 DMLLoss: 0.1827 
2022-03-15 19:59:14 - train: epoch 0100, iter [00800, 05004], lr: 0.000100, loss: 2.3833, tea_CELoss: 1.0188 stu_CELoss: 1.1621 DMLLoss: 0.2024 
2022-03-15 19:59:47 - train: epoch 0100, iter [00900, 05004], lr: 0.000100, loss: 2.5479, tea_CELoss: 1.0697 stu_CELoss: 1.2516 DMLLoss: 0.2265 
2022-03-15 20:00:21 - train: epoch 0100, iter [01000, 05004], lr: 0.000100, loss: 2.5626, tea_CELoss: 1.0704 stu_CELoss: 1.2697 DMLLoss: 0.2225 
2022-03-15 20:00:55 - train: epoch 0100, iter [01100, 05004], lr: 0.000100, loss: 1.8483, tea_CELoss: 0.7623 stu_CELoss: 0.9014 DMLLoss: 0.1847 
2022-03-15 20:01:28 - train: epoch 0100, iter [01200, 05004], lr: 0.000100, loss: 2.6173, tea_CELoss: 1.0927 stu_CELoss: 1.3213 DMLLoss: 0.2033 
2022-03-15 20:02:00 - train: epoch 0100, iter [01300, 05004], lr: 0.000100, loss: 2.4855, tea_CELoss: 1.0468 stu_CELoss: 1.2426 DMLLoss: 0.1962 
2022-03-15 20:02:34 - train: epoch 0100, iter [01400, 05004], lr: 0.000100, loss: 2.6352, tea_CELoss: 1.0997 stu_CELoss: 1.3129 DMLLoss: 0.2226 
2022-03-15 20:03:08 - train: epoch 0100, iter [01500, 05004], lr: 0.000100, loss: 2.7323, tea_CELoss: 1.1530 stu_CELoss: 1.3449 DMLLoss: 0.2345 
2022-03-15 20:03:41 - train: epoch 0100, iter [01600, 05004], lr: 0.000100, loss: 2.6973, tea_CELoss: 1.1454 stu_CELoss: 1.3219 DMLLoss: 0.2301 
2022-03-15 20:04:14 - train: epoch 0100, iter [01700, 05004], lr: 0.000100, loss: 2.3852, tea_CELoss: 1.0263 stu_CELoss: 1.1633 DMLLoss: 0.1956 
2022-03-15 20:04:47 - train: epoch 0100, iter [01800, 05004], lr: 0.000100, loss: 2.6026, tea_CELoss: 1.0879 stu_CELoss: 1.2724 DMLLoss: 0.2424 
2022-03-15 20:05:21 - train: epoch 0100, iter [01900, 05004], lr: 0.000100, loss: 2.4728, tea_CELoss: 1.0046 stu_CELoss: 1.2472 DMLLoss: 0.2210 
2022-03-15 20:05:54 - train: epoch 0100, iter [02000, 05004], lr: 0.000100, loss: 2.7392, tea_CELoss: 1.1576 stu_CELoss: 1.3608 DMLLoss: 0.2208 
2022-03-15 20:06:27 - train: epoch 0100, iter [02100, 05004], lr: 0.000100, loss: 2.3011, tea_CELoss: 0.9684 stu_CELoss: 1.1423 DMLLoss: 0.1904 
2022-03-15 20:07:01 - train: epoch 0100, iter [02200, 05004], lr: 0.000100, loss: 2.7446, tea_CELoss: 1.1624 stu_CELoss: 1.3770 DMLLoss: 0.2052 
2022-03-15 20:07:35 - train: epoch 0100, iter [02300, 05004], lr: 0.000100, loss: 2.3944, tea_CELoss: 1.0202 stu_CELoss: 1.1940 DMLLoss: 0.1802 
2022-03-15 20:08:09 - train: epoch 0100, iter [02400, 05004], lr: 0.000100, loss: 2.6774, tea_CELoss: 1.1496 stu_CELoss: 1.3161 DMLLoss: 0.2117 
2022-03-15 20:08:42 - train: epoch 0100, iter [02500, 05004], lr: 0.000100, loss: 2.7330, tea_CELoss: 1.2018 stu_CELoss: 1.3288 DMLLoss: 0.2023 
2022-03-15 20:09:15 - train: epoch 0100, iter [02600, 05004], lr: 0.000100, loss: 2.6345, tea_CELoss: 1.1286 stu_CELoss: 1.3172 DMLLoss: 0.1886 
2022-03-15 20:09:47 - train: epoch 0100, iter [02700, 05004], lr: 0.000100, loss: 2.6058, tea_CELoss: 1.0751 stu_CELoss: 1.3113 DMLLoss: 0.2195 
2022-03-15 20:10:21 - train: epoch 0100, iter [02800, 05004], lr: 0.000100, loss: 2.4621, tea_CELoss: 1.0405 stu_CELoss: 1.2058 DMLLoss: 0.2158 
2022-03-15 20:10:54 - train: epoch 0100, iter [02900, 05004], lr: 0.000100, loss: 2.5411, tea_CELoss: 1.0677 stu_CELoss: 1.2635 DMLLoss: 0.2099 
2022-03-15 20:11:27 - train: epoch 0100, iter [03000, 05004], lr: 0.000100, loss: 2.5517, tea_CELoss: 1.0778 stu_CELoss: 1.2749 DMLLoss: 0.1990 
2022-03-15 20:12:00 - train: epoch 0100, iter [03100, 05004], lr: 0.000100, loss: 2.4352, tea_CELoss: 1.0302 stu_CELoss: 1.1976 DMLLoss: 0.2074 
2022-03-15 20:12:33 - train: epoch 0100, iter [03200, 05004], lr: 0.000100, loss: 2.5295, tea_CELoss: 1.0400 stu_CELoss: 1.2565 DMLLoss: 0.2330 
2022-03-15 20:13:07 - train: epoch 0100, iter [03300, 05004], lr: 0.000100, loss: 2.4721, tea_CELoss: 1.0824 stu_CELoss: 1.2044 DMLLoss: 0.1853 
2022-03-15 20:13:41 - train: epoch 0100, iter [03400, 05004], lr: 0.000100, loss: 2.4630, tea_CELoss: 1.0169 stu_CELoss: 1.2360 DMLLoss: 0.2100 
2022-03-15 20:14:13 - train: epoch 0100, iter [03500, 05004], lr: 0.000100, loss: 2.5535, tea_CELoss: 1.1382 stu_CELoss: 1.2167 DMLLoss: 0.1985 
2022-03-15 20:14:47 - train: epoch 0100, iter [03600, 05004], lr: 0.000100, loss: 2.5247, tea_CELoss: 1.0886 stu_CELoss: 1.2281 DMLLoss: 0.2080 
2022-03-15 20:15:20 - train: epoch 0100, iter [03700, 05004], lr: 0.000100, loss: 2.4219, tea_CELoss: 1.0337 stu_CELoss: 1.1939 DMLLoss: 0.1942 
2022-03-15 20:15:53 - train: epoch 0100, iter [03800, 05004], lr: 0.000100, loss: 2.4238, tea_CELoss: 1.0338 stu_CELoss: 1.2112 DMLLoss: 0.1788 
2022-03-15 20:16:26 - train: epoch 0100, iter [03900, 05004], lr: 0.000100, loss: 2.5082, tea_CELoss: 1.0847 stu_CELoss: 1.2277 DMLLoss: 0.1958 
2022-03-15 20:17:00 - train: epoch 0100, iter [04000, 05004], lr: 0.000100, loss: 2.4905, tea_CELoss: 1.0658 stu_CELoss: 1.2214 DMLLoss: 0.2033 
2022-03-15 20:17:32 - train: epoch 0100, iter [04100, 05004], lr: 0.000100, loss: 2.6662, tea_CELoss: 1.1236 stu_CELoss: 1.3289 DMLLoss: 0.2136 
2022-03-15 20:18:06 - train: epoch 0100, iter [04200, 05004], lr: 0.000100, loss: 2.7904, tea_CELoss: 1.1813 stu_CELoss: 1.3927 DMLLoss: 0.2163 
2022-03-15 20:18:39 - train: epoch 0100, iter [04300, 05004], lr: 0.000100, loss: 2.4368, tea_CELoss: 1.0106 stu_CELoss: 1.1846 DMLLoss: 0.2417 
2022-03-15 20:19:12 - train: epoch 0100, iter [04400, 05004], lr: 0.000100, loss: 2.5684, tea_CELoss: 1.0898 stu_CELoss: 1.2568 DMLLoss: 0.2218 
2022-03-15 20:19:46 - train: epoch 0100, iter [04500, 05004], lr: 0.000100, loss: 2.6142, tea_CELoss: 1.1389 stu_CELoss: 1.2607 DMLLoss: 0.2146 
2022-03-15 20:20:19 - train: epoch 0100, iter [04600, 05004], lr: 0.000100, loss: 2.4252, tea_CELoss: 1.0342 stu_CELoss: 1.1980 DMLLoss: 0.1931 
2022-03-15 20:20:52 - train: epoch 0100, iter [04700, 05004], lr: 0.000100, loss: 2.5296, tea_CELoss: 1.0193 stu_CELoss: 1.2683 DMLLoss: 0.2420 
2022-03-15 20:21:25 - train: epoch 0100, iter [04800, 05004], lr: 0.000100, loss: 2.4547, tea_CELoss: 1.0593 stu_CELoss: 1.1967 DMLLoss: 0.1986 
2022-03-15 20:21:59 - train: epoch 0100, iter [04900, 05004], lr: 0.000100, loss: 2.5129, tea_CELoss: 1.0828 stu_CELoss: 1.2448 DMLLoss: 0.1853 
2022-03-15 20:22:30 - train: epoch 0100, iter [05000, 05004], lr: 0.000100, loss: 2.9584, tea_CELoss: 1.2643 stu_CELoss: 1.4842 DMLLoss: 0.2099 
2022-03-15 20:22:31 - train: epoch 100, train_loss: 2.5481
2022-03-15 20:25:00 - eval: epoch: 100, tea_acc1: 74.318%, tea_acc5: 91.942%, tea_test_loss: 1.0108, stu_acc1: 71.594%, stu_acc5: 90.440%, stu_test_loss: 1.1372
2022-03-15 20:25:01 - until epoch: 100, tea_best_acc1: 74.318%, stu_best_acc1: 71.678%
2022-03-15 20:25:01 - train done. train time: 50.572 hours, tea_best_acc1: 74.318%, stu_best_acc1: 71.678%
