2022-03-09 23:06:36 - train: epoch 0099, iter [04800, 05004], lr: 0.000100, loss: 2.3513
2022-03-09 23:07:10 - train: epoch 0099, iter [04900, 05004], lr: 0.000100, loss: 1.9733
2022-03-09 23:07:42 - train: epoch 0099, iter [05000, 05004], lr: 0.000100, loss: 2.2277
2022-03-09 23:07:45 - train: epoch 099, train_loss: 2.1024
2022-03-09 23:09:01 - eval: epoch: 099, acc1: 57.386%, acc5: 80.608%, test_loss: 1.8149, per_image_load_time: 1.582ms, per_image_inference_time: 0.258ms
2022-03-09 23:09:01 - until epoch: 099, best_acc1: 57.386%
2022-03-09 23:09:01 - epoch 100 lr: 0.00010000000000000003
2022-03-09 23:09:40 - train: epoch 0100, iter [00100, 05004], lr: 0.000100, loss: 2.0299
2022-03-09 23:10:13 - train: epoch 0100, iter [00200, 05004], lr: 0.000100, loss: 2.1782
2022-03-09 23:10:46 - train: epoch 0100, iter [00300, 05004], lr: 0.000100, loss: 2.1221
2022-03-09 23:11:20 - train: epoch 0100, iter [00400, 05004], lr: 0.000100, loss: 1.8203
2022-03-09 23:11:53 - train: epoch 0100, iter [00500, 05004], lr: 0.000100, loss: 2.1741
2022-03-09 23:12:26 - train: epoch 0100, iter [00600, 05004], lr: 0.000100, loss: 2.2339
2022-03-09 23:13:00 - train: epoch 0100, iter [00700, 05004], lr: 0.000100, loss: 1.8468
2022-03-09 23:13:33 - train: epoch 0100, iter [00800, 05004], lr: 0.000100, loss: 2.2705
2022-03-09 23:14:07 - train: epoch 0100, iter [00900, 05004], lr: 0.000100, loss: 1.9157
2022-03-09 23:14:40 - train: epoch 0100, iter [01000, 05004], lr: 0.000100, loss: 1.9557
2022-03-09 23:15:13 - train: epoch 0100, iter [01100, 05004], lr: 0.000100, loss: 2.0590
2022-03-09 23:15:46 - train: epoch 0100, iter [01200, 05004], lr: 0.000100, loss: 2.2138
2022-03-09 23:16:20 - train: epoch 0100, iter [01300, 05004], lr: 0.000100, loss: 2.2134
2022-03-09 23:16:53 - train: epoch 0100, iter [01400, 05004], lr: 0.000100, loss: 2.2894
2022-03-09 23:17:26 - train: epoch 0100, iter [01500, 05004], lr: 0.000100, loss: 2.0395
2022-03-09 23:18:00 - train: epoch 0100, iter [01600, 05004], lr: 0.000100, loss: 1.9538
2022-03-09 23:18:33 - train: epoch 0100, iter [01700, 05004], lr: 0.000100, loss: 2.0497
2022-03-09 23:19:06 - train: epoch 0100, iter [01800, 05004], lr: 0.000100, loss: 2.1209
2022-03-09 23:19:39 - train: epoch 0100, iter [01900, 05004], lr: 0.000100, loss: 2.2020
2022-03-09 23:20:12 - train: epoch 0100, iter [02000, 05004], lr: 0.000100, loss: 2.1295
2022-03-09 23:20:46 - train: epoch 0100, iter [02100, 05004], lr: 0.000100, loss: 2.0248
2022-03-09 23:21:20 - train: epoch 0100, iter [02200, 05004], lr: 0.000100, loss: 2.3436
2022-03-09 23:21:53 - train: epoch 0100, iter [02300, 05004], lr: 0.000100, loss: 2.0226
2022-03-09 23:22:26 - train: epoch 0100, iter [02400, 05004], lr: 0.000100, loss: 2.0207
2022-03-09 23:22:59 - train: epoch 0100, iter [02500, 05004], lr: 0.000100, loss: 2.1470
2022-03-09 23:23:31 - train: epoch 0100, iter [02600, 05004], lr: 0.000100, loss: 2.0937
2022-03-09 23:24:04 - train: epoch 0100, iter [02700, 05004], lr: 0.000100, loss: 1.9589
2022-03-09 23:24:37 - train: epoch 0100, iter [02800, 05004], lr: 0.000100, loss: 2.0985
2022-03-09 23:25:10 - train: epoch 0100, iter [02900, 05004], lr: 0.000100, loss: 2.2505
2022-03-09 23:25:43 - train: epoch 0100, iter [03000, 05004], lr: 0.000100, loss: 1.9325
2022-03-09 23:26:17 - train: epoch 0100, iter [03100, 05004], lr: 0.000100, loss: 2.0967
2022-03-09 23:26:50 - train: epoch 0100, iter [03200, 05004], lr: 0.000100, loss: 2.2613
2022-03-09 23:27:23 - train: epoch 0100, iter [03300, 05004], lr: 0.000100, loss: 2.2712
2022-03-09 23:27:57 - train: epoch 0100, iter [03400, 05004], lr: 0.000100, loss: 2.1969
2022-03-09 23:28:30 - train: epoch 0100, iter [03500, 05004], lr: 0.000100, loss: 1.8252
2022-03-09 23:29:03 - train: epoch 0100, iter [03600, 05004], lr: 0.000100, loss: 2.0785
2022-03-09 23:29:37 - train: epoch 0100, iter [03700, 05004], lr: 0.000100, loss: 2.1024
2022-03-09 23:30:10 - train: epoch 0100, iter [03800, 05004], lr: 0.000100, loss: 2.0331
2022-03-09 23:30:44 - train: epoch 0100, iter [03900, 05004], lr: 0.000100, loss: 2.0720
2022-03-09 23:31:17 - train: epoch 0100, iter [04000, 05004], lr: 0.000100, loss: 2.1639
2022-03-09 23:31:50 - train: epoch 0100, iter [04100, 05004], lr: 0.000100, loss: 2.2430
2022-03-09 23:32:24 - train: epoch 0100, iter [04200, 05004], lr: 0.000100, loss: 2.0786
2022-03-09 23:32:57 - train: epoch 0100, iter [04300, 05004], lr: 0.000100, loss: 1.9579
2022-03-09 23:33:31 - train: epoch 0100, iter [04400, 05004], lr: 0.000100, loss: 2.3706
2022-03-09 23:34:04 - train: epoch 0100, iter [04500, 05004], lr: 0.000100, loss: 2.0033
2022-03-09 23:34:38 - train: epoch 0100, iter [04600, 05004], lr: 0.000100, loss: 2.0836
2022-03-09 23:35:11 - train: epoch 0100, iter [04700, 05004], lr: 0.000100, loss: 2.1620
2022-03-09 23:35:44 - train: epoch 0100, iter [04800, 05004], lr: 0.000100, loss: 1.7906
2022-03-09 23:36:20 - train: epoch 0100, iter [04900, 05004], lr: 0.000100, loss: 2.0723
2022-03-09 23:36:53 - train: epoch 0100, iter [05000, 05004], lr: 0.000100, loss: 2.2089
2022-03-09 23:36:56 - train: epoch 100, train_loss: 2.1014
2022-03-09 23:38:12 - eval: epoch: 100, acc1: 57.256%, acc5: 80.656%, test_loss: 1.8147, per_image_load_time: 2.668ms, per_image_inference_time: 0.231ms
2022-03-09 23:38:12 - until epoch: 100, best_acc1: 57.386%
2022-03-09 23:38:12 - train done. model: yoloxnbackbone, train time: 48.528 hours, best_acc1: 57.386%
