2022-03-12 08:16:36 - train: epoch 0095, iter [03600, 05004], lr: 0.000100, loss: 1.4731, CELoss: 1.0936 KDLoss: 0.3795 
2022-03-12 08:17:09 - train: epoch 0095, iter [03700, 05004], lr: 0.000100, loss: 1.6166, CELoss: 1.2439 KDLoss: 0.3728 
2022-03-12 08:17:41 - train: epoch 0095, iter [03800, 05004], lr: 0.000100, loss: 1.5053, CELoss: 1.1560 KDLoss: 0.3493 
2022-03-12 08:18:15 - train: epoch 0095, iter [03900, 05004], lr: 0.000100, loss: 1.8059, CELoss: 1.3909 KDLoss: 0.4150 
2022-03-12 08:18:47 - train: epoch 0095, iter [04000, 05004], lr: 0.000100, loss: 1.3767, CELoss: 1.0245 KDLoss: 0.3522 
2022-03-12 08:19:21 - train: epoch 0095, iter [04100, 05004], lr: 0.000100, loss: 1.5738, CELoss: 1.1704 KDLoss: 0.4034 
2022-03-12 08:19:54 - train: epoch 0095, iter [04200, 05004], lr: 0.000100, loss: 1.7441, CELoss: 1.3153 KDLoss: 0.4288 
2022-03-12 08:20:27 - train: epoch 0095, iter [04300, 05004], lr: 0.000100, loss: 1.6453, CELoss: 1.2738 KDLoss: 0.3716 
2022-03-12 08:21:00 - train: epoch 0095, iter [04400, 05004], lr: 0.000100, loss: 1.8371, CELoss: 1.3925 KDLoss: 0.4446 
2022-03-12 08:21:34 - train: epoch 0095, iter [04500, 05004], lr: 0.000100, loss: 1.4880, CELoss: 1.1277 KDLoss: 0.3604 
2022-03-12 08:22:07 - train: epoch 0095, iter [04600, 05004], lr: 0.000100, loss: 1.5163, CELoss: 1.1633 KDLoss: 0.3530 
2022-03-12 08:22:41 - train: epoch 0095, iter [04700, 05004], lr: 0.000100, loss: 1.6916, CELoss: 1.2494 KDLoss: 0.4422 
2022-03-12 08:23:14 - train: epoch 0095, iter [04800, 05004], lr: 0.000100, loss: 1.4042, CELoss: 1.0615 KDLoss: 0.3427 
2022-03-12 08:23:47 - train: epoch 0095, iter [04900, 05004], lr: 0.000100, loss: 1.4656, CELoss: 1.0476 KDLoss: 0.4180 
2022-03-12 08:24:19 - train: epoch 0095, iter [05000, 05004], lr: 0.000100, loss: 1.5482, CELoss: 1.2020 KDLoss: 0.3462 
2022-03-12 08:24:20 - train: epoch 095, train_loss: 1.6209
2022-03-12 08:26:48 - eval: epoch: 095, tea_acc1: 73.950%, tea_acc5: 91.758%, tea_test_loss: 1.0379, stu_acc1: 71.728%, stu_acc5: 90.438%, stu_test_loss: 1.1336
2022-03-12 08:26:49 - until epoch: 095, tea_best_acc1: 73.950%, stu_best_acc1: 71.770%
2022-03-12 08:26:49 - epoch 096 lr: 0.00010000000000000003
2022-03-12 08:27:27 - train: epoch 0096, iter [00100, 05004], lr: 0.000100, loss: 1.6388, CELoss: 1.2449 KDLoss: 0.3939 
2022-03-12 08:28:01 - train: epoch 0096, iter [00200, 05004], lr: 0.000100, loss: 1.6515, CELoss: 1.3067 KDLoss: 0.3447 
2022-03-12 08:28:34 - train: epoch 0096, iter [00300, 05004], lr: 0.000100, loss: 1.5808, CELoss: 1.1857 KDLoss: 0.3951 
2022-03-12 08:29:07 - train: epoch 0096, iter [00400, 05004], lr: 0.000100, loss: 1.4724, CELoss: 1.1437 KDLoss: 0.3287 
2022-03-12 08:29:40 - train: epoch 0096, iter [00500, 05004], lr: 0.000100, loss: 1.6952, CELoss: 1.3110 KDLoss: 0.3842 
2022-03-12 08:30:15 - train: epoch 0096, iter [00600, 05004], lr: 0.000100, loss: 1.6709, CELoss: 1.2949 KDLoss: 0.3760 
2022-03-12 08:30:48 - train: epoch 0096, iter [00700, 05004], lr: 0.000100, loss: 1.7452, CELoss: 1.3244 KDLoss: 0.4207 
2022-03-12 08:31:22 - train: epoch 0096, iter [00800, 05004], lr: 0.000100, loss: 1.4309, CELoss: 1.0849 KDLoss: 0.3460 
2022-03-12 08:31:55 - train: epoch 0096, iter [00900, 05004], lr: 0.000100, loss: 1.7396, CELoss: 1.3207 KDLoss: 0.4189 
2022-03-12 08:32:29 - train: epoch 0096, iter [01000, 05004], lr: 0.000100, loss: 1.7251, CELoss: 1.3103 KDLoss: 0.4148 
2022-03-12 08:33:02 - train: epoch 0096, iter [01100, 05004], lr: 0.000100, loss: 1.5445, CELoss: 1.1918 KDLoss: 0.3526 
2022-03-12 08:33:36 - train: epoch 0096, iter [01200, 05004], lr: 0.000100, loss: 1.4897, CELoss: 1.1263 KDLoss: 0.3634 
2022-03-12 08:34:09 - train: epoch 0096, iter [01300, 05004], lr: 0.000100, loss: 1.5418, CELoss: 1.1850 KDLoss: 0.3569 
2022-03-12 08:34:42 - train: epoch 0096, iter [01400, 05004], lr: 0.000100, loss: 1.6496, CELoss: 1.2296 KDLoss: 0.4200 
2022-03-12 08:35:15 - train: epoch 0096, iter [01500, 05004], lr: 0.000100, loss: 1.5462, CELoss: 1.1558 KDLoss: 0.3903 
2022-03-12 08:35:49 - train: epoch 0096, iter [01600, 05004], lr: 0.000100, loss: 1.3787, CELoss: 1.0532 KDLoss: 0.3254 
2022-03-12 08:36:23 - train: epoch 0096, iter [01700, 05004], lr: 0.000100, loss: 1.3783, CELoss: 1.0563 KDLoss: 0.3221 
2022-03-12 08:36:56 - train: epoch 0096, iter [01800, 05004], lr: 0.000100, loss: 1.5802, CELoss: 1.1969 KDLoss: 0.3833 
2022-03-12 08:37:29 - train: epoch 0096, iter [01900, 05004], lr: 0.000100, loss: 1.6140, CELoss: 1.2512 KDLoss: 0.3628 
2022-03-12 08:38:03 - train: epoch 0096, iter [02000, 05004], lr: 0.000100, loss: 1.6439, CELoss: 1.2746 KDLoss: 0.3693 
2022-03-12 08:38:36 - train: epoch 0096, iter [02100, 05004], lr: 0.000100, loss: 1.6570, CELoss: 1.2765 KDLoss: 0.3805 
2022-03-12 08:39:10 - train: epoch 0096, iter [02200, 05004], lr: 0.000100, loss: 1.3210, CELoss: 1.0100 KDLoss: 0.3110 
2022-03-12 08:39:43 - train: epoch 0096, iter [02300, 05004], lr: 0.000100, loss: 1.5791, CELoss: 1.2564 KDLoss: 0.3227 
2022-03-12 08:40:16 - train: epoch 0096, iter [02400, 05004], lr: 0.000100, loss: 1.6732, CELoss: 1.2842 KDLoss: 0.3890 
2022-03-12 08:40:50 - train: epoch 0096, iter [02500, 05004], lr: 0.000100, loss: 1.6794, CELoss: 1.2548 KDLoss: 0.4246 
2022-03-12 08:41:23 - train: epoch 0096, iter [02600, 05004], lr: 0.000100, loss: 1.5968, CELoss: 1.2079 KDLoss: 0.3889 
2022-03-12 08:41:57 - train: epoch 0096, iter [02700, 05004], lr: 0.000100, loss: 1.7778, CELoss: 1.3701 KDLoss: 0.4077 
2022-03-12 08:42:29 - train: epoch 0096, iter [02800, 05004], lr: 0.000100, loss: 1.5440, CELoss: 1.1726 KDLoss: 0.3714 
2022-03-12 08:43:04 - train: epoch 0096, iter [02900, 05004], lr: 0.000100, loss: 1.6687, CELoss: 1.2852 KDLoss: 0.3834 
2022-03-12 08:43:36 - train: epoch 0096, iter [03000, 05004], lr: 0.000100, loss: 1.7393, CELoss: 1.3239 KDLoss: 0.4154 
2022-03-12 08:44:10 - train: epoch 0096, iter [03100, 05004], lr: 0.000100, loss: 1.6984, CELoss: 1.3640 KDLoss: 0.3343 
2022-03-12 08:44:43 - train: epoch 0096, iter [03200, 05004], lr: 0.000100, loss: 1.8403, CELoss: 1.4285 KDLoss: 0.4118 
2022-03-12 08:45:17 - train: epoch 0096, iter [03300, 05004], lr: 0.000100, loss: 1.6860, CELoss: 1.2922 KDLoss: 0.3938 
2022-03-12 08:45:50 - train: epoch 0096, iter [03400, 05004], lr: 0.000100, loss: 1.8162, CELoss: 1.3701 KDLoss: 0.4461 
2022-03-12 08:46:23 - train: epoch 0096, iter [03500, 05004], lr: 0.000100, loss: 1.4194, CELoss: 1.0794 KDLoss: 0.3399 
2022-03-12 08:46:57 - train: epoch 0096, iter [03600, 05004], lr: 0.000100, loss: 1.6068, CELoss: 1.2081 KDLoss: 0.3987 
2022-03-12 08:47:30 - train: epoch 0096, iter [03700, 05004], lr: 0.000100, loss: 1.7256, CELoss: 1.3649 KDLoss: 0.3607 
2022-03-12 08:48:04 - train: epoch 0096, iter [03800, 05004], lr: 0.000100, loss: 1.7071, CELoss: 1.3265 KDLoss: 0.3806 
2022-03-12 08:48:37 - train: epoch 0096, iter [03900, 05004], lr: 0.000100, loss: 1.5488, CELoss: 1.2304 KDLoss: 0.3184 
2022-03-12 08:49:11 - train: epoch 0096, iter [04000, 05004], lr: 0.000100, loss: 1.6240, CELoss: 1.2765 KDLoss: 0.3476 
2022-03-12 08:49:44 - train: epoch 0096, iter [04100, 05004], lr: 0.000100, loss: 1.5305, CELoss: 1.1885 KDLoss: 0.3420 
2022-03-12 08:50:18 - train: epoch 0096, iter [04200, 05004], lr: 0.000100, loss: 1.4388, CELoss: 1.0892 KDLoss: 0.3496 
2022-03-12 08:50:51 - train: epoch 0096, iter [04300, 05004], lr: 0.000100, loss: 1.4125, CELoss: 1.0684 KDLoss: 0.3441 
2022-03-12 08:51:24 - train: epoch 0096, iter [04400, 05004], lr: 0.000100, loss: 1.5253, CELoss: 1.1771 KDLoss: 0.3483 
2022-03-12 08:51:59 - train: epoch 0096, iter [04500, 05004], lr: 0.000100, loss: 1.8000, CELoss: 1.3633 KDLoss: 0.4367 
2022-03-12 08:52:30 - train: epoch 0096, iter [04600, 05004], lr: 0.000100, loss: 1.4290, CELoss: 1.0710 KDLoss: 0.3580 
2022-03-12 08:53:05 - train: epoch 0096, iter [04700, 05004], lr: 0.000100, loss: 1.9363, CELoss: 1.4893 KDLoss: 0.4470 
2022-03-12 08:53:39 - train: epoch 0096, iter [04800, 05004], lr: 0.000100, loss: 1.8204, CELoss: 1.3870 KDLoss: 0.4334 
2022-03-12 08:54:13 - train: epoch 0096, iter [04900, 05004], lr: 0.000100, loss: 1.7581, CELoss: 1.3006 KDLoss: 0.4575 
2022-03-12 08:54:44 - train: epoch 0096, iter [05000, 05004], lr: 0.000100, loss: 1.5818, CELoss: 1.2311 KDLoss: 0.3507 
2022-03-12 08:54:45 - train: epoch 096, train_loss: 1.6182
2022-03-12 08:57:14 - eval: epoch: 096, tea_acc1: 73.950%, tea_acc5: 91.758%, tea_test_loss: 1.0379, stu_acc1: 71.692%, stu_acc5: 90.420%, stu_test_loss: 1.1313
2022-03-12 08:57:14 - until epoch: 096, tea_best_acc1: 73.950%, stu_best_acc1: 71.770%
2022-03-12 19:04:27 - epoch 097 lr: 0.00010000000000000003
2022-03-12 19:05:06 - train: epoch 0097, iter [00100, 05004], lr: 0.000100, loss: 1.6864, CELoss: 1.2825 KDLoss: 0.4039 
2022-03-12 19:05:40 - train: epoch 0097, iter [00200, 05004], lr: 0.000100, loss: 1.6747, CELoss: 1.2764 KDLoss: 0.3984 
2022-03-12 19:06:13 - train: epoch 0097, iter [00300, 05004], lr: 0.000100, loss: 1.7519, CELoss: 1.3292 KDLoss: 0.4227 
2022-03-12 19:06:46 - train: epoch 0097, iter [00400, 05004], lr: 0.000100, loss: 1.7195, CELoss: 1.3485 KDLoss: 0.3710 
2022-03-12 19:07:20 - train: epoch 0097, iter [00500, 05004], lr: 0.000100, loss: 1.6139, CELoss: 1.2292 KDLoss: 0.3847 
2022-03-12 19:07:53 - train: epoch 0097, iter [00600, 05004], lr: 0.000100, loss: 1.6110, CELoss: 1.2805 KDLoss: 0.3305 
2022-03-12 19:08:27 - train: epoch 0097, iter [00700, 05004], lr: 0.000100, loss: 1.4943, CELoss: 1.1319 KDLoss: 0.3624 
2022-03-12 19:09:00 - train: epoch 0097, iter [00800, 05004], lr: 0.000100, loss: 1.3609, CELoss: 1.0088 KDLoss: 0.3521 
2022-03-12 19:09:34 - train: epoch 0097, iter [00900, 05004], lr: 0.000100, loss: 1.7172, CELoss: 1.3411 KDLoss: 0.3761 
2022-03-12 19:10:08 - train: epoch 0097, iter [01000, 05004], lr: 0.000100, loss: 1.7506, CELoss: 1.3746 KDLoss: 0.3760 
2022-03-12 19:10:40 - train: epoch 0097, iter [01100, 05004], lr: 0.000100, loss: 1.4364, CELoss: 1.0871 KDLoss: 0.3493 
2022-03-12 19:11:14 - train: epoch 0097, iter [01200, 05004], lr: 0.000100, loss: 1.6483, CELoss: 1.2629 KDLoss: 0.3853 
2022-03-12 19:11:48 - train: epoch 0097, iter [01300, 05004], lr: 0.000100, loss: 1.3768, CELoss: 1.0048 KDLoss: 0.3720 
2022-03-12 19:12:22 - train: epoch 0097, iter [01400, 05004], lr: 0.000100, loss: 1.5789, CELoss: 1.2229 KDLoss: 0.3560 
2022-03-12 19:12:55 - train: epoch 0097, iter [01500, 05004], lr: 0.000100, loss: 1.6032, CELoss: 1.2049 KDLoss: 0.3983 
2022-03-12 19:13:28 - train: epoch 0097, iter [01600, 05004], lr: 0.000100, loss: 1.6516, CELoss: 1.2414 KDLoss: 0.4102 
2022-03-12 19:14:02 - train: epoch 0097, iter [01700, 05004], lr: 0.000100, loss: 1.6232, CELoss: 1.2216 KDLoss: 0.4016 
2022-03-12 19:14:35 - train: epoch 0097, iter [01800, 05004], lr: 0.000100, loss: 1.7285, CELoss: 1.3326 KDLoss: 0.3959 
2022-03-12 19:15:08 - train: epoch 0097, iter [01900, 05004], lr: 0.000100, loss: 1.4028, CELoss: 1.0559 KDLoss: 0.3469 
2022-03-12 19:15:42 - train: epoch 0097, iter [02000, 05004], lr: 0.000100, loss: 1.3473, CELoss: 0.9799 KDLoss: 0.3674 
2022-03-12 19:16:15 - train: epoch 0097, iter [02100, 05004], lr: 0.000100, loss: 1.3608, CELoss: 1.0022 KDLoss: 0.3587 
2022-03-12 19:16:49 - train: epoch 0097, iter [02200, 05004], lr: 0.000100, loss: 1.4652, CELoss: 1.1221 KDLoss: 0.3432 
2022-03-12 19:17:22 - train: epoch 0097, iter [02300, 05004], lr: 0.000100, loss: 1.5300, CELoss: 1.1762 KDLoss: 0.3538 
2022-03-12 19:17:56 - train: epoch 0097, iter [02400, 05004], lr: 0.000100, loss: 1.7360, CELoss: 1.3349 KDLoss: 0.4011 
2022-03-12 19:18:29 - train: epoch 0097, iter [02500, 05004], lr: 0.000100, loss: 1.7815, CELoss: 1.3600 KDLoss: 0.4214 
2022-03-12 19:19:02 - train: epoch 0097, iter [02600, 05004], lr: 0.000100, loss: 1.6463, CELoss: 1.2517 KDLoss: 0.3946 
2022-03-12 19:19:36 - train: epoch 0097, iter [02700, 05004], lr: 0.000100, loss: 1.5594, CELoss: 1.1542 KDLoss: 0.4052 
2022-03-12 19:20:09 - train: epoch 0097, iter [02800, 05004], lr: 0.000100, loss: 1.6357, CELoss: 1.2394 KDLoss: 0.3963 
2022-03-12 19:20:43 - train: epoch 0097, iter [02900, 05004], lr: 0.000100, loss: 1.5895, CELoss: 1.1979 KDLoss: 0.3916 
2022-03-12 19:21:17 - train: epoch 0097, iter [03000, 05004], lr: 0.000100, loss: 1.8051, CELoss: 1.3695 KDLoss: 0.4356 
2022-03-12 19:21:50 - train: epoch 0097, iter [03100, 05004], lr: 0.000100, loss: 1.5347, CELoss: 1.1993 KDLoss: 0.3354 
2022-03-12 19:22:23 - train: epoch 0097, iter [03200, 05004], lr: 0.000100, loss: 1.7831, CELoss: 1.3807 KDLoss: 0.4024 
2022-03-12 19:22:57 - train: epoch 0097, iter [03300, 05004], lr: 0.000100, loss: 1.8909, CELoss: 1.4546 KDLoss: 0.4363 
2022-03-12 19:23:31 - train: epoch 0097, iter [03400, 05004], lr: 0.000100, loss: 1.7137, CELoss: 1.3217 KDLoss: 0.3921 
2022-03-12 19:24:04 - train: epoch 0097, iter [03500, 05004], lr: 0.000100, loss: 1.5286, CELoss: 1.1456 KDLoss: 0.3830 
2022-03-12 19:24:38 - train: epoch 0097, iter [03600, 05004], lr: 0.000100, loss: 1.5206, CELoss: 1.1437 KDLoss: 0.3769 
2022-03-12 19:25:10 - train: epoch 0097, iter [03700, 05004], lr: 0.000100, loss: 1.2910, CELoss: 0.9795 KDLoss: 0.3115 
2022-03-12 19:25:45 - train: epoch 0097, iter [03800, 05004], lr: 0.000100, loss: 1.6105, CELoss: 1.2467 KDLoss: 0.3637 
2022-03-12 19:26:17 - train: epoch 0097, iter [03900, 05004], lr: 0.000100, loss: 1.5773, CELoss: 1.2040 KDLoss: 0.3733 
2022-03-12 19:26:51 - train: epoch 0097, iter [04000, 05004], lr: 0.000100, loss: 1.6716, CELoss: 1.2887 KDLoss: 0.3829 
2022-03-12 19:27:23 - train: epoch 0097, iter [04100, 05004], lr: 0.000100, loss: 1.6960, CELoss: 1.3050 KDLoss: 0.3910 
2022-03-12 19:27:57 - train: epoch 0097, iter [04200, 05004], lr: 0.000100, loss: 1.4802, CELoss: 1.1549 KDLoss: 0.3253 
2022-03-12 19:28:31 - train: epoch 0097, iter [04300, 05004], lr: 0.000100, loss: 1.5188, CELoss: 1.1561 KDLoss: 0.3627 
2022-03-12 19:29:04 - train: epoch 0097, iter [04400, 05004], lr: 0.000100, loss: 1.5405, CELoss: 1.1877 KDLoss: 0.3528 
2022-03-12 19:29:38 - train: epoch 0097, iter [04500, 05004], lr: 0.000100, loss: 1.7066, CELoss: 1.2945 KDLoss: 0.4121 
2022-03-12 19:30:11 - train: epoch 0097, iter [04600, 05004], lr: 0.000100, loss: 1.7479, CELoss: 1.3408 KDLoss: 0.4070 
2022-03-12 19:30:45 - train: epoch 0097, iter [04700, 05004], lr: 0.000100, loss: 1.7682, CELoss: 1.3248 KDLoss: 0.4433 
2022-03-12 19:31:18 - train: epoch 0097, iter [04800, 05004], lr: 0.000100, loss: 1.6743, CELoss: 1.2880 KDLoss: 0.3863 
2022-03-12 19:31:52 - train: epoch 0097, iter [04900, 05004], lr: 0.000100, loss: 1.7214, CELoss: 1.3696 KDLoss: 0.3518 
2022-03-12 19:32:23 - train: epoch 0097, iter [05000, 05004], lr: 0.000100, loss: 1.4780, CELoss: 1.1097 KDLoss: 0.3683 
2022-03-12 19:32:24 - train: epoch 097, train_loss: 1.6175
2022-03-12 19:34:52 - eval: epoch: 097, tea_acc1: 73.950%, tea_acc5: 91.758%, tea_test_loss: 1.0379, stu_acc1: 71.784%, stu_acc5: 90.396%, stu_test_loss: 1.1318
2022-03-12 19:34:53 - until epoch: 097, tea_best_acc1: 73.950%, stu_best_acc1: 71.784%
2022-03-12 19:34:53 - epoch 098 lr: 0.00010000000000000003
2022-03-12 19:35:32 - train: epoch 0098, iter [00100, 05004], lr: 0.000100, loss: 1.5688, CELoss: 1.1731 KDLoss: 0.3957 
2022-03-12 19:36:05 - train: epoch 0098, iter [00200, 05004], lr: 0.000100, loss: 1.5643, CELoss: 1.2083 KDLoss: 0.3560 
2022-03-12 19:36:38 - train: epoch 0098, iter [00300, 05004], lr: 0.000100, loss: 1.6994, CELoss: 1.3204 KDLoss: 0.3790 
2022-03-12 19:37:11 - train: epoch 0098, iter [00400, 05004], lr: 0.000100, loss: 1.6210, CELoss: 1.2410 KDLoss: 0.3799 
2022-03-12 19:37:45 - train: epoch 0098, iter [00500, 05004], lr: 0.000100, loss: 1.6500, CELoss: 1.2669 KDLoss: 0.3831 
2022-03-12 19:38:18 - train: epoch 0098, iter [00600, 05004], lr: 0.000100, loss: 1.5286, CELoss: 1.1869 KDLoss: 0.3418 
2022-03-12 19:38:52 - train: epoch 0098, iter [00700, 05004], lr: 0.000100, loss: 1.6503, CELoss: 1.2491 KDLoss: 0.4013 
2022-03-12 19:39:25 - train: epoch 0098, iter [00800, 05004], lr: 0.000100, loss: 1.7125, CELoss: 1.3079 KDLoss: 0.4046 
2022-03-12 19:39:58 - train: epoch 0098, iter [00900, 05004], lr: 0.000100, loss: 1.6211, CELoss: 1.2888 KDLoss: 0.3323 
2022-03-12 19:40:33 - train: epoch 0098, iter [01000, 05004], lr: 0.000100, loss: 1.5812, CELoss: 1.1887 KDLoss: 0.3925 
2022-03-12 19:41:05 - train: epoch 0098, iter [01100, 05004], lr: 0.000100, loss: 1.6244, CELoss: 1.2837 KDLoss: 0.3407 
2022-03-12 19:41:38 - train: epoch 0098, iter [01200, 05004], lr: 0.000100, loss: 1.5782, CELoss: 1.2165 KDLoss: 0.3617 
2022-03-12 19:42:12 - train: epoch 0098, iter [01300, 05004], lr: 0.000100, loss: 1.7392, CELoss: 1.3594 KDLoss: 0.3798 
2022-03-12 19:42:46 - train: epoch 0098, iter [01400, 05004], lr: 0.000100, loss: 1.6661, CELoss: 1.3081 KDLoss: 0.3581 
2022-03-12 19:43:19 - train: epoch 0098, iter [01500, 05004], lr: 0.000100, loss: 1.4810, CELoss: 1.1246 KDLoss: 0.3564 
2022-03-12 19:43:53 - train: epoch 0098, iter [01600, 05004], lr: 0.000100, loss: 1.5458, CELoss: 1.1688 KDLoss: 0.3770 
2022-03-12 19:44:26 - train: epoch 0098, iter [01700, 05004], lr: 0.000100, loss: 1.8018, CELoss: 1.4059 KDLoss: 0.3959 
2022-03-12 19:44:59 - train: epoch 0098, iter [01800, 05004], lr: 0.000100, loss: 1.5422, CELoss: 1.1899 KDLoss: 0.3523 
2022-03-12 19:45:33 - train: epoch 0098, iter [01900, 05004], lr: 0.000100, loss: 1.4462, CELoss: 1.0975 KDLoss: 0.3487 
2022-03-12 19:46:06 - train: epoch 0098, iter [02000, 05004], lr: 0.000100, loss: 1.7891, CELoss: 1.3860 KDLoss: 0.4032 
2022-03-12 19:46:40 - train: epoch 0098, iter [02100, 05004], lr: 0.000100, loss: 1.7806, CELoss: 1.3562 KDLoss: 0.4244 
2022-03-12 19:47:15 - train: epoch 0098, iter [02200, 05004], lr: 0.000100, loss: 1.5623, CELoss: 1.1784 KDLoss: 0.3839 
2022-03-12 19:47:47 - train: epoch 0098, iter [02300, 05004], lr: 0.000100, loss: 1.5628, CELoss: 1.2026 KDLoss: 0.3602 
2022-03-12 19:48:21 - train: epoch 0098, iter [02400, 05004], lr: 0.000100, loss: 1.5427, CELoss: 1.1977 KDLoss: 0.3450 
2022-03-12 19:48:54 - train: epoch 0098, iter [02500, 05004], lr: 0.000100, loss: 1.4377, CELoss: 1.1311 KDLoss: 0.3066 
2022-03-12 19:49:27 - train: epoch 0098, iter [02600, 05004], lr: 0.000100, loss: 1.6771, CELoss: 1.2701 KDLoss: 0.4070 
2022-03-12 19:50:01 - train: epoch 0098, iter [02700, 05004], lr: 0.000100, loss: 1.6156, CELoss: 1.2312 KDLoss: 0.3844 
2022-03-12 19:50:34 - train: epoch 0098, iter [02800, 05004], lr: 0.000100, loss: 1.6058, CELoss: 1.1947 KDLoss: 0.4111 
2022-03-12 19:51:07 - train: epoch 0098, iter [02900, 05004], lr: 0.000100, loss: 1.7616, CELoss: 1.3491 KDLoss: 0.4125 
2022-03-12 19:51:42 - train: epoch 0098, iter [03000, 05004], lr: 0.000100, loss: 1.4592, CELoss: 1.0855 KDLoss: 0.3736 
2022-03-12 19:52:14 - train: epoch 0098, iter [03100, 05004], lr: 0.000100, loss: 1.5856, CELoss: 1.2134 KDLoss: 0.3722 
2022-03-12 19:52:48 - train: epoch 0098, iter [03200, 05004], lr: 0.000100, loss: 1.4295, CELoss: 1.0864 KDLoss: 0.3431 
2022-03-12 19:53:22 - train: epoch 0098, iter [03300, 05004], lr: 0.000100, loss: 1.5413, CELoss: 1.1202 KDLoss: 0.4211 
2022-03-12 19:53:54 - train: epoch 0098, iter [03400, 05004], lr: 0.000100, loss: 1.6927, CELoss: 1.2957 KDLoss: 0.3970 
2022-03-12 19:54:28 - train: epoch 0098, iter [03500, 05004], lr: 0.000100, loss: 1.5268, CELoss: 1.1840 KDLoss: 0.3428 
2022-03-12 19:55:01 - train: epoch 0098, iter [03600, 05004], lr: 0.000100, loss: 1.8403, CELoss: 1.4037 KDLoss: 0.4367 
2022-03-12 19:55:34 - train: epoch 0098, iter [03700, 05004], lr: 0.000100, loss: 1.5605, CELoss: 1.2140 KDLoss: 0.3465 
2022-03-12 19:56:08 - train: epoch 0098, iter [03800, 05004], lr: 0.000100, loss: 1.5288, CELoss: 1.1468 KDLoss: 0.3820 
2022-03-12 19:56:41 - train: epoch 0098, iter [03900, 05004], lr: 0.000100, loss: 1.4409, CELoss: 1.0823 KDLoss: 0.3586 
2022-03-12 19:57:15 - train: epoch 0098, iter [04000, 05004], lr: 0.000100, loss: 1.7237, CELoss: 1.3694 KDLoss: 0.3543 
2022-03-12 19:57:48 - train: epoch 0098, iter [04100, 05004], lr: 0.000100, loss: 1.7730, CELoss: 1.3657 KDLoss: 0.4073 
2022-03-12 19:58:22 - train: epoch 0098, iter [04200, 05004], lr: 0.000100, loss: 1.7677, CELoss: 1.3797 KDLoss: 0.3879 
2022-03-12 19:58:56 - train: epoch 0098, iter [04300, 05004], lr: 0.000100, loss: 1.5109, CELoss: 1.1410 KDLoss: 0.3699 
2022-03-12 19:59:29 - train: epoch 0098, iter [04400, 05004], lr: 0.000100, loss: 1.7076, CELoss: 1.3151 KDLoss: 0.3924 
2022-03-12 20:00:02 - train: epoch 0098, iter [04500, 05004], lr: 0.000100, loss: 1.6823, CELoss: 1.3202 KDLoss: 0.3621 
2022-03-12 20:00:36 - train: epoch 0098, iter [04600, 05004], lr: 0.000100, loss: 1.6959, CELoss: 1.3219 KDLoss: 0.3740 
2022-03-12 20:01:10 - train: epoch 0098, iter [04700, 05004], lr: 0.000100, loss: 1.5868, CELoss: 1.2035 KDLoss: 0.3833 
2022-03-12 20:01:43 - train: epoch 0098, iter [04800, 05004], lr: 0.000100, loss: 1.6440, CELoss: 1.3020 KDLoss: 0.3420 
2022-03-12 20:02:16 - train: epoch 0098, iter [04900, 05004], lr: 0.000100, loss: 1.5775, CELoss: 1.1909 KDLoss: 0.3866 
2022-03-12 20:02:48 - train: epoch 0098, iter [05000, 05004], lr: 0.000100, loss: 1.6905, CELoss: 1.2815 KDLoss: 0.4090 
2022-03-12 20:02:49 - train: epoch 098, train_loss: 1.6174
2022-03-12 20:05:17 - eval: epoch: 098, tea_acc1: 73.950%, tea_acc5: 91.758%, tea_test_loss: 1.0379, stu_acc1: 71.826%, stu_acc5: 90.428%, stu_test_loss: 1.1315
2022-03-12 20:05:18 - until epoch: 098, tea_best_acc1: 73.950%, stu_best_acc1: 71.826%
2022-03-12 20:05:18 - epoch 099 lr: 0.00010000000000000003
2022-03-12 20:05:57 - train: epoch 0099, iter [00100, 05004], lr: 0.000100, loss: 1.6536, CELoss: 1.2818 KDLoss: 0.3718 
2022-03-12 20:06:31 - train: epoch 0099, iter [00200, 05004], lr: 0.000100, loss: 1.4542, CELoss: 1.1162 KDLoss: 0.3380 
2022-03-12 20:07:03 - train: epoch 0099, iter [00300, 05004], lr: 0.000100, loss: 1.5364, CELoss: 1.1836 KDLoss: 0.3528 
2022-03-12 20:07:37 - train: epoch 0099, iter [00400, 05004], lr: 0.000100, loss: 1.6454, CELoss: 1.2747 KDLoss: 0.3707 
2022-03-12 20:08:10 - train: epoch 0099, iter [00500, 05004], lr: 0.000100, loss: 1.6903, CELoss: 1.2682 KDLoss: 0.4220 
2022-03-12 20:08:44 - train: epoch 0099, iter [00600, 05004], lr: 0.000100, loss: 1.5777, CELoss: 1.2192 KDLoss: 0.3585 
2022-03-12 20:09:17 - train: epoch 0099, iter [00700, 05004], lr: 0.000100, loss: 1.6548, CELoss: 1.2911 KDLoss: 0.3637 
2022-03-12 20:09:51 - train: epoch 0099, iter [00800, 05004], lr: 0.000100, loss: 1.5953, CELoss: 1.2269 KDLoss: 0.3685 
2022-03-12 20:10:24 - train: epoch 0099, iter [00900, 05004], lr: 0.000100, loss: 1.6674, CELoss: 1.2912 KDLoss: 0.3762 
2022-03-12 20:10:58 - train: epoch 0099, iter [01000, 05004], lr: 0.000100, loss: 1.6138, CELoss: 1.2237 KDLoss: 0.3901 
2022-03-12 20:11:31 - train: epoch 0099, iter [01100, 05004], lr: 0.000100, loss: 1.5835, CELoss: 1.1788 KDLoss: 0.4047 
2022-03-12 20:12:05 - train: epoch 0099, iter [01200, 05004], lr: 0.000100, loss: 1.3140, CELoss: 0.9742 KDLoss: 0.3398 
2022-03-12 20:12:38 - train: epoch 0099, iter [01300, 05004], lr: 0.000100, loss: 1.5511, CELoss: 1.1487 KDLoss: 0.4024 
2022-03-12 20:13:13 - train: epoch 0099, iter [01400, 05004], lr: 0.000100, loss: 1.7089, CELoss: 1.3073 KDLoss: 0.4015 
2022-03-12 20:13:46 - train: epoch 0099, iter [01500, 05004], lr: 0.000100, loss: 1.5257, CELoss: 1.1883 KDLoss: 0.3375 
2022-03-12 20:14:19 - train: epoch 0099, iter [01600, 05004], lr: 0.000100, loss: 1.4726, CELoss: 1.1420 KDLoss: 0.3306 
2022-03-12 20:14:52 - train: epoch 0099, iter [01700, 05004], lr: 0.000100, loss: 1.4843, CELoss: 1.1189 KDLoss: 0.3654 
2022-03-12 20:15:26 - train: epoch 0099, iter [01800, 05004], lr: 0.000100, loss: 1.6557, CELoss: 1.2837 KDLoss: 0.3720 
2022-03-12 20:16:00 - train: epoch 0099, iter [01900, 05004], lr: 0.000100, loss: 1.7855, CELoss: 1.3977 KDLoss: 0.3878 
2022-03-12 20:16:34 - train: epoch 0099, iter [02000, 05004], lr: 0.000100, loss: 1.4437, CELoss: 1.0767 KDLoss: 0.3670 
2022-03-12 20:17:07 - train: epoch 0099, iter [02100, 05004], lr: 0.000100, loss: 1.7133, CELoss: 1.2673 KDLoss: 0.4459 
2022-03-12 20:17:42 - train: epoch 0099, iter [02200, 05004], lr: 0.000100, loss: 1.5708, CELoss: 1.2029 KDLoss: 0.3679 
2022-03-12 20:18:15 - train: epoch 0099, iter [02300, 05004], lr: 0.000100, loss: 1.5803, CELoss: 1.2306 KDLoss: 0.3497 
2022-03-12 20:18:48 - train: epoch 0099, iter [02400, 05004], lr: 0.000100, loss: 1.8296, CELoss: 1.3792 KDLoss: 0.4504 
2022-03-12 20:19:22 - train: epoch 0099, iter [02500, 05004], lr: 0.000100, loss: 1.5166, CELoss: 1.1404 KDLoss: 0.3762 
2022-03-12 20:19:56 - train: epoch 0099, iter [02600, 05004], lr: 0.000100, loss: 1.6322, CELoss: 1.1859 KDLoss: 0.4463 
2022-03-12 20:20:29 - train: epoch 0099, iter [02700, 05004], lr: 0.000100, loss: 1.6027, CELoss: 1.2267 KDLoss: 0.3760 
2022-03-12 20:21:03 - train: epoch 0099, iter [02800, 05004], lr: 0.000100, loss: 1.6177, CELoss: 1.2258 KDLoss: 0.3919 
2022-03-12 20:21:37 - train: epoch 0099, iter [02900, 05004], lr: 0.000100, loss: 1.5905, CELoss: 1.1849 KDLoss: 0.4056 
2022-03-12 20:22:10 - train: epoch 0099, iter [03000, 05004], lr: 0.000100, loss: 1.7882, CELoss: 1.3601 KDLoss: 0.4281 
2022-03-12 20:22:44 - train: epoch 0099, iter [03100, 05004], lr: 0.000100, loss: 1.4357, CELoss: 1.1074 KDLoss: 0.3283 
2022-03-12 20:23:18 - train: epoch 0099, iter [03200, 05004], lr: 0.000100, loss: 1.6835, CELoss: 1.2787 KDLoss: 0.4048 
2022-03-12 20:23:51 - train: epoch 0099, iter [03300, 05004], lr: 0.000100, loss: 1.6278, CELoss: 1.2584 KDLoss: 0.3695 
2022-03-12 20:24:25 - train: epoch 0099, iter [03400, 05004], lr: 0.000100, loss: 1.6863, CELoss: 1.3281 KDLoss: 0.3582 
2022-03-12 20:24:58 - train: epoch 0099, iter [03500, 05004], lr: 0.000100, loss: 1.6662, CELoss: 1.2770 KDLoss: 0.3892 
2022-03-12 20:25:32 - train: epoch 0099, iter [03600, 05004], lr: 0.000100, loss: 1.4352, CELoss: 1.0858 KDLoss: 0.3494 
2022-03-12 20:26:05 - train: epoch 0099, iter [03700, 05004], lr: 0.000100, loss: 1.4058, CELoss: 1.0211 KDLoss: 0.3847 
2022-03-12 20:26:39 - train: epoch 0099, iter [03800, 05004], lr: 0.000100, loss: 1.6005, CELoss: 1.2573 KDLoss: 0.3432 
2022-03-12 20:27:12 - train: epoch 0099, iter [03900, 05004], lr: 0.000100, loss: 1.7062, CELoss: 1.3727 KDLoss: 0.3336 
2022-03-12 20:27:47 - train: epoch 0099, iter [04000, 05004], lr: 0.000100, loss: 1.6095, CELoss: 1.2101 KDLoss: 0.3994 
2022-03-12 20:28:21 - train: epoch 0099, iter [04100, 05004], lr: 0.000100, loss: 1.5927, CELoss: 1.1949 KDLoss: 0.3978 
2022-03-12 20:28:53 - train: epoch 0099, iter [04200, 05004], lr: 0.000100, loss: 1.6715, CELoss: 1.2810 KDLoss: 0.3905 
2022-03-12 20:29:28 - train: epoch 0099, iter [04300, 05004], lr: 0.000100, loss: 1.5481, CELoss: 1.2235 KDLoss: 0.3246 
2022-03-12 20:30:02 - train: epoch 0099, iter [04400, 05004], lr: 0.000100, loss: 1.7112, CELoss: 1.3254 KDLoss: 0.3858 
2022-03-12 20:30:35 - train: epoch 0099, iter [04500, 05004], lr: 0.000100, loss: 1.6784, CELoss: 1.3105 KDLoss: 0.3679 
2022-03-12 20:31:10 - train: epoch 0099, iter [04600, 05004], lr: 0.000100, loss: 1.7170, CELoss: 1.3151 KDLoss: 0.4019 
2022-03-12 20:31:42 - train: epoch 0099, iter [04700, 05004], lr: 0.000100, loss: 1.4687, CELoss: 1.1266 KDLoss: 0.3421 
2022-03-12 20:32:16 - train: epoch 0099, iter [04800, 05004], lr: 0.000100, loss: 1.6329, CELoss: 1.2641 KDLoss: 0.3688 
2022-03-12 20:32:49 - train: epoch 0099, iter [04900, 05004], lr: 0.000100, loss: 1.6439, CELoss: 1.3044 KDLoss: 0.3395 
2022-03-12 20:33:21 - train: epoch 0099, iter [05000, 05004], lr: 0.000100, loss: 1.7777, CELoss: 1.3918 KDLoss: 0.3859 
2022-03-12 20:33:22 - train: epoch 099, train_loss: 1.6180
2022-03-12 20:35:51 - eval: epoch: 099, tea_acc1: 73.950%, tea_acc5: 91.758%, tea_test_loss: 1.0379, stu_acc1: 71.794%, stu_acc5: 90.444%, stu_test_loss: 1.1315
2022-03-12 20:35:52 - until epoch: 099, tea_best_acc1: 73.950%, stu_best_acc1: 71.826%
2022-03-12 20:35:52 - epoch 100 lr: 0.00010000000000000003
2022-03-12 20:36:30 - train: epoch 0100, iter [00100, 05004], lr: 0.000100, loss: 1.9234, CELoss: 1.5395 KDLoss: 0.3839 
2022-03-12 20:37:04 - train: epoch 0100, iter [00200, 05004], lr: 0.000100, loss: 1.6919, CELoss: 1.3010 KDLoss: 0.3909 
2022-03-12 20:37:37 - train: epoch 0100, iter [00300, 05004], lr: 0.000100, loss: 1.6776, CELoss: 1.2695 KDLoss: 0.4082 
2022-03-12 20:38:11 - train: epoch 0100, iter [00400, 05004], lr: 0.000100, loss: 1.6402, CELoss: 1.2581 KDLoss: 0.3821 
2022-03-12 20:38:45 - train: epoch 0100, iter [00500, 05004], lr: 0.000100, loss: 1.6363, CELoss: 1.2914 KDLoss: 0.3449 
2022-03-12 20:39:18 - train: epoch 0100, iter [00600, 05004], lr: 0.000100, loss: 1.7443, CELoss: 1.3539 KDLoss: 0.3904 
2022-03-12 20:39:51 - train: epoch 0100, iter [00700, 05004], lr: 0.000100, loss: 1.4412, CELoss: 1.0784 KDLoss: 0.3627 
2022-03-12 20:40:26 - train: epoch 0100, iter [00800, 05004], lr: 0.000100, loss: 1.6162, CELoss: 1.2491 KDLoss: 0.3671 
2022-03-12 20:40:59 - train: epoch 0100, iter [00900, 05004], lr: 0.000100, loss: 1.4797, CELoss: 1.1005 KDLoss: 0.3792 
2022-03-12 20:41:33 - train: epoch 0100, iter [01000, 05004], lr: 0.000100, loss: 1.5955, CELoss: 1.2261 KDLoss: 0.3694 
2022-03-12 20:42:07 - train: epoch 0100, iter [01100, 05004], lr: 0.000100, loss: 1.5420, CELoss: 1.1856 KDLoss: 0.3565 
2022-03-12 20:42:41 - train: epoch 0100, iter [01200, 05004], lr: 0.000100, loss: 1.7181, CELoss: 1.2821 KDLoss: 0.4360 
2022-03-12 20:43:14 - train: epoch 0100, iter [01300, 05004], lr: 0.000100, loss: 1.6309, CELoss: 1.2289 KDLoss: 0.4020 
2022-03-12 20:43:48 - train: epoch 0100, iter [01400, 05004], lr: 0.000100, loss: 1.9446, CELoss: 1.5405 KDLoss: 0.4041 
2022-03-12 20:44:22 - train: epoch 0100, iter [01500, 05004], lr: 0.000100, loss: 1.5350, CELoss: 1.1245 KDLoss: 0.4104 
2022-03-12 20:44:56 - train: epoch 0100, iter [01600, 05004], lr: 0.000100, loss: 1.5802, CELoss: 1.2079 KDLoss: 0.3723 
2022-03-12 20:45:30 - train: epoch 0100, iter [01700, 05004], lr: 0.000100, loss: 1.5018, CELoss: 1.1436 KDLoss: 0.3582 
2022-03-12 20:46:03 - train: epoch 0100, iter [01800, 05004], lr: 0.000100, loss: 1.6278, CELoss: 1.2916 KDLoss: 0.3363 
2022-03-12 20:46:36 - train: epoch 0100, iter [01900, 05004], lr: 0.000100, loss: 1.7133, CELoss: 1.3716 KDLoss: 0.3418 
2022-03-12 20:47:10 - train: epoch 0100, iter [02000, 05004], lr: 0.000100, loss: 1.6369, CELoss: 1.2603 KDLoss: 0.3767 
2022-03-12 20:47:44 - train: epoch 0100, iter [02100, 05004], lr: 0.000100, loss: 1.5375, CELoss: 1.1582 KDLoss: 0.3793 
2022-03-12 20:48:18 - train: epoch 0100, iter [02200, 05004], lr: 0.000100, loss: 1.9100, CELoss: 1.5218 KDLoss: 0.3882 
2022-03-12 20:48:51 - train: epoch 0100, iter [02300, 05004], lr: 0.000100, loss: 1.5905, CELoss: 1.2388 KDLoss: 0.3517 
2022-03-12 20:49:25 - train: epoch 0100, iter [02400, 05004], lr: 0.000100, loss: 1.7002, CELoss: 1.3106 KDLoss: 0.3896 
2022-03-12 20:49:58 - train: epoch 0100, iter [02500, 05004], lr: 0.000100, loss: 1.6286, CELoss: 1.2306 KDLoss: 0.3980 
2022-03-12 20:50:32 - train: epoch 0100, iter [02600, 05004], lr: 0.000100, loss: 1.4237, CELoss: 1.0918 KDLoss: 0.3320 
2022-03-12 20:51:05 - train: epoch 0100, iter [02700, 05004], lr: 0.000100, loss: 1.5490, CELoss: 1.1622 KDLoss: 0.3868 
2022-03-12 20:51:39 - train: epoch 0100, iter [02800, 05004], lr: 0.000100, loss: 1.4724, CELoss: 1.0995 KDLoss: 0.3729 
2022-03-12 20:52:13 - train: epoch 0100, iter [02900, 05004], lr: 0.000100, loss: 1.6347, CELoss: 1.2660 KDLoss: 0.3687 
2022-03-12 20:52:46 - train: epoch 0100, iter [03000, 05004], lr: 0.000100, loss: 1.6673, CELoss: 1.2609 KDLoss: 0.4064 
2022-03-12 20:53:20 - train: epoch 0100, iter [03100, 05004], lr: 0.000100, loss: 1.5030, CELoss: 1.1468 KDLoss: 0.3562 
2022-03-12 20:53:53 - train: epoch 0100, iter [03200, 05004], lr: 0.000100, loss: 1.8611, CELoss: 1.4239 KDLoss: 0.4372 
2022-03-12 20:54:27 - train: epoch 0100, iter [03300, 05004], lr: 0.000100, loss: 1.6728, CELoss: 1.2851 KDLoss: 0.3877 
2022-03-12 20:55:01 - train: epoch 0100, iter [03400, 05004], lr: 0.000100, loss: 1.6103, CELoss: 1.2129 KDLoss: 0.3975 
2022-03-12 20:55:34 - train: epoch 0100, iter [03500, 05004], lr: 0.000100, loss: 1.5006, CELoss: 1.1802 KDLoss: 0.3204 
2022-03-12 20:56:08 - train: epoch 0100, iter [03600, 05004], lr: 0.000100, loss: 1.7028, CELoss: 1.3267 KDLoss: 0.3761 
2022-03-12 20:56:42 - train: epoch 0100, iter [03700, 05004], lr: 0.000100, loss: 1.6966, CELoss: 1.3201 KDLoss: 0.3765 
2022-03-12 20:57:15 - train: epoch 0100, iter [03800, 05004], lr: 0.000100, loss: 1.5846, CELoss: 1.2406 KDLoss: 0.3440 
2022-03-12 20:57:49 - train: epoch 0100, iter [03900, 05004], lr: 0.000100, loss: 1.6417, CELoss: 1.2535 KDLoss: 0.3882 
2022-03-12 20:58:22 - train: epoch 0100, iter [04000, 05004], lr: 0.000100, loss: 1.6294, CELoss: 1.2174 KDLoss: 0.4120 
2022-03-12 20:58:56 - train: epoch 0100, iter [04100, 05004], lr: 0.000100, loss: 1.4817, CELoss: 1.1285 KDLoss: 0.3532 
2022-03-12 20:59:30 - train: epoch 0100, iter [04200, 05004], lr: 0.000100, loss: 1.6651, CELoss: 1.2489 KDLoss: 0.4162 
2022-03-12 21:00:03 - train: epoch 0100, iter [04300, 05004], lr: 0.000100, loss: 1.5220, CELoss: 1.1536 KDLoss: 0.3684 
2022-03-12 21:00:37 - train: epoch 0100, iter [04400, 05004], lr: 0.000100, loss: 1.6082, CELoss: 1.2539 KDLoss: 0.3543 
2022-03-12 21:01:11 - train: epoch 0100, iter [04500, 05004], lr: 0.000100, loss: 1.4819, CELoss: 1.0920 KDLoss: 0.3899 
2022-03-12 21:01:45 - train: epoch 0100, iter [04600, 05004], lr: 0.000100, loss: 1.4258, CELoss: 1.0741 KDLoss: 0.3517 
2022-03-12 21:02:18 - train: epoch 0100, iter [04700, 05004], lr: 0.000100, loss: 1.6261, CELoss: 1.2130 KDLoss: 0.4132 
2022-03-12 21:02:51 - train: epoch 0100, iter [04800, 05004], lr: 0.000100, loss: 1.3624, CELoss: 1.0172 KDLoss: 0.3452 
2022-03-12 21:03:26 - train: epoch 0100, iter [04900, 05004], lr: 0.000100, loss: 1.5144, CELoss: 1.1780 KDLoss: 0.3364 
2022-03-12 21:03:56 - train: epoch 0100, iter [05000, 05004], lr: 0.000100, loss: 1.6318, CELoss: 1.2804 KDLoss: 0.3514 
2022-03-12 21:03:57 - train: epoch 100, train_loss: 1.6136
2022-03-12 21:06:27 - eval: epoch: 100, tea_acc1: 73.950%, tea_acc5: 91.758%, tea_test_loss: 1.0379, stu_acc1: 71.794%, stu_acc5: 90.506%, stu_test_loss: 1.1307
2022-03-12 21:06:27 - until epoch: 100, tea_best_acc1: 73.950%, stu_best_acc1: 71.826%
2022-03-12 21:06:27 - train done. train time: 50.702 hours, tea_best_acc1: 73.950%, stu_best_acc1: 71.826%
