2022-07-23 05:17:57 - train: epoch 0012, iter [11800, 14658], lr: 0.000010, total_loss: 0.3985, cls_loss: 0.2262, reg_loss: 0.1723, 
2022-07-23 05:18:43 - train: epoch 0012, iter [11900, 14658], lr: 0.000010, total_loss: 0.3285, cls_loss: 0.1667, reg_loss: 0.1618, 
2022-07-23 05:19:32 - train: epoch 0012, iter [12000, 14658], lr: 0.000010, total_loss: 0.3705, cls_loss: 0.2080, reg_loss: 0.1624, 
2022-07-23 05:20:20 - train: epoch 0012, iter [12100, 14658], lr: 0.000010, total_loss: 0.3840, cls_loss: 0.1987, reg_loss: 0.1853, 
2022-07-23 05:21:07 - train: epoch 0012, iter [12200, 14658], lr: 0.000010, total_loss: 0.3299, cls_loss: 0.1641, reg_loss: 0.1658, 
2022-07-23 05:21:57 - train: epoch 0012, iter [12300, 14658], lr: 0.000010, total_loss: 0.3037, cls_loss: 0.1625, reg_loss: 0.1412, 
2022-07-23 05:22:44 - train: epoch 0012, iter [12400, 14658], lr: 0.000010, total_loss: 0.2890, cls_loss: 0.1560, reg_loss: 0.1330, 
2022-07-23 05:23:30 - train: epoch 0012, iter [12500, 14658], lr: 0.000010, total_loss: 0.3808, cls_loss: 0.2103, reg_loss: 0.1705, 
2022-07-23 05:24:17 - train: epoch 0012, iter [12600, 14658], lr: 0.000010, total_loss: 0.3980, cls_loss: 0.2306, reg_loss: 0.1675, 
2022-07-23 05:25:07 - train: epoch 0012, iter [12700, 14658], lr: 0.000010, total_loss: 0.3857, cls_loss: 0.2288, reg_loss: 0.1569, 
2022-07-23 05:25:54 - train: epoch 0012, iter [12800, 14658], lr: 0.000010, total_loss: 0.2921, cls_loss: 0.1556, reg_loss: 0.1365, 
2022-07-23 05:26:41 - train: epoch 0012, iter [12900, 14658], lr: 0.000010, total_loss: 0.3903, cls_loss: 0.2497, reg_loss: 0.1406, 
2022-07-23 05:27:28 - train: epoch 0012, iter [13000, 14658], lr: 0.000010, total_loss: 0.3967, cls_loss: 0.2167, reg_loss: 0.1800, 
2022-07-23 05:28:16 - train: epoch 0012, iter [13100, 14658], lr: 0.000010, total_loss: 0.6148, cls_loss: 0.3581, reg_loss: 0.2567, 
2022-07-23 05:29:04 - train: epoch 0012, iter [13200, 14658], lr: 0.000010, total_loss: 0.3022, cls_loss: 0.1584, reg_loss: 0.1438, 
2022-07-23 05:29:50 - train: epoch 0012, iter [13300, 14658], lr: 0.000010, total_loss: 0.3628, cls_loss: 0.2217, reg_loss: 0.1410, 
2022-07-23 05:30:38 - train: epoch 0012, iter [13400, 14658], lr: 0.000010, total_loss: 0.4930, cls_loss: 0.2785, reg_loss: 0.2145, 
2022-07-23 05:31:24 - train: epoch 0012, iter [13500, 14658], lr: 0.000010, total_loss: 0.3739, cls_loss: 0.2386, reg_loss: 0.1353, 
2022-07-23 05:32:12 - train: epoch 0012, iter [13600, 14658], lr: 0.000010, total_loss: 0.3901, cls_loss: 0.2140, reg_loss: 0.1761, 
2022-07-23 05:33:00 - train: epoch 0012, iter [13700, 14658], lr: 0.000010, total_loss: 0.4427, cls_loss: 0.2534, reg_loss: 0.1893, 
2022-07-23 05:33:46 - train: epoch 0012, iter [13800, 14658], lr: 0.000010, total_loss: 0.4229, cls_loss: 0.2423, reg_loss: 0.1807, 
2022-07-23 05:34:33 - train: epoch 0012, iter [13900, 14658], lr: 0.000010, total_loss: 0.3586, cls_loss: 0.2039, reg_loss: 0.1547, 
2022-07-23 05:35:19 - train: epoch 0012, iter [14000, 14658], lr: 0.000010, total_loss: 0.2687, cls_loss: 0.1387, reg_loss: 0.1300, 
2022-07-23 05:36:07 - train: epoch 0012, iter [14100, 14658], lr: 0.000010, total_loss: 0.4200, cls_loss: 0.2450, reg_loss: 0.1750, 
2022-07-23 05:36:53 - train: epoch 0012, iter [14200, 14658], lr: 0.000010, total_loss: 0.4085, cls_loss: 0.2388, reg_loss: 0.1697, 
2022-07-23 05:37:41 - train: epoch 0012, iter [14300, 14658], lr: 0.000010, total_loss: 0.4404, cls_loss: 0.2475, reg_loss: 0.1929, 
2022-07-23 05:38:28 - train: epoch 0012, iter [14400, 14658], lr: 0.000010, total_loss: 0.3516, cls_loss: 0.2077, reg_loss: 0.1439, 
2022-07-23 05:39:15 - train: epoch 0012, iter [14500, 14658], lr: 0.000010, total_loss: 0.3817, cls_loss: 0.2000, reg_loss: 0.1817, 
2022-07-23 05:40:05 - train: epoch 0012, iter [14600, 14658], lr: 0.000010, total_loss: 0.3129, cls_loss: 0.1746, reg_loss: 0.1382, 
2022-07-23 05:40:32 - train: epoch 012, train_loss: 0.3655
2022-07-23 05:56:56 - eval: epoch: 012
test_loss: 0.0000
per_image_load_time: 6.547ms
per_image_inference_time: 183.860ms
IoU=0.50:0.95,area=all,maxDets=100,mAP: 36.22358150233756
IoU=0.50,area=all,maxDets=100,mAP: 53.57495270795673
IoU=0.75,area=all,maxDets=100,mAP: 39.109609279878676
IoU=0.50:0.95,area=small,maxDets=100,mAP: 19.79681035111626
IoU=0.50:0.95,area=medium,maxDets=100,mAP: 40.58282130243151
IoU=0.50:0.95,area=large,maxDets=100,mAP: 47.38489479972925
IoU=0.50:0.95,area=all,maxDets=1,mAR: 29.66141477555712
IoU=0.50:0.95,area=all,maxDets=10,mAR: 45.40555851188042
IoU=0.50:0.95,area=all,maxDets=100,mAR: 47.13245288102132
IoU=0.50:0.95,area=small,maxDets=100,mAR: 25.827486743401117
IoU=0.50:0.95,area=medium,maxDets=100,mAR: 52.29578617353322
IoU=0.50:0.95,area=large,maxDets=100,mAR: 60.82205322843009

2022-07-23 05:56:57 - until epoch: 012, best_metric: 36.224%
2022-07-23 05:56:57 - epoch 013 lr: 0.000001
2022-07-23 05:57:50 - train: epoch 0013, iter [00100, 14658], lr: 0.000001, total_loss: 0.3395, cls_loss: 0.1952, reg_loss: 0.1442, 
2022-07-23 05:58:35 - train: epoch 0013, iter [00200, 14658], lr: 0.000001, total_loss: 0.3139, cls_loss: 0.1653, reg_loss: 0.1486, 
2022-07-23 05:59:26 - train: epoch 0013, iter [00300, 14658], lr: 0.000001, total_loss: 0.3796, cls_loss: 0.2335, reg_loss: 0.1461, 
2022-07-23 06:00:15 - train: epoch 0013, iter [00400, 14658], lr: 0.000001, total_loss: 0.4013, cls_loss: 0.2360, reg_loss: 0.1653, 
2022-07-23 06:01:04 - train: epoch 0013, iter [00500, 14658], lr: 0.000001, total_loss: 0.4123, cls_loss: 0.2291, reg_loss: 0.1831, 
2022-07-23 06:01:53 - train: epoch 0013, iter [00600, 14658], lr: 0.000001, total_loss: 0.4339, cls_loss: 0.2369, reg_loss: 0.1970, 
2022-07-23 06:02:37 - train: epoch 0013, iter [00700, 14658], lr: 0.000001, total_loss: 0.3912, cls_loss: 0.2231, reg_loss: 0.1681, 
2022-07-23 06:03:26 - train: epoch 0013, iter [00800, 14658], lr: 0.000001, total_loss: 0.3394, cls_loss: 0.1827, reg_loss: 0.1567, 
2022-07-23 06:04:13 - train: epoch 0013, iter [00900, 14658], lr: 0.000001, total_loss: 0.3772, cls_loss: 0.2012, reg_loss: 0.1760, 
2022-07-23 06:05:00 - train: epoch 0013, iter [01000, 14658], lr: 0.000001, total_loss: 0.4235, cls_loss: 0.2448, reg_loss: 0.1787, 
2022-07-23 06:05:50 - train: epoch 0013, iter [01100, 14658], lr: 0.000001, total_loss: 0.3493, cls_loss: 0.2315, reg_loss: 0.1178, 
2022-07-23 06:06:34 - train: epoch 0013, iter [01200, 14658], lr: 0.000001, total_loss: 0.3269, cls_loss: 0.1667, reg_loss: 0.1601, 
2022-07-23 06:07:22 - train: epoch 0013, iter [01300, 14658], lr: 0.000001, total_loss: 0.2597, cls_loss: 0.1364, reg_loss: 0.1233, 
2022-07-23 06:08:09 - train: epoch 0013, iter [01400, 14658], lr: 0.000001, total_loss: 0.2992, cls_loss: 0.1607, reg_loss: 0.1384, 
2022-07-23 06:08:55 - train: epoch 0013, iter [01500, 14658], lr: 0.000001, total_loss: 0.3144, cls_loss: 0.1859, reg_loss: 0.1285, 
2022-07-23 06:09:41 - train: epoch 0013, iter [01600, 14658], lr: 0.000001, total_loss: 0.4082, cls_loss: 0.2205, reg_loss: 0.1877, 
2022-07-23 06:10:28 - train: epoch 0013, iter [01700, 14658], lr: 0.000001, total_loss: 0.3119, cls_loss: 0.1782, reg_loss: 0.1337, 
2022-07-23 06:11:16 - train: epoch 0013, iter [01800, 14658], lr: 0.000001, total_loss: 0.4089, cls_loss: 0.2131, reg_loss: 0.1957, 
2022-07-23 06:12:03 - train: epoch 0013, iter [01900, 14658], lr: 0.000001, total_loss: 0.2670, cls_loss: 0.1261, reg_loss: 0.1409, 
2022-07-23 06:12:49 - train: epoch 0013, iter [02000, 14658], lr: 0.000001, total_loss: 0.2788, cls_loss: 0.1346, reg_loss: 0.1442, 
2022-07-23 06:13:38 - train: epoch 0013, iter [02100, 14658], lr: 0.000001, total_loss: 0.3339, cls_loss: 0.1764, reg_loss: 0.1575, 
2022-07-23 06:14:22 - train: epoch 0013, iter [02200, 14658], lr: 0.000001, total_loss: 0.3964, cls_loss: 0.2300, reg_loss: 0.1664, 
2022-07-23 06:15:11 - train: epoch 0013, iter [02300, 14658], lr: 0.000001, total_loss: 0.2678, cls_loss: 0.1377, reg_loss: 0.1301, 
2022-07-23 06:15:56 - train: epoch 0013, iter [02400, 14658], lr: 0.000001, total_loss: 0.3247, cls_loss: 0.1848, reg_loss: 0.1399, 
2022-07-23 06:16:44 - train: epoch 0013, iter [02500, 14658], lr: 0.000001, total_loss: 0.3686, cls_loss: 0.2072, reg_loss: 0.1614, 
2022-07-23 06:17:32 - train: epoch 0013, iter [02600, 14658], lr: 0.000001, total_loss: 0.3311, cls_loss: 0.1696, reg_loss: 0.1616, 
2022-07-23 06:18:19 - train: epoch 0013, iter [02700, 14658], lr: 0.000001, total_loss: 0.4045, cls_loss: 0.2182, reg_loss: 0.1862, 
2022-07-23 06:19:08 - train: epoch 0013, iter [02800, 14658], lr: 0.000001, total_loss: 0.3084, cls_loss: 0.1672, reg_loss: 0.1412, 
2022-07-23 06:19:55 - train: epoch 0013, iter [02900, 14658], lr: 0.000001, total_loss: 0.3689, cls_loss: 0.1860, reg_loss: 0.1829, 
2022-07-23 06:20:41 - train: epoch 0013, iter [03000, 14658], lr: 0.000001, total_loss: 0.3095, cls_loss: 0.1684, reg_loss: 0.1411, 
2022-07-23 06:21:31 - train: epoch 0013, iter [03100, 14658], lr: 0.000001, total_loss: 0.2351, cls_loss: 0.1142, reg_loss: 0.1209, 
2022-07-23 06:22:15 - train: epoch 0013, iter [03200, 14658], lr: 0.000001, total_loss: 0.3831, cls_loss: 0.1842, reg_loss: 0.1989, 
2022-07-23 06:23:03 - train: epoch 0013, iter [03300, 14658], lr: 0.000001, total_loss: 0.1914, cls_loss: 0.0987, reg_loss: 0.0926, 
2022-07-23 06:23:50 - train: epoch 0013, iter [03400, 14658], lr: 0.000001, total_loss: 0.3777, cls_loss: 0.2087, reg_loss: 0.1690, 
2022-07-23 06:24:38 - train: epoch 0013, iter [03500, 14658], lr: 0.000001, total_loss: 0.3387, cls_loss: 0.1842, reg_loss: 0.1545, 
2022-07-23 06:25:27 - train: epoch 0013, iter [03600, 14658], lr: 0.000001, total_loss: 0.3602, cls_loss: 0.2051, reg_loss: 0.1551, 
2022-07-23 06:26:10 - train: epoch 0013, iter [03700, 14658], lr: 0.000001, total_loss: 0.3531, cls_loss: 0.2071, reg_loss: 0.1460, 
2022-07-23 06:26:59 - train: epoch 0013, iter [03800, 14658], lr: 0.000001, total_loss: 0.2148, cls_loss: 0.0961, reg_loss: 0.1188, 
2022-07-23 06:27:45 - train: epoch 0013, iter [03900, 14658], lr: 0.000001, total_loss: 0.4743, cls_loss: 0.2780, reg_loss: 0.1963, 
2022-07-23 06:28:31 - train: epoch 0013, iter [04000, 14658], lr: 0.000001, total_loss: 0.3745, cls_loss: 0.2053, reg_loss: 0.1693, 
2022-07-23 06:29:20 - train: epoch 0013, iter [04100, 14658], lr: 0.000001, total_loss: 0.4469, cls_loss: 0.2480, reg_loss: 0.1989, 
2022-07-23 06:30:05 - train: epoch 0013, iter [04200, 14658], lr: 0.000001, total_loss: 0.2949, cls_loss: 0.1638, reg_loss: 0.1311, 
2022-07-23 06:30:54 - train: epoch 0013, iter [04300, 14658], lr: 0.000001, total_loss: 0.3931, cls_loss: 0.2381, reg_loss: 0.1550, 
2022-07-23 06:31:39 - train: epoch 0013, iter [04400, 14658], lr: 0.000001, total_loss: 0.4114, cls_loss: 0.2278, reg_loss: 0.1836, 
2022-07-23 06:32:28 - train: epoch 0013, iter [04500, 14658], lr: 0.000001, total_loss: 0.3185, cls_loss: 0.1830, reg_loss: 0.1355, 
2022-07-23 06:33:16 - train: epoch 0013, iter [04600, 14658], lr: 0.000001, total_loss: 0.3387, cls_loss: 0.1944, reg_loss: 0.1443, 
2022-07-23 06:34:00 - train: epoch 0013, iter [04700, 14658], lr: 0.000001, total_loss: 0.3776, cls_loss: 0.2076, reg_loss: 0.1700, 
2022-07-23 06:34:49 - train: epoch 0013, iter [04800, 14658], lr: 0.000001, total_loss: 0.3294, cls_loss: 0.1988, reg_loss: 0.1306, 
2022-07-23 06:35:37 - train: epoch 0013, iter [04900, 14658], lr: 0.000001, total_loss: 0.3859, cls_loss: 0.2269, reg_loss: 0.1590, 
2022-07-23 06:36:23 - train: epoch 0013, iter [05000, 14658], lr: 0.000001, total_loss: 0.3573, cls_loss: 0.2362, reg_loss: 0.1211, 
2022-07-23 06:37:12 - train: epoch 0013, iter [05100, 14658], lr: 0.000001, total_loss: 0.3089, cls_loss: 0.1829, reg_loss: 0.1260, 
2022-07-23 06:38:00 - train: epoch 0013, iter [05200, 14658], lr: 0.000001, total_loss: 0.3639, cls_loss: 0.2172, reg_loss: 0.1467, 
2022-07-23 06:38:47 - train: epoch 0013, iter [05300, 14658], lr: 0.000001, total_loss: 0.2575, cls_loss: 0.1391, reg_loss: 0.1184, 
2022-07-23 06:39:34 - train: epoch 0013, iter [05400, 14658], lr: 0.000001, total_loss: 0.2931, cls_loss: 0.1489, reg_loss: 0.1442, 
2022-07-23 06:40:21 - train: epoch 0013, iter [05500, 14658], lr: 0.000001, total_loss: 0.2522, cls_loss: 0.1152, reg_loss: 0.1370, 
2022-07-23 06:41:10 - train: epoch 0013, iter [05600, 14658], lr: 0.000001, total_loss: 0.3127, cls_loss: 0.1597, reg_loss: 0.1530, 
2022-07-23 06:41:57 - train: epoch 0013, iter [05700, 14658], lr: 0.000001, total_loss: 0.3690, cls_loss: 0.2057, reg_loss: 0.1634, 
2022-07-23 06:42:44 - train: epoch 0013, iter [05800, 14658], lr: 0.000001, total_loss: 0.4306, cls_loss: 0.2459, reg_loss: 0.1847, 
2022-07-23 06:43:31 - train: epoch 0013, iter [05900, 14658], lr: 0.000001, total_loss: 0.3358, cls_loss: 0.1837, reg_loss: 0.1521, 
2022-07-23 06:44:18 - train: epoch 0013, iter [06000, 14658], lr: 0.000001, total_loss: 0.3263, cls_loss: 0.1674, reg_loss: 0.1589, 
2022-07-23 06:45:07 - train: epoch 0013, iter [06100, 14658], lr: 0.000001, total_loss: 0.2403, cls_loss: 0.1087, reg_loss: 0.1316, 
2022-07-23 06:45:54 - train: epoch 0013, iter [06200, 14658], lr: 0.000001, total_loss: 0.2713, cls_loss: 0.1291, reg_loss: 0.1422, 
2022-07-23 06:46:40 - train: epoch 0013, iter [06300, 14658], lr: 0.000001, total_loss: 0.3296, cls_loss: 0.1974, reg_loss: 0.1322, 
2022-07-23 06:47:27 - train: epoch 0013, iter [06400, 14658], lr: 0.000001, total_loss: 0.3919, cls_loss: 0.2228, reg_loss: 0.1691, 
2022-07-23 06:48:13 - train: epoch 0013, iter [06500, 14658], lr: 0.000001, total_loss: 0.4021, cls_loss: 0.2308, reg_loss: 0.1713, 
2022-07-23 06:49:00 - train: epoch 0013, iter [06600, 14658], lr: 0.000001, total_loss: 0.4543, cls_loss: 0.2783, reg_loss: 0.1761, 
2022-07-23 06:49:49 - train: epoch 0013, iter [06700, 14658], lr: 0.000001, total_loss: 0.4427, cls_loss: 0.2586, reg_loss: 0.1841, 
2022-07-23 06:50:35 - train: epoch 0013, iter [06800, 14658], lr: 0.000001, total_loss: 0.2982, cls_loss: 0.1676, reg_loss: 0.1306, 
2022-07-23 06:51:22 - train: epoch 0013, iter [06900, 14658], lr: 0.000001, total_loss: 0.3943, cls_loss: 0.2365, reg_loss: 0.1578, 
2022-07-23 06:52:09 - train: epoch 0013, iter [07000, 14658], lr: 0.000001, total_loss: 0.4015, cls_loss: 0.2241, reg_loss: 0.1774, 
2022-07-23 06:52:55 - train: epoch 0013, iter [07100, 14658], lr: 0.000001, total_loss: 0.2733, cls_loss: 0.1502, reg_loss: 0.1230, 
2022-07-23 06:53:44 - train: epoch 0013, iter [07200, 14658], lr: 0.000001, total_loss: 0.3236, cls_loss: 0.1569, reg_loss: 0.1667, 
2022-07-23 06:54:31 - train: epoch 0013, iter [07300, 14658], lr: 0.000001, total_loss: 0.4146, cls_loss: 0.2227, reg_loss: 0.1919, 
2022-07-23 06:55:19 - train: epoch 0013, iter [07400, 14658], lr: 0.000001, total_loss: 0.2649, cls_loss: 0.1369, reg_loss: 0.1280, 
2022-07-23 06:56:05 - train: epoch 0013, iter [07500, 14658], lr: 0.000001, total_loss: 0.2679, cls_loss: 0.1270, reg_loss: 0.1409, 
2022-07-23 06:56:53 - train: epoch 0013, iter [07600, 14658], lr: 0.000001, total_loss: 0.4359, cls_loss: 0.2472, reg_loss: 0.1887, 
2022-07-23 06:57:42 - train: epoch 0013, iter [07700, 14658], lr: 0.000001, total_loss: 0.2548, cls_loss: 0.1165, reg_loss: 0.1382, 
2022-07-23 06:58:29 - train: epoch 0013, iter [07800, 14658], lr: 0.000001, total_loss: 0.3851, cls_loss: 0.2152, reg_loss: 0.1699, 
2022-07-23 06:59:16 - train: epoch 0013, iter [07900, 14658], lr: 0.000001, total_loss: 0.3845, cls_loss: 0.2046, reg_loss: 0.1798, 
2022-07-23 07:00:05 - train: epoch 0013, iter [08000, 14658], lr: 0.000001, total_loss: 0.3476, cls_loss: 0.1876, reg_loss: 0.1600, 
2022-07-23 07:00:52 - train: epoch 0013, iter [08100, 14658], lr: 0.000001, total_loss: 0.2894, cls_loss: 0.1289, reg_loss: 0.1605, 
2022-07-23 07:01:38 - train: epoch 0013, iter [08200, 14658], lr: 0.000001, total_loss: 0.3771, cls_loss: 0.1911, reg_loss: 0.1860, 
2022-07-23 07:02:25 - train: epoch 0013, iter [08300, 14658], lr: 0.000001, total_loss: 0.3380, cls_loss: 0.1940, reg_loss: 0.1440, 
2022-07-23 07:03:12 - train: epoch 0013, iter [08400, 14658], lr: 0.000001, total_loss: 0.3577, cls_loss: 0.1920, reg_loss: 0.1657, 
2022-07-23 07:04:00 - train: epoch 0013, iter [08500, 14658], lr: 0.000001, total_loss: 0.3364, cls_loss: 0.1696, reg_loss: 0.1668, 
2022-07-23 07:04:45 - train: epoch 0013, iter [08600, 14658], lr: 0.000001, total_loss: 0.4609, cls_loss: 0.2460, reg_loss: 0.2149, 
2022-07-23 07:05:34 - train: epoch 0013, iter [08700, 14658], lr: 0.000001, total_loss: 0.3019, cls_loss: 0.1628, reg_loss: 0.1391, 
2022-07-23 07:06:23 - train: epoch 0013, iter [08800, 14658], lr: 0.000001, total_loss: 0.2782, cls_loss: 0.1509, reg_loss: 0.1274, 
2022-07-23 07:07:08 - train: epoch 0013, iter [08900, 14658], lr: 0.000001, total_loss: 0.3745, cls_loss: 0.2232, reg_loss: 0.1512, 
2022-07-23 07:07:56 - train: epoch 0013, iter [09000, 14658], lr: 0.000001, total_loss: 0.4099, cls_loss: 0.2407, reg_loss: 0.1693, 
2022-07-23 07:08:42 - train: epoch 0013, iter [09100, 14658], lr: 0.000001, total_loss: 0.6283, cls_loss: 0.4085, reg_loss: 0.2198, 
2022-07-23 07:09:29 - train: epoch 0013, iter [09200, 14658], lr: 0.000001, total_loss: 0.3990, cls_loss: 0.2047, reg_loss: 0.1944, 
2022-07-23 07:10:19 - train: epoch 0013, iter [09300, 14658], lr: 0.000001, total_loss: 0.4942, cls_loss: 0.3115, reg_loss: 0.1827, 
2022-07-23 07:11:03 - train: epoch 0013, iter [09400, 14658], lr: 0.000001, total_loss: 0.3270, cls_loss: 0.1941, reg_loss: 0.1329, 
2022-07-23 07:11:50 - train: epoch 0013, iter [09500, 14658], lr: 0.000001, total_loss: 0.3101, cls_loss: 0.1616, reg_loss: 0.1486, 
2022-07-23 07:12:34 - train: epoch 0013, iter [09600, 14658], lr: 0.000001, total_loss: 0.2601, cls_loss: 0.1233, reg_loss: 0.1367, 
2022-07-23 07:13:19 - train: epoch 0013, iter [09700, 14658], lr: 0.000001, total_loss: 0.5262, cls_loss: 0.3372, reg_loss: 0.1890, 
2022-07-23 07:14:08 - train: epoch 0013, iter [09800, 14658], lr: 0.000001, total_loss: 0.2840, cls_loss: 0.1542, reg_loss: 0.1298, 
2022-07-23 07:14:53 - train: epoch 0013, iter [09900, 14658], lr: 0.000001, total_loss: 0.3179, cls_loss: 0.1763, reg_loss: 0.1416, 
2022-07-23 07:15:42 - train: epoch 0013, iter [10000, 14658], lr: 0.000001, total_loss: 0.3776, cls_loss: 0.2122, reg_loss: 0.1654, 
2022-07-23 07:16:29 - train: epoch 0013, iter [10100, 14658], lr: 0.000001, total_loss: 0.4164, cls_loss: 0.2316, reg_loss: 0.1848, 
2022-07-23 07:17:17 - train: epoch 0013, iter [10200, 14658], lr: 0.000001, total_loss: 0.2423, cls_loss: 0.1146, reg_loss: 0.1276, 
2022-07-23 07:18:06 - train: epoch 0013, iter [10300, 14658], lr: 0.000001, total_loss: 0.4248, cls_loss: 0.2523, reg_loss: 0.1726, 
2022-07-23 07:18:53 - train: epoch 0013, iter [10400, 14658], lr: 0.000001, total_loss: 0.3052, cls_loss: 0.1615, reg_loss: 0.1437, 
2022-07-23 07:19:40 - train: epoch 0013, iter [10500, 14658], lr: 0.000001, total_loss: 0.3454, cls_loss: 0.1824, reg_loss: 0.1631, 
2022-07-23 07:20:28 - train: epoch 0013, iter [10600, 14658], lr: 0.000001, total_loss: 0.2259, cls_loss: 0.1081, reg_loss: 0.1178, 
2022-07-23 07:21:14 - train: epoch 0013, iter [10700, 14658], lr: 0.000001, total_loss: 0.3516, cls_loss: 0.1995, reg_loss: 0.1521, 
2022-07-23 07:22:02 - train: epoch 0013, iter [10800, 14658], lr: 0.000001, total_loss: 0.4313, cls_loss: 0.2429, reg_loss: 0.1883, 
2022-07-23 07:22:49 - train: epoch 0013, iter [10900, 14658], lr: 0.000001, total_loss: 0.3864, cls_loss: 0.2100, reg_loss: 0.1764, 
2022-07-23 07:23:36 - train: epoch 0013, iter [11000, 14658], lr: 0.000001, total_loss: 0.3708, cls_loss: 0.2090, reg_loss: 0.1618, 
2022-07-23 07:24:26 - train: epoch 0013, iter [11100, 14658], lr: 0.000001, total_loss: 0.3246, cls_loss: 0.1863, reg_loss: 0.1383, 
2022-07-23 07:25:12 - train: epoch 0013, iter [11200, 14658], lr: 0.000001, total_loss: 0.3339, cls_loss: 0.1711, reg_loss: 0.1628, 
2022-07-23 07:25:59 - train: epoch 0013, iter [11300, 14658], lr: 0.000001, total_loss: 0.4220, cls_loss: 0.2585, reg_loss: 0.1634, 
2022-07-23 07:26:45 - train: epoch 0013, iter [11400, 14658], lr: 0.000001, total_loss: 0.4599, cls_loss: 0.2895, reg_loss: 0.1704, 
2022-07-23 07:27:36 - train: epoch 0013, iter [11500, 14658], lr: 0.000001, total_loss: 0.4062, cls_loss: 0.2244, reg_loss: 0.1819, 
2022-07-23 07:28:24 - train: epoch 0013, iter [11600, 14658], lr: 0.000001, total_loss: 0.2803, cls_loss: 0.1623, reg_loss: 0.1181, 
2022-07-23 07:29:10 - train: epoch 0013, iter [11700, 14658], lr: 0.000001, total_loss: 0.2982, cls_loss: 0.1605, reg_loss: 0.1376, 
2022-07-23 07:29:56 - train: epoch 0013, iter [11800, 14658], lr: 0.000001, total_loss: 0.3439, cls_loss: 0.1818, reg_loss: 0.1621, 
2022-07-23 07:30:42 - train: epoch 0013, iter [11900, 14658], lr: 0.000001, total_loss: 0.1615, cls_loss: 0.0480, reg_loss: 0.1135, 
2022-07-23 07:31:31 - train: epoch 0013, iter [12000, 14658], lr: 0.000001, total_loss: 0.4406, cls_loss: 0.2483, reg_loss: 0.1923, 
2022-07-23 07:32:18 - train: epoch 0013, iter [12100, 14658], lr: 0.000001, total_loss: 0.3399, cls_loss: 0.1723, reg_loss: 0.1676, 
2022-07-23 07:33:04 - train: epoch 0013, iter [12200, 14658], lr: 0.000001, total_loss: 0.4542, cls_loss: 0.2588, reg_loss: 0.1954, 
2022-07-23 07:33:51 - train: epoch 0013, iter [12300, 14658], lr: 0.000001, total_loss: 0.4447, cls_loss: 0.2410, reg_loss: 0.2037, 
2022-07-23 07:34:38 - train: epoch 0013, iter [12400, 14658], lr: 0.000001, total_loss: 0.3651, cls_loss: 0.2058, reg_loss: 0.1593, 
2022-07-23 07:35:27 - train: epoch 0013, iter [12500, 14658], lr: 0.000001, total_loss: 0.3277, cls_loss: 0.1926, reg_loss: 0.1351, 
2022-07-23 07:36:12 - train: epoch 0013, iter [12600, 14658], lr: 0.000001, total_loss: 0.3498, cls_loss: 0.2215, reg_loss: 0.1282, 
2022-07-23 07:37:01 - train: epoch 0013, iter [12700, 14658], lr: 0.000001, total_loss: 0.3512, cls_loss: 0.2017, reg_loss: 0.1495, 
2022-07-23 07:37:48 - train: epoch 0013, iter [12800, 14658], lr: 0.000001, total_loss: 0.4415, cls_loss: 0.2656, reg_loss: 0.1759, 
2022-07-23 07:38:34 - train: epoch 0013, iter [12900, 14658], lr: 0.000001, total_loss: 0.3856, cls_loss: 0.1982, reg_loss: 0.1874, 
2022-07-23 07:39:23 - train: epoch 0013, iter [13000, 14658], lr: 0.000001, total_loss: 0.3945, cls_loss: 0.2208, reg_loss: 0.1737, 
2022-07-23 07:40:11 - train: epoch 0013, iter [13100, 14658], lr: 0.000001, total_loss: 0.3539, cls_loss: 0.2015, reg_loss: 0.1524, 
2022-07-23 07:40:57 - train: epoch 0013, iter [13200, 14658], lr: 0.000001, total_loss: 0.3289, cls_loss: 0.1826, reg_loss: 0.1463, 
2022-07-23 07:41:46 - train: epoch 0013, iter [13300, 14658], lr: 0.000001, total_loss: 0.2754, cls_loss: 0.1472, reg_loss: 0.1282, 
2022-07-23 07:42:31 - train: epoch 0013, iter [13400, 14658], lr: 0.000001, total_loss: 0.3314, cls_loss: 0.1719, reg_loss: 0.1595, 
2022-07-23 07:43:20 - train: epoch 0013, iter [13500, 14658], lr: 0.000001, total_loss: 0.1801, cls_loss: 0.0830, reg_loss: 0.0972, 
2022-07-23 07:44:06 - train: epoch 0013, iter [13600, 14658], lr: 0.000001, total_loss: 0.4272, cls_loss: 0.2232, reg_loss: 0.2039, 
2022-07-23 07:44:51 - train: epoch 0013, iter [13700, 14658], lr: 0.000001, total_loss: 0.3011, cls_loss: 0.1570, reg_loss: 0.1441, 
2022-07-23 07:45:40 - train: epoch 0013, iter [13800, 14658], lr: 0.000001, total_loss: 0.4237, cls_loss: 0.2329, reg_loss: 0.1909, 
2022-07-23 07:46:25 - train: epoch 0013, iter [13900, 14658], lr: 0.000001, total_loss: 0.3779, cls_loss: 0.2078, reg_loss: 0.1702, 
2022-07-23 07:47:14 - train: epoch 0013, iter [14000, 14658], lr: 0.000001, total_loss: 0.2000, cls_loss: 0.0885, reg_loss: 0.1115, 
2022-07-23 07:48:00 - train: epoch 0013, iter [14100, 14658], lr: 0.000001, total_loss: 0.2663, cls_loss: 0.1180, reg_loss: 0.1484, 
2022-07-23 07:48:47 - train: epoch 0013, iter [14200, 14658], lr: 0.000001, total_loss: 0.3572, cls_loss: 0.1984, reg_loss: 0.1588, 
2022-07-23 07:49:35 - train: epoch 0013, iter [14300, 14658], lr: 0.000001, total_loss: 0.2905, cls_loss: 0.1395, reg_loss: 0.1510, 
2022-07-23 07:50:20 - train: epoch 0013, iter [14400, 14658], lr: 0.000001, total_loss: 0.3311, cls_loss: 0.1594, reg_loss: 0.1717, 
2022-07-23 07:51:09 - train: epoch 0013, iter [14500, 14658], lr: 0.000001, total_loss: 0.3776, cls_loss: 0.2108, reg_loss: 0.1669, 
2022-07-23 07:51:57 - train: epoch 0013, iter [14600, 14658], lr: 0.000001, total_loss: 0.3656, cls_loss: 0.1925, reg_loss: 0.1731, 
2022-07-23 07:52:24 - train: epoch 013, train_loss: 0.3578
2022-07-23 08:06:41 - eval: epoch: 013
test_loss: 0.0000
per_image_load_time: 5.656ms
per_image_inference_time: 159.805ms
IoU=0.50:0.95,area=all,maxDets=100,mAP: 36.413062233007885
IoU=0.50,area=all,maxDets=100,mAP: 53.76705567427471
IoU=0.75,area=all,maxDets=100,mAP: 39.0506503928514
IoU=0.50:0.95,area=small,maxDets=100,mAP: 20.013844531917307
IoU=0.50:0.95,area=medium,maxDets=100,mAP: 41.003404155299336
IoU=0.50:0.95,area=large,maxDets=100,mAP: 47.59932817232077
IoU=0.50:0.95,area=all,maxDets=1,mAR: 29.907834855326755
IoU=0.50:0.95,area=all,maxDets=10,mAR: 45.672991710715316
IoU=0.50:0.95,area=all,maxDets=100,mAR: 47.35218812144128
IoU=0.50:0.95,area=small,maxDets=100,mAR: 25.96297245191549
IoU=0.50:0.95,area=medium,maxDets=100,mAR: 52.34088183164869
IoU=0.50:0.95,area=large,maxDets=100,mAR: 61.3492724264625

2022-07-23 08:06:42 - until epoch: 013, best_metric: 36.413%
2022-07-23 08:06:42 - train done. model: resnet101_retinanet, train time: 26.809 hours, best_metric: 36.413%
